2019-06-04 13:37:58 INFO Infer_LearnLib |SUL name: wipeSystem_basic.txt
2019-06-04 13:37:58 INFO Infer_LearnLib |SUL dir: /var/autofs/home/home/cdnd1/git/DynamicLstarM/mealyInference/./experiments_swipeMachine/wipeSystem_basic.txt
2019-06-04 13:37:58 INFO Infer_LearnLib |Output dir: ./experiments_swipeMachine
2019-06-04 13:37:58 INFO Infer_LearnLib |Seed: 1
2019-06-04 13:37:58 INFO Infer_LearnLib |Cache: Y
2019-06-04 13:37:58 INFO Infer_LearnLib |ClosingStrategy: CloseFirst
2019-06-04 13:37:58 INFO Infer_LearnLib |ObservationTableCEXHandler: RivestSchapire
2019-06-04 13:37:58 INFO Infer_LearnLib |EquivalenceOracle: WMethodQsizeEQOracle(2)
2019-06-04 13:37:58 INFO Infer_LearnLib |Method: L*M
2019-06-04 13:37:58 INFO Experiment |Starting round 1
2019-06-04 13:37:58 INFO Experiment |Learning
2019-06-04 13:37:58 INFO Experiment |net.automatalib.automata.transout.impl.compact.CompactMealy@6f53b8a
2019-06-04 13:37:58 INFO Experiment |Searching for counterexample
2019-06-04 13:37:58 INFO Experiment |switchIntv rain rain rain
2019-06-04 13:37:58 INFO Experiment |Starting round 2
2019-06-04 13:37:58 INFO Experiment |Learning
2019-06-04 13:37:59 INFO Experiment |net.automatalib.automata.transout.impl.compact.CompactMealy@6f53b8a
2019-06-04 13:37:59 INFO Experiment |Searching for counterexample
2019-06-04 13:37:59 INFO Infer_LearnLib |Rounds: 2
2019-06-04 13:37:59 INFO Infer_LearnLib |MQ [resets]: 18
2019-06-04 13:37:59 INFO Infer_LearnLib |MQ [symbols]: 55
2019-06-04 13:37:59 INFO Infer_LearnLib |EQ [resets]: 46
2019-06-04 13:37:59 INFO Infer_LearnLib |EQ [symbols]: 236
2019-06-04 13:37:59 INFO SimpleProfiler |Learning [ms]: 111
2019-06-04 13:37:59 INFO SimpleProfiler |Searching for counterexample [ms]: 20
2019-06-04 13:37:59 INFO Infer_LearnLib |Qsize: 3
2019-06-04 13:37:59 INFO Infer_LearnLib |Isize: 2
2019-06-04 13:37:59 INFO Infer_LearnLib |Equivalent: OK
2019-06-04 13:37:59 INFO Infer_LearnLib |Info: N/A
2019-06-04 13:37:59 INFO Infer_LearnLib |
+============================+======+============+===========+
|                            | rain | switchIntv | rain rain |
+============================+======+============+===========+
| ε                          | 0    | 1          | 0 0       |
+----------------------------+------+------------+-----------+
| switchIntv                 | 1    | 0          | 1 0       |
+----------------------------+------+------------+-----------+
| switchIntv rain            | 0    | 1          | 0 1       |
+============================+======+============+===========+
| rain                       | 0    | 1          | 0 0       |
+----------------------------+------+------------+-----------+
| switchIntv switchIntv      | 0    | 1          | 0 0       |
+----------------------------+------+------------+-----------+
| switchIntv rain rain       | 1    | 0          | 1 0       |
+----------------------------+------+------------+-----------+
| switchIntv rain switchIntv | 0    | 1          | 0 1       |
+============================+======+============+===========+

