+============================+======+============+===========+
|                            | rain | switchIntv | rain rain |
+============================+======+============+===========+
| ε                          | 0    | 1          | 0 0       |
+----------------------------+------+------------+-----------+
| switchIntv                 | 1    | 0          | 1 0       |
+----------------------------+------+------------+-----------+
| switchIntv rain            | 0    | 1          | 0 1       |
+============================+======+============+===========+
| rain                       | 0    | 1          | 0 0       |
+----------------------------+------+------------+-----------+
| switchIntv switchIntv      | 0    | 1          | 0 0       |
+----------------------------+------+------------+-----------+
| switchIntv rain rain       | 1    | 0          | 1 0       |
+----------------------------+------+------------+-----------+
| switchIntv rain switchIntv | 0    | 1          | 0 1       |
+============================+======+============+===========+
+============================+===========+
|                            | rain rain |
+============================+===========+
| ε                          | 0 0       |
+----------------------------+-----------+
| switchIntv rain            | 0 1       |
+----------------------------+-----------+
| switchIntv                 | 1 0       |
+============================+===========+
| rain                       | 0 0       |
+----------------------------+-----------+
| switchIntv rain rain       | 1 0       |
+----------------------------+-----------+
| switchIntv rain switchIntv | 0 1       |
+----------------------------+-----------+
| switchIntv switchIntv      | 0 0       |
+============================+===========+
MQ [resets]: 40
MQ [symbols]: 114
EQ [resets]: 0
EQ [symbols]: 0
Equivalent!!!
