2019-01-30 13:06:28 INFO Infer_LearnLib |SUL name: SUL_hbmqtt.dot.kiss
2019-01-30 13:06:28 INFO Infer_LearnLib |SUL dir: /home/damascdn/remote_euler/Benchmark/MQTT/hbmqtt/SUL_hbmqtt.dot.kiss
2019-01-30 13:06:28 INFO Infer_LearnLib |Output dir: /home/damascdn/remote_euler/MQTT/20190130_130529_090810008
2019-01-30 13:06:28 INFO Infer_LearnLib |Seed: 1548860788314
2019-01-30 13:06:28 INFO Infer_LearnLib |Cache: Y
2019-01-30 13:06:28 INFO Infer_LearnLib |ClosingStrategy: CloseFirst
2019-01-30 13:06:28 INFO Infer_LearnLib |ObservationTableCEXHandler: RivestSchapire
2019-01-30 13:06:28 INFO Infer_LearnLib |EquivalenceOracle: WpMethodHypEQOracle(2)
2019-01-30 13:06:28 INFO Infer_LearnLib |Method: DL*M_v0
2019-01-30 13:06:28 INFO Infer_LearnLib |Revalidate OT
2019-01-30 13:06:28 INFO Infer_LearnLib |Reading OT: SUL_emqtt.dot.ot
2019-01-30 13:06:28 INFO Infer_LearnLib |Revalidate OT
2019-01-30 13:06:28 INFO Infer_LearnLib |revalidateOT2: Begin
2019-01-30 13:06:28 INFO Infer_LearnLib |revalidate using GenericObservationTable: Begin
2019-01-30 13:06:28 INFO Infer_LearnLib |revalidate using GenericObservationTable: Stop learning
2019-01-30 13:06:28 INFO Infer_LearnLib |revalidateOT2: Started to search well-formed cover set
2019-01-30 13:06:28 INFO Infer_LearnLib |revalidateOT2: Ended to search well-formed cover set
2019-01-30 13:06:28 INFO Infer_LearnLib |revalidateOT2: Started to copy well-formed cover set
2019-01-30 13:06:28 INFO Infer_LearnLib |revalidateOT2: Ended to copy well-formed cover set
2019-01-30 13:06:28 INFO Infer_LearnLib |revalidateOT2: Started to search experiment cover set
2019-01-30 13:06:28 INFO Infer_LearnLib |revalidateOT2: Ended to search experiment cover set
2019-01-30 13:06:28 INFO Infer_LearnLib |revalidateOT2: Started to copy experiment cover set
2019-01-30 13:06:28 INFO Infer_LearnLib |revalidateOT2: Ended to copy experiment cover set
2019-01-30 13:06:28 INFO Infer_LearnLib |revalidateOT2: End
2019-01-30 13:06:28 INFO Infer_LearnLib |Reused prefixes: 3/18
2019-01-30 13:06:28 INFO Infer_LearnLib |Reused suffixes: 1/15
2019-01-30 13:06:28 INFO Infer_LearnLib |Reused queries [resets]: 1848
2019-01-30 13:06:28 INFO Infer_LearnLib |Reused queries [symbols]: 21174
2019-01-30 13:06:28 INFO Experiment |Starting round 1
2019-01-30 13:06:28 INFO Experiment |Learning
2019-01-30 13:06:28 INFO Experiment |net.automatalib.automata.transout.impl.compact.CompactMealy@43814d18
2019-01-30 13:06:28 INFO Experiment |Searching for counterexample
2019-01-30 13:06:28 INFO Experiment |ConnectC1WithWill ConnectC2 SubscribeC2 DeleteRetainedC1 ConnectC1WithWill
2019-01-30 13:06:28 INFO Experiment |Starting round 2
2019-01-30 13:06:28 INFO Experiment |Learning
2019-01-30 13:06:28 INFO Experiment |net.automatalib.automata.transout.impl.compact.CompactMealy@43814d18
2019-01-30 13:06:28 INFO Experiment |Searching for counterexample
2019-01-30 13:06:28 INFO Experiment |ConnectC1WithWill ConnectC2 SubscribeC2 DisconnectC1 ConnectC1WithWill DeleteRetainedC1
2019-01-30 13:06:28 INFO Experiment |Starting round 3
2019-01-30 13:06:28 INFO Experiment |Learning
2019-01-30 13:06:28 INFO Experiment |net.automatalib.automata.transout.impl.compact.CompactMealy@43814d18
2019-01-30 13:06:28 INFO Experiment |Searching for counterexample
2019-01-30 13:06:28 INFO Experiment |ConnectC2 ConnectC1WithWillRetain DisconnectTCPC1 SubscribeC2 ConnectC1WithWill
2019-01-30 13:06:28 INFO Experiment |Starting round 4
2019-01-30 13:06:28 INFO Experiment |Learning
2019-01-30 13:06:28 INFO Experiment |net.automatalib.automata.transout.impl.compact.CompactMealy@43814d18
2019-01-30 13:06:28 INFO Experiment |Searching for counterexample
2019-01-30 13:06:28 INFO Experiment |ConnectC1WithWillRetain ConnectC2 DisconnectTCPC1 SubscribeC2
2019-01-30 13:06:28 INFO Experiment |Starting round 5
2019-01-30 13:06:28 INFO Experiment |Learning
2019-01-30 13:06:28 INFO Experiment |net.automatalib.automata.transout.impl.compact.CompactMealy@43814d18
2019-01-30 13:06:28 INFO Experiment |Searching for counterexample
2019-01-30 13:06:28 INFO Experiment |ConnectC1WithWillRetain ConnectC2 DisconnectTCPC1 SubscribeC2 ConnectC1WithWill DeleteRetainedC1 ConnectC2 DisconnectTCPC1 SubscribeC2
2019-01-30 13:06:28 INFO Experiment |Starting round 6
2019-01-30 13:06:28 INFO Experiment |Learning
2019-01-30 13:06:28 INFO Experiment |net.automatalib.automata.transout.impl.compact.CompactMealy@43814d18
2019-01-30 13:06:28 INFO Experiment |Searching for counterexample
2019-01-30 13:06:28 INFO Experiment |ConnectC1WithWillRetain DisconnectTCPC1 ConnectC1WithWillRetain ConnectC2 SubscribeC2
2019-01-30 13:06:28 INFO Experiment |Starting round 7
2019-01-30 13:06:28 INFO Experiment |Learning
2019-01-30 13:06:28 INFO Experiment |net.automatalib.automata.transout.impl.compact.CompactMealy@43814d18
2019-01-30 13:06:28 INFO Experiment |Searching for counterexample
2019-01-30 13:06:28 INFO Infer_LearnLib |Rounds: 7
2019-01-30 13:06:28 INFO Infer_LearnLib |MQ [resets]: 2788
2019-01-30 13:06:28 INFO Infer_LearnLib |MQ [symbols]: 26993
2019-01-30 13:06:28 INFO Infer_LearnLib |EQ [resets]: 8345
2019-01-30 13:06:28 INFO Infer_LearnLib |EQ [symbols]: 46868
2019-01-30 13:06:28 INFO SimpleProfiler |Learning [ms]: 48
2019-01-30 13:06:28 INFO SimpleProfiler |Searching for counterexample [ms]: 89
2019-01-30 13:06:28 INFO Infer_LearnLib |Qsize: 17
2019-01-30 13:06:28 INFO Infer_LearnLib |Isize: 9
2019-01-30 13:06:28 INFO Infer_LearnLib |Equivalent: OK
2019-01-30 13:06:28 INFO Infer_LearnLib |Info: N/A
