Reval_OT:
+=======+===+===+=======+
|       | a | b | a b b |
+=======+===+===+=======+
| ε     | 1 | 0 | 1 1 1 |
+-------+---+---+-------+
| a     | 1 | 1 | 1 1 0 |
+-------+---+---+-------+
| a a   | 0 | 1 | 0 1 0 |
+-------+---+---+-------+
| a b   | 0 | 1 | 0 1 1 |
+=======+===+===+=======+
| b     | 1 | 0 | 1 1 1 |
+-------+---+---+-------+
| a a b | 1 | 0 | 1 1 1 |
+-------+---+---+-------+
| a a a | 0 | 1 | 0 1 0 |
+-------+---+---+-------+
| a b a | 0 | 1 | 0 1 1 |
+-------+---+---+-------+
| a b b | 1 | 1 | 1 1 0 |
+=======+===+===+=======+

MQ [resets]: 35
MQ [symbols]: 117
EQ [resets]: 0
EQ [symbols]: 0
+=======+=======+
|       | a b b |
+=======+=======+
| ε     | 1 1 1 |
+-------+-------+
| a a   | 0 1 0 |
+-------+-------+
| a b   | 0 1 1 |
+-------+-------+
| a     | 1 1 0 |
+=======+=======+
| b     | 1 1 1 |
+-------+-------+
| a a a | 0 1 0 |
+-------+-------+
| a a b | 1 1 1 |
+-------+-------+
| a b a | 0 1 1 |
+-------+-------+
| a b b | 1 1 0 |
+=======+=======+
MQ [resets]: 52
MQ [symbols]: 180
EQ [resets]: 0
EQ [symbols]: 0
Equivalent!!!
