MQ [resets]: 0
MQ [symbols]: 0
EQ [resets]: 0
EQ [symbols]: 0
+===+===+===+
|   | a | b |
+===+===+===+
| ε | 1 | 0 |
+===+===+===+
| a | 1 | 0 |
+---+---+---+
| b | 1 | 0 |
+===+===+===+
MQ [resets]: 8
MQ [symbols]: 12
EQ [resets]: 0
EQ [symbols]: 0
Query[ε|a b a b a a b b / 1 0 1 1 1 1 1 0]
+=======+===+===+=======+
|       | a | b | a b b |
+=======+===+===+=======+
| ε     | 1 | 0 | 1 0 0 |
+-------+---+---+-------+
| a     | 1 | 0 | 1 1 0 |
+-------+---+---+-------+
| a a   | 0 | 1 | 0 1 0 |
+=======+===+===+=======+
| b     | 1 | 0 | 1 0 0 |
+-------+---+---+-------+
| a b   | 1 | 0 | 1 1 0 |
+-------+---+---+-------+
| a a a | 0 | 1 | 0 1 0 |
+-------+---+---+-------+
| a a b | 1 | 0 | 1 0 0 |
+=======+===+===+=======+
MQ [resets]: 32
MQ [symbols]: 100
EQ [resets]: 1
EQ [symbols]: 8
Equivalent!!!


+6 MQs due to add ε to S and complete OT
+2 MQs to check the last symbols
TOTAL: 8 MQs
+1 EQ[a b a b a a b b / 1 0 1 1 1 1 1 0]
+5 MQs for processing CE 
	ε| a b a b a a b b
	ε| ε
	ε| aabb
	ε| bb
	ε| abb
+3 due to add 'abb' to E and complete OT
TOTAL: 16 MQs
+6 MQs due to mv 'a' to S\cdot I and complete OT
+6 MQs due to mv 'aa' to S\cdot I and complete OT
TOTAL: 28 MQs
+4 MQs to check the last symbols
TOTAL: 32 MQs
TOTAL: 1  EQs