Reval_OT:
+=======+=======+
|       | a b b |
+=======+=======+
| ε     | 1 1 1 |
+-------+-------+
| a     | 1 1 0 |
+-------+-------+
| a a   | 0 1 0 |
+-------+-------+
| a b   | 0 1 1 |
+=======+=======+
| b     | 1 1 1 |
+-------+-------+
| a a b | 1 1 1 |
+-------+-------+
| a a a | 0 1 0 |
+-------+-------+
| a b a | 0 1 1 |
+-------+-------+
| a b b | 1 1 0 |
+=======+=======+

MQ [resets]: 17
MQ [symbols]: 63
EQ [resets]: 0
EQ [symbols]: 0
+=======+=======+
|       | a b b |
+=======+=======+
| ε     | 1 1 1 |
+-------+-------+
| a a   | 0 1 0 |
+-------+-------+
| a b   | 0 1 1 |
+-------+-------+
| a     | 1 1 0 |
+=======+=======+
| b     | 1 1 1 |
+-------+-------+
| a a a | 0 1 0 |
+-------+-------+
| a a b | 1 1 1 |
+-------+-------+
| a b a | 0 1 1 |
+-------+-------+
| a b b | 1 1 0 |
+=======+=======+
MQ [resets]: 34
MQ [symbols]: 126
EQ [resets]: 0
EQ [symbols]: 0
Equivalent!!!

Without filtering --> 34 MQs
	Revalidation: 9 MQs
	Update hypothesis (L): 8 MQs
	Starting L*M: 9 MQs
	Update hypothesis (L): 8 MQs










With filtering --> 9 MQs
	Revalidation: 9 MQs
	Update hypothesis (L): 0 MQs
	Starting L*M: 0 MQs
	Update hypothesis (L): 0 MQs







