MQ [resets]: 0
MQ [symbols]: 0
EQ [resets]: 0
EQ [symbols]: 0
+===+
|   |
+===+
| ε |
+===+
| a |
+---+
| b |
+===+
MQ [resets]: 2
MQ [symbols]: 2
EQ [resets]: 0
EQ [symbols]: 0
Query[ε|a b a b a a b b / 1 0 1 1 1 1 1 0]
+=======+=======+
|       | a b b |
+=======+=======+
| ε     | 1 0 0 |
+-------+-------+
| a     | 1 1 0 |
+-------+-------+
| a a   | 0 1 0 |
+=======+=======+
| b     | 1 0 0 |
+-------+-------+
| a b   | 1 1 0 |
+-------+-------+
| a a a | 0 1 0 |
+-------+-------+
| a a b | 1 0 0 |
+=======+=======+
MQ [resets]: 18
MQ [symbols]: 62
EQ [resets]: 1
EQ [symbols]: 8
Equivalent!!!

MQ [resets]: 0
MQ [symbols]: 0
EQ [resets]: 0
EQ [symbols]: 0
+===+
|   |
+===+
| ε |
+===+
| a |
+---+
| b |
+===+
MQ [resets]: 2
MQ [symbols]: 2
EQ [resets]: 0
EQ [symbols]: 0
Query[ε|a b a b a a b b / 1 0 1 1 1 1 1 0]
+=======+=======+
|       | a b b |
+=======+=======+
| ε     | 1 0 0 |
+-------+-------+
| a     | 1 1 0 |
+-------+-------+
| a a   | 0 1 0 |
+=======+=======+
| b     | 1 0 0 |
+-------+-------+
| a b   | 1 1 0 |
+-------+-------+
| a a a | 0 1 0 |
+-------+-------+
| a a b | 1 0 0 |
+=======+=======+
MQ [resets]: 18
MQ [symbols]: 62
EQ [resets]: 1
EQ [symbols]: 8
Equivalent!!!

Without filtering --> 18 MQs
	First iteration: 2 MQs
	Processing CE: 	4 MQs (5 MQs due to LearnLib bug)
		suff(0,CE): 0 MQ  (1 MQ due to LearnLib bug)
		suff(8,CE): 1 MQ  		
		suff(4,CE): 1 MQ 
		suff(2,CE): 1 MQ
		suff(3,CE): 1 MQ
	Add 'abb' suffix to OT: 3 MQs
	Complete OT: 4 MQs
		Move 'a'  to S: 2 MQs
		Move 'aa' to S: 2 MQs
	Update hypothesis (L): 4 MQs


With filtering --> 10 MQs
	First iteration: 2 MQs
	Processing CE: 	3 MQs 
		suff(0,CE): 0 MQ
		suff(8,CE): 0 MQ		
		suff(4,CE): 1 MQ 
		suff(2,CE): 1 MQ
		suff(3,CE): 1 MQ
	Add 'abb' suffix to OT: 1 MQs (due to 'b'.'abb')
	Complete OT: 4 MQs
		Move 'a'  to S: 2 MQs
		Move 'aa' to S: 2 MQs
	Update hypothesis (L): 0 MQs