MQ [resets]: 0
MQ [symbols]: 0
EQ [resets]: 0
EQ [symbols]: 0
+===+===+===+===+
|   | a | b | c |
+===+===+===+===+
| ε | 1 | 0 | 0 |
+===+===+===+===+
| a | 1 | 0 | 0 |
+---+---+---+---+
| b | 1 | 0 | 0 |
+---+---+---+---+
| c | 1 | 0 | 0 |
+===+===+===+===+
MQ [resets]: 15
MQ [symbols]: 24
EQ [resets]: 0
EQ [symbols]: 0
Query[ε|a b a b a a b b / 1 0 1 1 1 1 1 0]
+=======+===+===+===+=======+
|       | a | b | c | a b b |
+=======+===+===+===+=======+
| ε     | 1 | 0 | 0 | 1 0 0 |
+-------+---+---+---+-------+
| a     | 1 | 0 | 0 | 1 1 0 |
+-------+---+---+---+-------+
| a a   | 0 | 1 | 0 | 0 1 0 |
+=======+===+===+===+=======+
| c     | 1 | 0 | 0 | 1 0 0 |
+-------+---+---+---+-------+
| b     | 1 | 0 | 0 | 1 0 0 |
+-------+---+---+---+-------+
| a c   | 1 | 0 | 0 | 1 1 0 |
+-------+---+---+---+-------+
| a b   | 1 | 0 | 0 | 1 1 0 |
+-------+---+---+---+-------+
| a a a | 0 | 1 | 0 | 0 1 0 |
+-------+---+---+---+-------+
| a a b | 1 | 0 | 0 | 1 0 0 |
+-------+---+---+---+-------+
| a a c | 0 | 1 | 0 | 0 1 0 |
+=======+===+===+===+=======+
MQ [resets]: 54
MQ [symbols]: 167
EQ [resets]: 1
EQ [symbols]: 8
Equivalent!!!
