MQ [resets]: 0
MQ [symbols]: 0
EQ [resets]: 0
EQ [symbols]: 0
+=======+===+===+
|       | a | b |
+=======+===+===+
| ε     | 1 | 0 |
+-------+---+---+
| a     | 1 | 1 |
+-------+---+---+
| a a   | 0 | 1 |
+=======+===+===+
| b     | 1 | 0 |
+-------+---+---+
| a b   | 0 | 1 |
+-------+---+---+
| a a a | 0 | 1 |
+-------+---+---+
| a a b | 1 | 0 |
+=======+===+===+
MQ [resets]: 20
MQ [symbols]: 50
EQ [resets]: 0
EQ [symbols]: 0
Query[ε|a b a b a a b b / 1 1 0 1 1 0 1 0]
+=======+===+===+=============+
|       | a | b | a b a a b b |
+=======+===+===+=============+
| ε     | 1 | 0 | 1 1 0 0 1 1 |
+-------+---+---+-------------+
| a     | 1 | 1 | 1 1 1 1 1 0 |
+-------+---+---+-------------+
| a a   | 0 | 1 | 0 1 1 1 1 0 |
+-------+---+---+-------------+
| a b   | 0 | 1 | 0 1 1 0 1 0 |
+=======+===+===+=============+
| b     | 1 | 0 | 1 1 0 0 1 1 |
+-------+---+---+-------------+
| a a b | 1 | 0 | 1 1 0 0 1 1 |
+-------+---+---+-------------+
| a a a | 0 | 1 | 0 1 1 1 1 0 |
+-------+---+---+-------------+
| a b a | 0 | 1 | 0 1 1 0 1 0 |
+-------+---+---+-------------+
| a b b | 1 | 1 | 1 1 1 1 1 0 |
+=======+===+===+=============+
MQ [resets]: 39
MQ [symbols]: 164
EQ [resets]: 1
EQ [symbols]: 8
Equivalent!!!

+6 MQs due to add ε to S and complete OT
+4 MQs due to add 'a' to S and complete OT
+4 MQs due to add 'aa' to S and complete OT
+6 MQs to check the last symbols
TOTAL: 20 MQs
+1 EQ[a b a b a a b b / 1 1 0 1 1 0 1 0]
+4 MQs for processing CE
	a| b a b a a b b
	ε| ε
	ε|a a b b
	a a|a b a a b b
+7 MQs due to add 'aa' to S and complete OT
Total: 31 MQs
+6 MQs due to add 'ab' to S and complete OT
+2 MQs to check the last symbols

Total: 39 MQs
Total: 1  EQs


