MQ [resets]: 0
MQ [symbols]: 0
EQ [resets]: 0
EQ [symbols]: 0
+=======+===+===+
|       | a | b |
+=======+===+===+
| ε     | 1 | 0 |
+-------+---+---+
| a     | 1 | 1 |
+-------+---+---+
| a a   | 0 | 1 |
+=======+===+===+
| b     | 1 | 0 |
+-------+---+---+
| a b   | 0 | 1 |
+-------+---+---+
| a a a | 0 | 1 |
+-------+---+---+
| a a b | 1 | 0 |
+=======+===+===+
MQ [resets]: 14
MQ [symbols]: 38
EQ [resets]: 0
EQ [symbols]: 0
Query[ε|a b a b a a b b / 1 1 0 1 1 0 1 0]
+=======+===+===+=============+
|       | a | b | a b a a b b |
+=======+===+===+=============+
| ε     | 1 | 0 | 1 1 0 0 1 1 |
+-------+---+---+-------------+
| a     | 1 | 1 | 1 1 1 1 1 0 |
+-------+---+---+-------------+
| a a   | 0 | 1 | 0 1 1 1 1 0 |
+-------+---+---+-------------+
| a b   | 0 | 1 | 0 1 1 0 1 0 |
+=======+===+===+=============+
| b     | 1 | 0 | 1 1 0 0 1 1 |
+-------+---+---+-------------+
| a a b | 1 | 0 | 1 1 0 0 1 1 |
+-------+---+---+-------------+
| a a a | 0 | 1 | 0 1 1 1 1 0 |
+-------+---+---+-------------+
| a b a | 0 | 1 | 0 1 1 0 1 0 |
+-------+---+---+-------------+
| a b b | 1 | 1 | 1 1 1 1 1 0 |
+=======+===+===+=============+
MQ [resets]: 24
MQ [symbols]: 110
EQ [resets]: 1
EQ [symbols]: 8
Equivalent!!!
