ModelRef|ModelUpdt|Precision|Recall|F-measure:ModelRef|ModelUpdt|Precision|Recall|F-measure
States pair scores:	{0.67; 0.03; 0.56; 0.03; 0.03; 0.03; 0.03; 0.03; 0.03; 0.67; 0.05; 0.52; 0.39; 0.37; 0.23; 0.15; 0.56; 0.05; 0.67; 0.05; 0.05; 0.05; 0.05; 0.05; 0.03; 0.52; 0.05; 0.67; 0.23; 0.32; 0.35; 0.12; 0.03; 0.39; 0.05; 0.23; 0.67; 0.15; 0.52; 0.37; 0.03; 0.37; 0.05; 0.32; 0.15; 0.67; 0.12; 0.38; 0.03; 0.23; 0.05; 0.35; 0.52; 0.12; 0.67; 0.32; 0.03; 0.15; 0.05; 0.12; 0.37; 0.38; 0.32; 0.67}
Landmarks found:		0,0	1,3	3,1	4,6	6,4	7,7	2,2	5,5
ModelRef|ModelUpdt|Precision|Recall|F-measure:ActiveMQ__single_client.dot.kiss|ActiveMQ__single_client.dot.kiss|0.840909|0.840909|0.840909
States pair scores:	{0.67; 0.03; 0.57; 0.03; 0.03; 0.03; 0.03; 0.03; 0.03; 0.03; 0.03; 0.66; 0.05; 0.54; 0.39; 0.53; 0.27; 0.36; 0.27; 0.15; 0.56; 0.05; 0.67; 0.05; 0.05; 0.05; 0.05; 0.05; 0.05; 0.05; 0.03; 0.52; 0.05; 0.66; 0.23; 0.4; 0.36; 0.41; 0.15; 0.18; 0.03; 0.39; 0.05; 0.27; 0.66; 0.27; 0.53; 0.15; 0.53; 0.4; 0.03; 0.36; 0.05; 0.34; 0.15; 0.49; 0.12; 0.47; 0.26; 0.24; 0.03; 0.23; 0.05; 0.36; 0.52; 0.15; 0.66; 0.18; 0.4; 0.45; 0.03; 0.15; 0.05; 0.12; 0.36; 0.26; 0.32; 0.24; 0.49; 0.48}
Landmarks found:		0,0	6,4	3,1	4,8	1,5	2,2
Highest state pair found:	7,9
Highest state pair found:	5,7
ModelRef|ModelUpdt|Precision|Recall|F-measure:ActiveMQ__single_client.dot.kiss|VerneMQ__single_client.dot.kiss|0.750000|0.784091|0.766667
States pair scores:	{0.67; 0.03; 0.57; 0.03; 0.03; 0.03; 0.03; 0.03; 0.03; 0.03; 0.03; 0.67; 0.05; 0.53; 0.39; 0.4; 0.27; 0.38; 0.15; 0.15; 0.56; 0.05; 0.67; 0.05; 0.05; 0.05; 0.05; 0.05; 0.05; 0.05; 0.03; 0.52; 0.05; 0.67; 0.23; 0.35; 0.37; 0.34; 0.12; 0.12; 0.03; 0.39; 0.05; 0.27; 0.67; 0.15; 0.53; 0.15; 0.4; 0.38; 0.03; 0.37; 0.05; 0.32; 0.15; 0.61; 0.12; 0.63; 0.34; 0.34; 0.03; 0.23; 0.05; 0.37; 0.52; 0.12; 0.67; 0.12; 0.35; 0.34; 0.03; 0.15; 0.05; 0.12; 0.37; 0.34; 0.32; 0.34; 0.61; 0.63}
Landmarks found:		0,0	3,1	6,4	1,3	4,6	7,8	5,5	2,2
ModelRef|ModelUpdt|Precision|Recall|F-measure:ActiveMQ__single_client.dot.kiss|emqtt__single_client.dot.kiss|0.679245|0.818182|0.742268
States pair scores:	{0.67; 0.03; 0.57; 0.03; 0.03; 0.03; 0.03; 0.03; 0.03; 0.03; 0.03; 0.57; 0.05; 0.41; 0.2; 0.33; 0.15; 0.27; 0.11; 0.07; 0.56; 0.03; 0.67; 0.03; 0.03; 0.03; 0.03; 0.03; 0.03; 0.03; 0.03; 0.44; 0.05; 0.52; 0.14; 0.3; 0.14; 0.3; 0.09; 0.09; 0.03; 0.33; 0.05; 0.2; 0.41; 0.12; 0.27; 0.07; 0.33; 0.17; 0.03; 0.31; 0.05; 0.24; 0.21; 0.51; 0.15; 0.41; 0.29; 0.2; 0.03; 0.19; 0.05; 0.27; 0.36; 0.09; 0.27; 0.09; 0.3; 0.2; 0.03; 0.12; 0.05; 0.07; 0.44; 0.29; 0.27; 0.2; 0.51; 0.33}
Landmarks found:		0,0	7,8	5,5	3,3	1,1	2,2
Highest state pair found:	4,4
Highest state pair found:	6,6
ModelRef|ModelUpdt|Precision|Recall|F-measure:ActiveMQ__single_client.dot.kiss|hbmqtt__single_client.dot.kiss|0.666667|0.818182|0.734694
States pair scores:	{0.67; 0.03; 0.57; 0.03; 0.03; 0.03; 0.03; 0.03; 0.03; 0.03; 0.03; 0.67; 0.05; 0.53; 0.39; 0.4; 0.27; 0.35; 0.15; 0.12; 0.56; 0.05; 0.67; 0.05; 0.05; 0.05; 0.05; 0.05; 0.05; 0.05; 0.03; 0.52; 0.05; 0.66; 0.23; 0.35; 0.36; 0.4; 0.12; 0.15; 0.03; 0.39; 0.05; 0.27; 0.67; 0.15; 0.53; 0.12; 0.4; 0.35; 0.03; 0.37; 0.05; 0.32; 0.15; 0.6; 0.12; 0.53; 0.34; 0.27; 0.03; 0.23; 0.05; 0.36; 0.52; 0.12; 0.66; 0.15; 0.35; 0.4; 0.03; 0.15; 0.05; 0.12; 0.37; 0.34; 0.32; 0.27; 0.6; 0.53}
Landmarks found:		0,0	3,1	6,4	5,7	7,9	1,3	4,6	2,2
ModelRef|ModelUpdt|Precision|Recall|F-measure:ActiveMQ__single_client.dot.kiss|mosquitto__single_client.dot.kiss|0.699029|0.818182|0.753927
States pair scores:	{0.67; 0.03; 0.56; 0.03; 0.03; 0.03; 0.03; 0.03; 0.03; 0.66; 0.05; 0.52; 0.39; 0.36; 0.23; 0.15; 0.57; 0.05; 0.67; 0.05; 0.05; 0.05; 0.05; 0.05; 0.03; 0.54; 0.05; 0.66; 0.27; 0.34; 0.36; 0.12; 0.03; 0.39; 0.05; 0.23; 0.66; 0.15; 0.52; 0.36; 0.03; 0.53; 0.05; 0.4; 0.27; 0.49; 0.15; 0.26; 0.03; 0.27; 0.05; 0.36; 0.53; 0.12; 0.66; 0.32; 0.03; 0.36; 0.05; 0.41; 0.15; 0.47; 0.18; 0.24; 0.03; 0.27; 0.05; 0.15; 0.53; 0.26; 0.4; 0.49; 0.03; 0.15; 0.05; 0.18; 0.4; 0.24; 0.45; 0.48}
Landmarks found:		0,0	4,6	1,3	8,4	5,1	2,2
Highest state pair found:	9,7
Highest state pair found:	7,5
ModelRef|ModelUpdt|Precision|Recall|F-measure:VerneMQ__single_client.dot.kiss|ActiveMQ__single_client.dot.kiss|0.802326|0.627273|0.704082
States pair scores:	{0.67; 0.03; 0.57; 0.03; 0.03; 0.03; 0.03; 0.03; 0.03; 0.03; 0.03; 0.67; 0.05; 0.54; 0.39; 0.53; 0.27; 0.36; 0.27; 0.15; 0.57; 0.05; 0.67; 0.05; 0.05; 0.05; 0.05; 0.05; 0.05; 0.05; 0.03; 0.54; 0.05; 0.67; 0.27; 0.42; 0.39; 0.43; 0.15; 0.18; 0.03; 0.39; 0.05; 0.27; 0.67; 0.27; 0.53; 0.15; 0.53; 0.4; 0.03; 0.53; 0.05; 0.42; 0.27; 0.67; 0.15; 0.41; 0.39; 0.18; 0.03; 0.27; 0.05; 0.39; 0.53; 0.15; 0.67; 0.18; 0.4; 0.45; 0.03; 0.36; 0.05; 0.43; 0.15; 0.41; 0.18; 0.67; 0.18; 0.39; 0.03; 0.27; 0.05; 0.15; 0.53; 0.39; 0.4; 0.18; 0.67; 0.45; 0.03; 0.15; 0.05; 0.18; 0.4; 0.18; 0.45; 0.39; 0.45; 0.67}
Landmarks found:		0,0	1,5	4,6	5,1	8,4	2,2	9,9	3,3	7,7
Highest state pair found:	6,8
ModelRef|ModelUpdt|Precision|Recall|F-measure:VerneMQ__single_client.dot.kiss|VerneMQ__single_client.dot.kiss|0.811321|0.781818|0.796296
States pair scores:	{0.67; 0.03; 0.57; 0.03; 0.03; 0.03; 0.03; 0.03; 0.03; 0.03; 0.03; 0.66; 0.05; 0.53; 0.39; 0.4; 0.27; 0.38; 0.15; 0.15; 0.57; 0.05; 0.67; 0.05; 0.05; 0.05; 0.05; 0.05; 0.05; 0.05; 0.03; 0.54; 0.05; 0.66; 0.27; 0.38; 0.39; 0.36; 0.12; 0.12; 0.03; 0.39; 0.05; 0.27; 0.66; 0.15; 0.53; 0.15; 0.4; 0.38; 0.03; 0.53; 0.05; 0.4; 0.27; 0.53; 0.15; 0.49; 0.27; 0.23; 0.03; 0.27; 0.05; 0.39; 0.53; 0.12; 0.66; 0.12; 0.35; 0.34; 0.03; 0.36; 0.05; 0.41; 0.15; 0.36; 0.18; 0.51; 0.15; 0.28; 0.03; 0.27; 0.05; 0.15; 0.53; 0.27; 0.4; 0.23; 0.53; 0.49; 0.03; 0.15; 0.05; 0.18; 0.4; 0.15; 0.45; 0.28; 0.39; 0.52}
Landmarks found:		0,0	7,7	9,9	8,8	5,5	4,6	6,4	1,3	3,1	2,2
ModelRef|ModelUpdt|Precision|Recall|F-measure:VerneMQ__single_client.dot.kiss|emqtt__single_client.dot.kiss|0.790909|0.790909|0.790909
States pair scores:	{0.67; 0.03; 0.57; 0.03; 0.03; 0.03; 0.03; 0.03; 0.03; 0.03; 0.03; 0.57; 0.05; 0.41; 0.2; 0.33; 0.15; 0.27; 0.11; 0.07; 0.57; 0.03; 0.67; 0.03; 0.03; 0.03; 0.03; 0.03; 0.03; 0.03; 0.03; 0.46; 0.05; 0.52; 0.17; 0.32; 0.17; 0.32; 0.09; 0.09; 0.03; 0.33; 0.05; 0.2; 0.41; 0.11; 0.27; 0.07; 0.33; 0.17; 0.03; 0.45; 0.05; 0.3; 0.14; 0.45; 0.09; 0.3; 0.22; 0.09; 0.03; 0.22; 0.05; 0.29; 0.38; 0.09; 0.3; 0.09; 0.3; 0.2; 0.03; 0.3; 0.05; 0.3; 0.11; 0.3; 0.2; 0.47; 0.11; 0.27; 0.03; 0.23; 0.05; 0.09; 0.37; 0.23; 0.2; 0.09; 0.45; 0.2; 0.03; 0.11; 0.05; 0.11; 0.33; 0.11; 0.33; 0.27; 0.33; 0.41}
Landmarks found:		0,0	3,3	1,1	2,2
Highest state pair found:	7,7
Highest state pair found:	5,5
Highest state pair found:	8,8
Highest state pair found:	4,4
Highest state pair found:	9,9
Highest state pair found:	6,6
ModelRef|ModelUpdt|Precision|Recall|F-measure:VerneMQ__single_client.dot.kiss|hbmqtt__single_client.dot.kiss|0.809091|0.809091|0.809091
States pair scores:	{0.67; 0.03; 0.57; 0.03; 0.03; 0.03; 0.03; 0.03; 0.03; 0.03; 0.03; 0.66; 0.05; 0.53; 0.39; 0.4; 0.27; 0.35; 0.15; 0.12; 0.57; 0.05; 0.67; 0.05; 0.05; 0.05; 0.05; 0.05; 0.05; 0.05; 0.03; 0.54; 0.05; 0.66; 0.27; 0.38; 0.39; 0.42; 0.12; 0.15; 0.03; 0.39; 0.05; 0.27; 0.66; 0.15; 0.53; 0.12; 0.4; 0.35; 0.03; 0.53; 0.05; 0.4; 0.27; 0.53; 0.15; 0.4; 0.27; 0.15; 0.03; 0.27; 0.05; 0.39; 0.53; 0.12; 0.66; 0.15; 0.35; 0.4; 0.03; 0.36; 0.05; 0.41; 0.15; 0.36; 0.18; 0.6; 0.15; 0.35; 0.03; 0.27; 0.05; 0.15; 0.53; 0.27; 0.4; 0.15; 0.53; 0.4; 0.03; 0.15; 0.05; 0.18; 0.4; 0.15; 0.45; 0.35; 0.4; 0.6}
Landmarks found:		0,0	8,8	5,5	6,4	4,6	1,3	3,1	9,9	7,7	2,2
ModelRef|ModelUpdt|Precision|Recall|F-measure:VerneMQ__single_client.dot.kiss|mosquitto__single_client.dot.kiss|0.809091|0.809091|0.809091
States pair scores:	{0.67; 0.03; 0.56; 0.03; 0.03; 0.03; 0.03; 0.03; 0.03; 0.67; 0.05; 0.52; 0.39; 0.37; 0.23; 0.15; 0.57; 0.05; 0.67; 0.05; 0.05; 0.05; 0.05; 0.05; 0.03; 0.53; 0.05; 0.67; 0.27; 0.32; 0.37; 0.12; 0.03; 0.39; 0.05; 0.23; 0.67; 0.15; 0.52; 0.37; 0.03; 0.4; 0.05; 0.35; 0.15; 0.61; 0.12; 0.34; 0.03; 0.27; 0.05; 0.37; 0.53; 0.12; 0.67; 0.32; 0.03; 0.38; 0.05; 0.34; 0.15; 0.63; 0.12; 0.34; 0.03; 0.15; 0.05; 0.12; 0.4; 0.34; 0.35; 0.61; 0.03; 0.15; 0.05; 0.12; 0.38; 0.34; 0.34; 0.63}
Landmarks found:		0,0	1,3	4,6	3,1	6,4	8,7	5,5	2,2
ModelRef|ModelUpdt|Precision|Recall|F-measure:emqtt__single_client.dot.kiss|ActiveMQ__single_client.dot.kiss|0.818182|0.654545|0.727273
States pair scores:	{0.67; 0.03; 0.57; 0.03; 0.03; 0.03; 0.03; 0.03; 0.03; 0.03; 0.03; 0.66; 0.05; 0.54; 0.39; 0.53; 0.27; 0.36; 0.27; 0.15; 0.57; 0.05; 0.67; 0.05; 0.05; 0.05; 0.05; 0.05; 0.05; 0.05; 0.03; 0.53; 0.05; 0.66; 0.27; 0.4; 0.39; 0.41; 0.15; 0.18; 0.03; 0.39; 0.05; 0.27; 0.66; 0.27; 0.53; 0.15; 0.53; 0.4; 0.03; 0.4; 0.05; 0.38; 0.15; 0.53; 0.12; 0.36; 0.27; 0.15; 0.03; 0.27; 0.05; 0.39; 0.53; 0.15; 0.66; 0.18; 0.4; 0.45; 0.03; 0.38; 0.05; 0.36; 0.15; 0.49; 0.12; 0.51; 0.23; 0.28; 0.03; 0.15; 0.05; 0.12; 0.4; 0.27; 0.35; 0.15; 0.53; 0.39; 0.03; 0.15; 0.05; 0.12; 0.38; 0.23; 0.34; 0.28; 0.49; 0.52}
Landmarks found:		0,0	7,7	9,9	8,8	5,5	4,6	6,4	3,1	1,3	2,2
ModelRef|ModelUpdt|Precision|Recall|F-measure:emqtt__single_client.dot.kiss|VerneMQ__single_client.dot.kiss|0.790909|0.790909|0.790909
States pair scores:	{0.67; 0.03; 0.57; 0.03; 0.03; 0.03; 0.03; 0.03; 0.03; 0.03; 0.03; 0.67; 0.05; 0.53; 0.39; 0.4; 0.27; 0.38; 0.15; 0.15; 0.57; 0.05; 0.67; 0.05; 0.05; 0.05; 0.05; 0.05; 0.05; 0.05; 0.03; 0.53; 0.05; 0.67; 0.27; 0.35; 0.39; 0.34; 0.12; 0.12; 0.03; 0.39; 0.05; 0.27; 0.67; 0.15; 0.53; 0.15; 0.4; 0.38; 0.03; 0.4; 0.05; 0.35; 0.15; 0.67; 0.12; 0.55; 0.39; 0.27; 0.03; 0.27; 0.05; 0.39; 0.53; 0.12; 0.67; 0.12; 0.35; 0.34; 0.03; 0.38; 0.05; 0.34; 0.15; 0.55; 0.12; 0.67; 0.27; 0.37; 0.03; 0.15; 0.05; 0.12; 0.4; 0.39; 0.35; 0.27; 0.67; 0.55; 0.03; 0.15; 0.05; 0.12; 0.38; 0.27; 0.34; 0.37; 0.55; 0.67}
Landmarks found:		0,0	1,3	3,1	4,6	6,4	8,9	9,8	5,7	7,5	2,2
ModelRef|ModelUpdt|Precision|Recall|F-measure:emqtt__single_client.dot.kiss|emqtt__single_client.dot.kiss|0.818182|0.818182|0.818182
States pair scores:	{0.67; 0.03; 0.57; 0.03; 0.03; 0.03; 0.03; 0.03; 0.03; 0.03; 0.03; 0.57; 0.05; 0.41; 0.2; 0.33; 0.15; 0.27; 0.11; 0.07; 0.57; 0.03; 0.67; 0.03; 0.03; 0.03; 0.03; 0.03; 0.03; 0.03; 0.03; 0.45; 0.05; 0.52; 0.17; 0.3; 0.17; 0.3; 0.09; 0.09; 0.03; 0.33; 0.05; 0.2; 0.41; 0.12; 0.27; 0.07; 0.33; 0.17; 0.03; 0.34; 0.05; 0.27; 0.26; 0.57; 0.11; 0.33; 0.33; 0.11; 0.03; 0.22; 0.05; 0.29; 0.38; 0.09; 0.3; 0.09; 0.3; 0.2; 0.03; 0.32; 0.05; 0.26; 0.17; 0.46; 0.19; 0.45; 0.22; 0.23; 0.03; 0.12; 0.05; 0.07; 0.5; 0.33; 0.23; 0.11; 0.57; 0.23; 0.03; 0.12; 0.05; 0.07; 0.4; 0.22; 0.32; 0.23; 0.46; 0.37}
Landmarks found:		0,0	3,3	8,8	1,1	5,5	2,2
Highest state pair found:	7,7
Highest state pair found:	4,4
Highest state pair found:	9,9
Highest state pair found:	6,6
ModelRef|ModelUpdt|Precision|Recall|F-measure:emqtt__single_client.dot.kiss|hbmqtt__single_client.dot.kiss|0.836364|0.836364|0.836364
States pair scores:	{0.67; 0.03; 0.57; 0.03; 0.03; 0.03; 0.03; 0.03; 0.03; 0.03; 0.03; 0.67; 0.05; 0.53; 0.39; 0.4; 0.27; 0.35; 0.15; 0.12; 0.57; 0.05; 0.67; 0.05; 0.05; 0.05; 0.05; 0.05; 0.05; 0.05; 0.03; 0.53; 0.05; 0.67; 0.27; 0.35; 0.39; 0.4; 0.12; 0.15; 0.03; 0.39; 0.05; 0.27; 0.67; 0.15; 0.53; 0.12; 0.4; 0.35; 0.03; 0.4; 0.05; 0.35; 0.15; 0.67; 0.12; 0.45; 0.39; 0.18; 0.03; 0.27; 0.05; 0.39; 0.53; 0.12; 0.67; 0.15; 0.35; 0.4; 0.03; 0.38; 0.05; 0.34; 0.15; 0.55; 0.12; 0.57; 0.27; 0.31; 0.03; 0.15; 0.05; 0.12; 0.4; 0.39; 0.35; 0.18; 0.67; 0.45; 0.03; 0.15; 0.05; 0.12; 0.38; 0.27; 0.34; 0.31; 0.55; 0.57}
Landmarks found:		0,0	1,3	3,1	4,6	6,4	9,8	7,5	2,2
Highest state pair found:	5,7
Highest state pair found:	8,9
ModelRef|ModelUpdt|Precision|Recall|F-measure:emqtt__single_client.dot.kiss|mosquitto__single_client.dot.kiss|0.800000|0.800000|0.800000
States pair scores:	{0.67; 0.03; 0.56; 0.03; 0.03; 0.03; 0.03; 0.03; 0.03; 0.57; 0.03; 0.44; 0.33; 0.31; 0.19; 0.12; 0.57; 0.05; 0.67; 0.05; 0.05; 0.05; 0.05; 0.05; 0.03; 0.41; 0.03; 0.52; 0.2; 0.24; 0.27; 0.07; 0.03; 0.2; 0.03; 0.14; 0.41; 0.21; 0.36; 0.44; 0.03; 0.33; 0.03; 0.3; 0.12; 0.51; 0.09; 0.29; 0.03; 0.15; 0.03; 0.14; 0.27; 0.15; 0.27; 0.27; 0.03; 0.27; 0.03; 0.3; 0.07; 0.41; 0.09; 0.2; 0.03; 0.11; 0.03; 0.09; 0.33; 0.29; 0.3; 0.51; 0.03; 0.07; 0.03; 0.09; 0.17; 0.2; 0.2; 0.33}
Landmarks found:		0,0	8,7	5,5	3,3	1,1	2,2
Highest state pair found:	4,4
Highest state pair found:	6,6
ModelRef|ModelUpdt|Precision|Recall|F-measure:hbmqtt__single_client.dot.kiss|ActiveMQ__single_client.dot.kiss|0.818182|0.654545|0.727273
States pair scores:	{0.67; 0.03; 0.57; 0.03; 0.03; 0.03; 0.03; 0.03; 0.03; 0.03; 0.03; 0.57; 0.03; 0.46; 0.33; 0.45; 0.22; 0.3; 0.23; 0.11; 0.57; 0.05; 0.67; 0.05; 0.05; 0.05; 0.05; 0.05; 0.05; 0.05; 0.03; 0.41; 0.03; 0.52; 0.2; 0.3; 0.29; 0.3; 0.09; 0.11; 0.03; 0.2; 0.03; 0.17; 0.41; 0.14; 0.38; 0.11; 0.37; 0.33; 0.03; 0.33; 0.03; 0.32; 0.11; 0.45; 0.09; 0.3; 0.23; 0.11; 0.03; 0.15; 0.03; 0.17; 0.27; 0.09; 0.3; 0.2; 0.2; 0.33; 0.03; 0.27; 0.03; 0.32; 0.07; 0.3; 0.09; 0.47; 0.09; 0.27; 0.03; 0.11; 0.03; 0.09; 0.33; 0.22; 0.3; 0.11; 0.45; 0.33; 0.03; 0.07; 0.03; 0.09; 0.17; 0.09; 0.2; 0.27; 0.2; 0.41}
Landmarks found:		0,0	3,3	1,1	2,2
Highest state pair found:	7,7
Highest state pair found:	5,5
Highest state pair found:	8,8
Highest state pair found:	4,4
Highest state pair found:	9,9
Highest state pair found:	6,6
ModelRef|ModelUpdt|Precision|Recall|F-measure:hbmqtt__single_client.dot.kiss|VerneMQ__single_client.dot.kiss|0.809091|0.809091|0.809091
States pair scores:	{0.67; 0.03; 0.57; 0.03; 0.03; 0.03; 0.03; 0.03; 0.03; 0.03; 0.03; 0.57; 0.03; 0.45; 0.33; 0.34; 0.22; 0.32; 0.12; 0.12; 0.57; 0.05; 0.67; 0.05; 0.05; 0.05; 0.05; 0.05; 0.05; 0.05; 0.03; 0.41; 0.03; 0.52; 0.2; 0.27; 0.29; 0.26; 0.07; 0.07; 0.03; 0.2; 0.03; 0.17; 0.41; 0.26; 0.38; 0.17; 0.5; 0.4; 0.03; 0.33; 0.03; 0.3; 0.12; 0.57; 0.09; 0.46; 0.33; 0.22; 0.03; 0.15; 0.03; 0.17; 0.27; 0.11; 0.3; 0.19; 0.23; 0.32; 0.03; 0.27; 0.03; 0.3; 0.07; 0.33; 0.09; 0.45; 0.11; 0.23; 0.03; 0.11; 0.03; 0.09; 0.33; 0.33; 0.3; 0.22; 0.57; 0.46; 0.03; 0.07; 0.03; 0.09; 0.17; 0.11; 0.2; 0.23; 0.23; 0.37}
Landmarks found:		0,0	3,3	8,8	1,1	5,5	2,2
Highest state pair found:	7,7
Highest state pair found:	4,4
Highest state pair found:	9,9
Highest state pair found:	6,6
ModelRef|ModelUpdt|Precision|Recall|F-measure:hbmqtt__single_client.dot.kiss|emqtt__single_client.dot.kiss|0.836364|0.836364|0.836364
States pair scores:	{0.67; 0.03; 0.57; 0.03; 0.03; 0.03; 0.03; 0.03; 0.03; 0.03; 0.03; 0.67; 0.03; 0.49; 0.25; 0.41; 0.2; 0.33; 0.17; 0.11; 0.57; 0.03; 0.67; 0.03; 0.03; 0.03; 0.03; 0.03; 0.03; 0.03; 0.03; 0.49; 0.03; 0.67; 0.2; 0.33; 0.25; 0.41; 0.11; 0.17; 0.03; 0.25; 0.03; 0.2; 0.67; 0.32; 0.41; 0.16; 0.6; 0.31; 0.03; 0.41; 0.03; 0.33; 0.32; 0.67; 0.16; 0.41; 0.39; 0.17; 0.03; 0.2; 0.03; 0.25; 0.41; 0.16; 0.67; 0.32; 0.31; 0.6; 0.03; 0.33; 0.03; 0.41; 0.16; 0.41; 0.32; 0.67; 0.17; 0.39; 0.03; 0.17; 0.03; 0.11; 0.6; 0.39; 0.31; 0.17; 0.67; 0.31; 0.03; 0.11; 0.03; 0.17; 0.31; 0.17; 0.6; 0.39; 0.31; 0.67}
Landmarks found:		0,0	4,8	8,4	9,6	6,9	7,7	2,2	5,5	1,1	3,3
ModelRef|ModelUpdt|Precision|Recall|F-measure:hbmqtt__single_client.dot.kiss|hbmqtt__single_client.dot.kiss|0.854545|0.854545|0.854545
States pair scores:	{0.67; 0.03; 0.57; 0.03; 0.03; 0.03; 0.03; 0.03; 0.03; 0.03; 0.03; 0.57; 0.03; 0.45; 0.33; 0.34; 0.22; 0.3; 0.12; 0.09; 0.57; 0.05; 0.67; 0.05; 0.05; 0.05; 0.05; 0.05; 0.05; 0.05; 0.03; 0.41; 0.03; 0.52; 0.2; 0.27; 0.3; 0.3; 0.07; 0.09; 0.03; 0.2; 0.03; 0.17; 0.41; 0.26; 0.38; 0.14; 0.5; 0.37; 0.03; 0.33; 0.03; 0.3; 0.12; 0.57; 0.09; 0.37; 0.33; 0.14; 0.03; 0.15; 0.03; 0.17; 0.27; 0.11; 0.3; 0.22; 0.23; 0.37; 0.03; 0.27; 0.03; 0.3; 0.07; 0.33; 0.09; 0.52; 0.11; 0.3; 0.03; 0.11; 0.03; 0.09; 0.33; 0.33; 0.3; 0.14; 0.57; 0.37; 0.03; 0.07; 0.03; 0.09; 0.17; 0.11; 0.2; 0.29; 0.23; 0.45}
Landmarks found:		0,0	3,3	7,7	8,8	1,1	5,5	2,2
Highest state pair found:	9,9
Highest state pair found:	4,4
Highest state pair found:	6,6
ModelRef|ModelUpdt|Precision|Recall|F-measure:hbmqtt__single_client.dot.kiss|mosquitto__single_client.dot.kiss|0.854545|0.854545|0.854545
States pair scores:	{0.67; 0.03; 0.56; 0.03; 0.03; 0.03; 0.03; 0.03; 0.03; 0.67; 0.05; 0.52; 0.39; 0.37; 0.23; 0.15; 0.57; 0.05; 0.67; 0.05; 0.05; 0.05; 0.05; 0.05; 0.03; 0.53; 0.05; 0.66; 0.27; 0.32; 0.36; 0.12; 0.03; 0.39; 0.05; 0.23; 0.67; 0.15; 0.52; 0.37; 0.03; 0.4; 0.05; 0.35; 0.15; 0.6; 0.12; 0.34; 0.03; 0.27; 0.05; 0.36; 0.53; 0.12; 0.66; 0.32; 0.03; 0.35; 0.05; 0.4; 0.12; 0.53; 0.15; 0.27; 0.03; 0.15; 0.05; 0.12; 0.4; 0.34; 0.35; 0.6; 0.03; 0.12; 0.05; 0.15; 0.35; 0.27; 0.4; 0.53}
Landmarks found:		0,0	1,3	4,6	7,5	9,7	3,1	6,4	2,2
ModelRef|ModelUpdt|Precision|Recall|F-measure:mosquitto__single_client.dot.kiss|ActiveMQ__single_client.dot.kiss|0.818182|0.654545|0.727273
States pair scores:	{0.67; 0.03; 0.57; 0.03; 0.03; 0.03; 0.03; 0.03; 0.03; 0.03; 0.03; 0.66; 0.05; 0.54; 0.39; 0.53; 0.27; 0.36; 0.27; 0.15; 0.57; 0.05; 0.67; 0.05; 0.05; 0.05; 0.05; 0.05; 0.05; 0.05; 0.03; 0.53; 0.05; 0.66; 0.27; 0.4; 0.39; 0.41; 0.15; 0.18; 0.03; 0.39; 0.05; 0.27; 0.66; 0.27; 0.53; 0.15; 0.53; 0.4; 0.03; 0.4; 0.05; 0.38; 0.15; 0.53; 0.12; 0.36; 0.27; 0.15; 0.03; 0.27; 0.05; 0.39; 0.53; 0.15; 0.66; 0.18; 0.4; 0.45; 0.03; 0.35; 0.05; 0.42; 0.12; 0.4; 0.15; 0.6; 0.15; 0.35; 0.03; 0.15; 0.05; 0.12; 0.4; 0.27; 0.35; 0.15; 0.53; 0.4; 0.03; 0.12; 0.05; 0.15; 0.35; 0.15; 0.4; 0.35; 0.4; 0.6}
Landmarks found:		0,0	8,8	5,5	6,4	4,6	3,1	1,3	9,9	7,7	2,2
ModelRef|ModelUpdt|Precision|Recall|F-measure:mosquitto__single_client.dot.kiss|VerneMQ__single_client.dot.kiss|0.809091|0.809091|0.809091
States pair scores:	{0.67; 0.03; 0.57; 0.03; 0.03; 0.03; 0.03; 0.03; 0.03; 0.03; 0.03; 0.67; 0.05; 0.53; 0.39; 0.4; 0.27; 0.38; 0.15; 0.15; 0.57; 0.05; 0.67; 0.05; 0.05; 0.05; 0.05; 0.05; 0.05; 0.05; 0.03; 0.53; 0.05; 0.67; 0.27; 0.35; 0.39; 0.34; 0.12; 0.12; 0.03; 0.39; 0.05; 0.27; 0.67; 0.15; 0.53; 0.15; 0.4; 0.38; 0.03; 0.4; 0.05; 0.35; 0.15; 0.67; 0.12; 0.55; 0.39; 0.27; 0.03; 0.27; 0.05; 0.39; 0.53; 0.12; 0.67; 0.12; 0.35; 0.34; 0.03; 0.35; 0.05; 0.4; 0.12; 0.45; 0.15; 0.57; 0.18; 0.31; 0.03; 0.15; 0.05; 0.12; 0.4; 0.39; 0.35; 0.27; 0.67; 0.55; 0.03; 0.12; 0.05; 0.15; 0.35; 0.18; 0.4; 0.31; 0.45; 0.57}
Landmarks found:		0,0	1,3	3,1	4,6	6,4	5,7	8,9	2,2
Highest state pair found:	7,5
Highest state pair found:	9,8
ModelRef|ModelUpdt|Precision|Recall|F-measure:mosquitto__single_client.dot.kiss|emqtt__single_client.dot.kiss|0.814815|0.800000|0.807339
States pair scores:	{0.67; 0.03; 0.57; 0.03; 0.03; 0.03; 0.03; 0.03; 0.03; 0.03; 0.03; 0.57; 0.05; 0.41; 0.2; 0.33; 0.15; 0.27; 0.11; 0.07; 0.57; 0.03; 0.67; 0.03; 0.03; 0.03; 0.03; 0.03; 0.03; 0.03; 0.03; 0.45; 0.05; 0.52; 0.17; 0.3; 0.17; 0.3; 0.09; 0.09; 0.03; 0.33; 0.05; 0.2; 0.41; 0.12; 0.27; 0.07; 0.33; 0.17; 0.03; 0.34; 0.05; 0.27; 0.26; 0.57; 0.11; 0.33; 0.33; 0.11; 0.03; 0.22; 0.05; 0.3; 0.38; 0.09; 0.3; 0.09; 0.3; 0.2; 0.03; 0.3; 0.05; 0.3; 0.14; 0.37; 0.22; 0.52; 0.14; 0.29; 0.03; 0.12; 0.05; 0.07; 0.5; 0.33; 0.23; 0.11; 0.57; 0.23; 0.03; 0.09; 0.05; 0.09; 0.37; 0.14; 0.37; 0.3; 0.37; 0.45}
Landmarks found:		0,0	3,3	7,7	8,8	1,1	5,5	2,2
Highest state pair found:	9,9
Highest state pair found:	4,4
Highest state pair found:	6,6
ModelRef|ModelUpdt|Precision|Recall|F-measure:mosquitto__single_client.dot.kiss|hbmqtt__single_client.dot.kiss|0.854545|0.854545|0.854545
States pair scores:	{0.67; 0.03; 0.57; 0.03; 0.03; 0.03; 0.03; 0.03; 0.03; 0.03; 0.03; 0.67; 0.05; 0.53; 0.39; 0.4; 0.27; 0.35; 0.15; 0.12; 0.57; 0.05; 0.67; 0.05; 0.05; 0.05; 0.05; 0.05; 0.05; 0.05; 0.03; 0.53; 0.05; 0.67; 0.27; 0.35; 0.39; 0.4; 0.12; 0.15; 0.03; 0.39; 0.05; 0.27; 0.67; 0.15; 0.53; 0.12; 0.4; 0.35; 0.03; 0.4; 0.05; 0.35; 0.15; 0.67; 0.12; 0.45; 0.39; 0.18; 0.03; 0.27; 0.05; 0.39; 0.53; 0.12; 0.67; 0.15; 0.35; 0.4; 0.03; 0.35; 0.05; 0.4; 0.12; 0.45; 0.15; 0.67; 0.18; 0.39; 0.03; 0.15; 0.05; 0.12; 0.4; 0.39; 0.35; 0.18; 0.67; 0.45; 0.03; 0.12; 0.05; 0.15; 0.35; 0.18; 0.4; 0.39; 0.45; 0.67}
Landmarks found:		0,0	1,3	3,1	4,6	6,4	2,2	8,8	9,9	5,5	7,7
ModelRef|ModelUpdt|Precision|Recall|F-measure:mosquitto__single_client.dot.kiss|mosquitto__single_client.dot.kiss|0.854545|0.854545|0.854545
