ModelRef|ModelUpdt|Precision|Recall|F-measure:ModelRef|ModelUpdt|Precision|Recall|F-measure
States pair scores:	{0.67; 0.04; 0; 0; 0; 0; 0.04; 0.57; 0; 0; 0; 0; 0; 0; 0.04; 0.04; 0; 0; 0.04; 0.67; 0; 0; 0; 0; 0.62; 0.04; 0; 0; 0; 0; 0; 0; 0.54; 0.61; 0; 0; 0; 0; 0.67; 0.04; 0.04; 0.41; 0; 0; 0.02; 0.57; 0.02; 0.4; 0.04; 0.04; 0; 0; 0.02; 0.02; 0; 0; 0.04; 0.67; 0.6; 0.04; 0; 0; 0.13; 0.04; 0.09; 0.04; 0.49; 0.42; 0; 0; 0.13; 0.09; 0; 0; 0.04; 0.6; 0.67; 0.04; 0; 0; 0.09; 0.04; 0.13; 0.04; 0.42; 0.49; 0; 0; 0.09; 0.13; 0; 0; 0.41; 0.04; 0.04; 0.67; 0; 0; 0.02; 0.37; 0.02; 0.63; 0.04; 0.04; 0; 0; 0.02; 0.02; 0.04; 0.62; 0; 0; 0; 0; 0.67; 0.04; 0; 0; 0; 0; 0; 0; 0.56; 0.56; 0; 0; 0.57; 0.04; 0; 0; 0; 0; 0.04; 0.67; 0; 0; 0; 0; 0; 0; 0.04; 0.04; 0; 0; 0; 0; 0.02; 0.13; 0.09; 0.02; 0; 0; 0.67; 0.02; 0.61; 0.02; 0.11; 0.06; 0; 0; 0.47; 0.41; 0; 0; 0.57; 0.04; 0.04; 0.37; 0; 0; 0.02; 0.67; 0.02; 0.37; 0.04; 0.04; 0; 0; 0.02; 0.02; 0; 0; 0.02; 0.09; 0.13; 0.02; 0; 0; 0.61; 0.02; 0.67; 0.02; 0.06; 0.11; 0; 0; 0.41; 0.47; 0; 0; 0.4; 0.04; 0.04; 0.63; 0; 0; 0.02; 0.37; 0.02; 0.67; 0.04; 0.04; 0; 0; 0.02; 0.02; 0; 0; 0.04; 0.49; 0.42; 0.04; 0; 0; 0.11; 0.04; 0.06; 0.04; 0.67; 0.55; 0; 0; 0.12; 0.06; 0; 0; 0.04; 0.42; 0.49; 0.04; 0; 0; 0.06; 0.04; 0.11; 0.04; 0.55; 0.67; 0; 0; 0.06; 0.12; 0.04; 0.54; 0; 0; 0; 0; 0.56; 0.04; 0; 0; 0; 0; 0; 0; 0.67; 0.57; 0; 0; 0.04; 0.61; 0; 0; 0; 0; 0.56; 0.04; 0; 0; 0; 0; 0; 0; 0.57; 0.67; 0; 0; 0; 0; 0.02; 0.13; 0.09; 0.02; 0; 0; 0.47; 0.02; 0.41; 0.02; 0.12; 0.06; 0; 0; 0.67; 0.48; 0; 0; 0.02; 0.09; 0.13; 0.02; 0; 0; 0.41; 0.02; 0.47; 0.02; 0.06; 0.12; 0; 0; 0.48; 0.67}
Landmarks found:		0,0	1,14	14,1	12,13	13,12	6,15	15,6	2,9	9,2	3,4	4,3	10,8	8,10	5,11	11,5	17,17	7,7	16,16
ModelRef|ModelUpdt|Precision|Recall|F-measure:ActiveMQ__two_client_will_retain.dot.kiss|ActiveMQ__two_client_will_retain.dot.kiss|0.524691|0.524691|0.524691
States pair scores:	{0.67; 0.04; 0; 0; 0; 0; 0.04; 0.57; 0; 0; 0; 0; 0; 0; 0.04; 0.04; 0; 0.04; 0.67; 0; 0; 0; 0; 0.62; 0.04; 0; 0; 0; 0; 0; 0; 0.54; 0.6; 0; 0; 0; 0.66; 0.04; 0.04; 0.52; 0; 0; 0.02; 0.57; 0.02; 0.04; 0.04; 0.39; 0; 0; 0.02; 0; 0; 0.04; 0.66; 0.6; 0.04; 0; 0; 0.39; 0.04; 0.28; 0.49; 0.38; 0.04; 0; 0; 0.16; 0; 0; 0.04; 0.6; 0.66; 0.04; 0; 0; 0.34; 0.04; 0.34; 0.42; 0.46; 0.04; 0; 0; 0.16; 0; 0; 0.4; 0.04; 0.04; 0.54; 0; 0; 0.02; 0.37; 0.02; 0.04; 0.04; 0.45; 0; 0; 0.02; 0.04; 0.62; 0; 0; 0; 0; 0.67; 0.04; 0; 0; 0; 0; 0; 0; 0.56; 0.54; 0; 0.57; 0.04; 0; 0; 0; 0; 0.04; 0.67; 0; 0; 0; 0; 0; 0; 0.04; 0.04; 0; 0; 0; 0.02; 0.12; 0.09; 0.02; 0; 0; 0.36; 0.02; 0.31; 0.11; 0.06; 0.02; 0; 0; 0.2; 0; 0; 0.57; 0.04; 0.04; 0.42; 0; 0; 0.02; 0.66; 0.02; 0.04; 0.04; 0.49; 0; 0; 0.02; 0; 0; 0.02; 0.09; 0.12; 0.02; 0; 0; 0.31; 0.02; 0.36; 0.06; 0.11; 0.02; 0; 0; 0.2; 0; 0; 0.4; 0.04; 0.04; 0.54; 0; 0; 0.02; 0.37; 0.02; 0.04; 0.04; 0.51; 0; 0; 0.02; 0; 0; 0.04; 0.49; 0.42; 0.04; 0; 0; 0.16; 0.04; 0.12; 0.66; 0.5; 0.04; 0; 0; 0.21; 0; 0; 0.04; 0.42; 0.49; 0.04; 0; 0; 0.12; 0.04; 0.16; 0.54; 0.66; 0.04; 0; 0; 0.21; 0.04; 0.54; 0; 0; 0; 0; 0.56; 0.04; 0; 0; 0; 0; 0; 0; 0.67; 0.55; 0; 0.04; 0.61; 0; 0; 0; 0; 0.56; 0.04; 0; 0; 0; 0; 0; 0; 0.57; 0.67; 0; 0; 0; 0.02; 0.13; 0.09; 0.02; 0; 0; 0.34; 0.02; 0.27; 0.12; 0.06; 0.02; 0; 0; 0.35; 0; 0; 0.02; 0.09; 0.13; 0.02; 0; 0; 0.28; 0.02; 0.34; 0.06; 0.12; 0.02; 0; 0; 0.35}
Landmarks found:		0,0	12,12	11,13	2,5	6,15	14,1	1,14	13,11	15,6	9,2	3,4	4,3	7,7
Highest state pair found:	10,10
Highest state pair found:	16,16
Highest state pair found:	17,8
ModelRef|ModelUpdt|Precision|Recall|F-measure:ActiveMQ__two_client_will_retain.dot.kiss|VerneMQ__two_client_will_retain.dot.kiss|0.493056|0.438272|0.464052
States pair scores:	{0.67; 0.04; 0; 0; 0; 0; 0.04; 0.57; 0; 0; 0.04; 0.04; 0; 0; 0; 0; 0; 0; 0.04; 0.67; 0; 0; 0; 0; 0.62; 0.04; 0; 0; 0.54; 0.61; 0; 0; 0; 0; 0; 0; 0; 0; 0.67; 0.04; 0.04; 0.41; 0; 0; 0.57; 0.02; 0; 0; 0.02; 0.04; 0.04; 0.4; 0.02; 0.02; 0; 0; 0.04; 0.67; 0.6; 0.04; 0; 0; 0.04; 0.09; 0; 0; 0.13; 0.49; 0.42; 0.04; 0.13; 0.09; 0; 0; 0.04; 0.6; 0.67; 0.04; 0; 0; 0.04; 0.13; 0; 0; 0.09; 0.42; 0.49; 0.04; 0.09; 0.13; 0; 0; 0.41; 0.04; 0.04; 0.67; 0; 0; 0.37; 0.02; 0; 0; 0.02; 0.04; 0.04; 0.63; 0.02; 0.02; 0.04; 0.62; 0; 0; 0; 0; 0.67; 0.04; 0; 0; 0.56; 0.56; 0; 0; 0; 0; 0; 0; 0.57; 0.04; 0; 0; 0; 0; 0.04; 0.67; 0; 0; 0.04; 0.04; 0; 0; 0; 0; 0; 0; 0; 0; 0.02; 0.13; 0.09; 0.02; 0; 0; 0.02; 0.61; 0; 0; 0.67; 0.11; 0.06; 0.02; 0.47; 0.41; 0; 0; 0.57; 0.04; 0.04; 0.37; 0; 0; 0.67; 0.02; 0; 0; 0.02; 0.04; 0.04; 0.37; 0.02; 0.02; 0; 0; 0.02; 0.09; 0.13; 0.02; 0; 0; 0.02; 0.67; 0; 0; 0.61; 0.06; 0.11; 0.02; 0.41; 0.47; 0; 0; 0.4; 0.04; 0.04; 0.63; 0; 0; 0.37; 0.02; 0; 0; 0.02; 0.04; 0.04; 0.67; 0.02; 0.02; 0; 0; 0.04; 0.49; 0.42; 0.04; 0; 0; 0.04; 0.06; 0; 0; 0.11; 0.67; 0.55; 0.04; 0.12; 0.06; 0; 0; 0.04; 0.42; 0.49; 0.04; 0; 0; 0.04; 0.11; 0; 0; 0.06; 0.55; 0.67; 0.04; 0.06; 0.12; 0.04; 0.54; 0; 0; 0; 0; 0.56; 0.04; 0; 0; 0.67; 0.57; 0; 0; 0; 0; 0; 0; 0.04; 0.61; 0; 0; 0; 0; 0.56; 0.04; 0; 0; 0.57; 0.67; 0; 0; 0; 0; 0; 0; 0; 0; 0.02; 0.13; 0.09; 0.02; 0; 0; 0.02; 0.41; 0; 0; 0.47; 0.12; 0.06; 0.02; 0.67; 0.48; 0; 0; 0.02; 0.09; 0.13; 0.02; 0; 0; 0.02; 0.47; 0; 0; 0.41; 0.06; 0.12; 0.02; 0.48; 0.67}
Landmarks found:		0,0	1,10	14,1	12,14	13,13	6,11	15,6	2,8	9,2	3,4	4,3	8,9	10,12	5,15	11,5	17,17	7,7	16,16
ModelRef|ModelUpdt|Precision|Recall|F-measure:ActiveMQ__two_client_will_retain.dot.kiss|emqtt__two_client_will_retain.dot.kiss|0.524691|0.524691|0.524691
States pair scores:	{0.6; 0.04; 0; 0; 0; 0; 0.04; 0.51; 0; 0; 0; 0; 0; 0; 0; 0.04; 0.04; 0.04; 0.42; 0; 0; 0; 0; 0.38; 0.04; 0; 0; 0; 0; 0; 0; 0; 0.28; 0.33; 0; 0; 0.53; 0.04; 0.04; 0.35; 0; 0; 0.02; 0.46; 0.02; 0.29; 0.04; 0.04; 0.02; 0; 0; 0; 0; 0.04; 0.41; 0.37; 0.04; 0; 0; 0.08; 0.04; 0.06; 0.04; 0.27; 0.19; 0.06; 0; 0; 0; 0; 0.04; 0.37; 0.41; 0.04; 0; 0; 0.06; 0.04; 0.08; 0.04; 0.23; 0.24; 0.06; 0; 0; 0; 0; 0.35; 0.04; 0.04; 0.52; 0; 0; 0.02; 0.33; 0.02; 0.37; 0.04; 0.04; 0.02; 0; 0; 0.04; 0.38; 0; 0; 0; 0; 0.41; 0.04; 0; 0; 0; 0; 0; 0; 0; 0.29; 0.29; 0.51; 0.04; 0; 0; 0; 0; 0.04; 0.61; 0; 0; 0; 0; 0; 0; 0; 0.04; 0.04; 0; 0; 0.02; 0.08; 0.06; 0.02; 0; 0; 0.4; 0.02; 0.33; 0.02; 0.06; 0.04; 0.14; 0; 0; 0; 0; 0.46; 0.04; 0.04; 0.33; 0; 0; 0.02; 0.54; 0.02; 0.36; 0.04; 0.04; 0.02; 0; 0; 0; 0; 0.02; 0.06; 0.08; 0.02; 0; 0; 0.36; 0.02; 0.38; 0.02; 0.04; 0.06; 0.14; 0; 0; 0; 0; 0.35; 0.04; 0.04; 0.48; 0; 0; 0.02; 0.33; 0.02; 0.44; 0.04; 0.04; 0.02; 0; 0; 0; 0; 0.04; 0.27; 0.23; 0.04; 0; 0; 0.06; 0.04; 0.04; 0.04; 0.35; 0.25; 0.09; 0; 0; 0; 0; 0.04; 0.23; 0.27; 0.04; 0; 0; 0.04; 0.04; 0.06; 0.04; 0.29; 0.31; 0.09; 0; 0; 0.04; 0.28; 0; 0; 0; 0; 0.29; 0.04; 0; 0; 0; 0; 0; 0; 0; 0.36; 0.3; 0.04; 0.33; 0; 0; 0; 0; 0.29; 0.04; 0; 0; 0; 0; 0; 0; 0; 0.3; 0.36; 0; 0; 0.02; 0.08; 0.06; 0.02; 0; 0; 0.24; 0.02; 0.2; 0.02; 0.07; 0.04; 0.24; 0; 0; 0; 0; 0.02; 0.06; 0.08; 0.02; 0; 0; 0.2; 0.02; 0.24; 0.02; 0.04; 0.07; 0.24; 0; 0}
Landmarks found:		0,0	5,5	2,2	9,9	7,7
Highest state pair found:	11,11
Highest state pair found:	1,1
Highest state pair found:	6,6
Highest state pair found:	3,3
Highest state pair found:	4,4
Highest state pair found:	8,8
Highest state pair found:	10,10
Highest state pair found:	14,15
Highest state pair found:	15,16
Highest state pair found:	12,12
Highest state pair found:	13,13
Highest state pair found:	16,14
ModelRef|ModelUpdt|Precision|Recall|F-measure:ActiveMQ__two_client_will_retain.dot.kiss|hbmqtt__two_client_will_retain.dot.kiss|0.758170|0.716049|0.736508
States pair scores:	{0.67; 0.04; 0; 0; 0; 0; 0.04; 0.57; 0; 0; 0; 0; 0; 0; 0; 0; 0.04; 0.04; 0.04; 0.67; 0; 0; 0; 0; 0.62; 0.04; 0; 0; 0; 0; 0; 0; 0; 0; 0.54; 0.61; 0; 0; 0.67; 0.04; 0.04; 0.41; 0; 0; 0.02; 0.57; 0.02; 0.35; 0.02; 0.02; 0.04; 0.04; 0; 0; 0; 0; 0.04; 0.67; 0.6; 0.04; 0; 0; 0.13; 0.04; 0.09; 0.04; 0.11; 0.06; 0.49; 0.42; 0; 0; 0; 0; 0.04; 0.6; 0.67; 0.04; 0; 0; 0.09; 0.04; 0.13; 0.04; 0.06; 0.11; 0.42; 0.49; 0; 0; 0; 0; 0.41; 0.04; 0.04; 0.67; 0; 0; 0.02; 0.37; 0.02; 0.53; 0.02; 0.02; 0.04; 0.04; 0; 0; 0.04; 0.62; 0; 0; 0; 0; 0.67; 0.04; 0; 0; 0; 0; 0; 0; 0; 0; 0.56; 0.56; 0.57; 0.04; 0; 0; 0; 0; 0.04; 0.67; 0; 0; 0; 0; 0; 0; 0; 0; 0.04; 0.04; 0; 0; 0.02; 0.13; 0.09; 0.02; 0; 0; 0.67; 0.02; 0.6; 0.02; 0.31; 0.26; 0.11; 0.06; 0; 0; 0; 0; 0.57; 0.04; 0.04; 0.37; 0; 0; 0.02; 0.66; 0.02; 0.44; 0.02; 0.02; 0.04; 0.04; 0; 0; 0; 0; 0.02; 0.09; 0.13; 0.02; 0; 0; 0.61; 0.02; 0.66; 0.02; 0.26; 0.31; 0.06; 0.11; 0; 0; 0; 0; 0.4; 0.04; 0.04; 0.63; 0; 0; 0.02; 0.37; 0.02; 0.58; 0.02; 0.02; 0.04; 0.04; 0; 0; 0; 0; 0.04; 0.49; 0.42; 0.04; 0; 0; 0.11; 0.04; 0.06; 0.04; 0.16; 0.09; 0.66; 0.55; 0; 0; 0; 0; 0.04; 0.42; 0.49; 0.04; 0; 0; 0.06; 0.04; 0.11; 0.04; 0.09; 0.16; 0.55; 0.66; 0; 0; 0.04; 0.54; 0; 0; 0; 0; 0.56; 0.04; 0; 0; 0; 0; 0; 0; 0; 0; 0.67; 0.57; 0.04; 0.61; 0; 0; 0; 0; 0.56; 0.04; 0; 0; 0; 0; 0; 0; 0; 0; 0.57; 0.67; 0; 0; 0.02; 0.13; 0.09; 0.02; 0; 0; 0.47; 0.02; 0.4; 0.02; 0.49; 0.37; 0.12; 0.06; 0; 0; 0; 0; 0.02; 0.09; 0.13; 0.02; 0; 0; 0.41; 0.02; 0.47; 0.02; 0.37; 0.49; 0.06; 0.12; 0; 0}
Landmarks found:		0,0	5,11	14,1	1,16	12,15	13,14	6,17	15,6	2,9	9,2	8,10	3,4	4,3	10,8	11,5	7,7
Highest state pair found:	17,12
Highest state pair found:	16,13
ModelRef|ModelUpdt|Precision|Recall|F-measure:ActiveMQ__two_client_will_retain.dot.kiss|mosquitto__two_client_will_retain.dot.kiss|0.555556|0.555556|0.555556
States pair scores:	{0.67; 0.04; 0; 0; 0; 0; 0.04; 0.57; 0; 0; 0; 0; 0; 0; 0.04; 0.04; 0; 0; 0.04; 0.67; 0; 0; 0; 0; 0.62; 0.04; 0; 0; 0; 0; 0; 0; 0.54; 0.61; 0; 0; 0; 0; 0.66; 0.04; 0.04; 0.4; 0; 0; 0.02; 0.57; 0.02; 0.4; 0.04; 0.04; 0; 0; 0.02; 0.02; 0; 0; 0.04; 0.66; 0.6; 0.04; 0; 0; 0.12; 0.04; 0.09; 0.04; 0.49; 0.42; 0; 0; 0.13; 0.09; 0; 0; 0.04; 0.6; 0.66; 0.04; 0; 0; 0.09; 0.04; 0.12; 0.04; 0.42; 0.49; 0; 0; 0.09; 0.13; 0; 0; 0.52; 0.04; 0.04; 0.54; 0; 0; 0.02; 0.42; 0.02; 0.54; 0.04; 0.04; 0; 0; 0.02; 0.02; 0.04; 0.62; 0; 0; 0; 0; 0.67; 0.04; 0; 0; 0; 0; 0; 0; 0.56; 0.56; 0; 0; 0.57; 0.04; 0; 0; 0; 0; 0.04; 0.67; 0; 0; 0; 0; 0; 0; 0.04; 0.04; 0; 0; 0; 0; 0.02; 0.39; 0.34; 0.02; 0; 0; 0.36; 0.02; 0.31; 0.02; 0.16; 0.12; 0; 0; 0.34; 0.28; 0; 0; 0.57; 0.04; 0.04; 0.37; 0; 0; 0.02; 0.66; 0.02; 0.37; 0.04; 0.04; 0; 0; 0.02; 0.02; 0; 0; 0.02; 0.28; 0.34; 0.02; 0; 0; 0.31; 0.02; 0.36; 0.02; 0.12; 0.16; 0; 0; 0.27; 0.34; 0; 0; 0.04; 0.49; 0.42; 0.04; 0; 0; 0.11; 0.04; 0.06; 0.04; 0.66; 0.54; 0; 0; 0.12; 0.06; 0; 0; 0.04; 0.38; 0.46; 0.04; 0; 0; 0.06; 0.04; 0.11; 0.04; 0.5; 0.66; 0; 0; 0.06; 0.12; 0; 0; 0.39; 0.04; 0.04; 0.45; 0; 0; 0.02; 0.49; 0.02; 0.51; 0.04; 0.04; 0; 0; 0.02; 0.02; 0.04; 0.54; 0; 0; 0; 0; 0.56; 0.04; 0; 0; 0; 0; 0; 0; 0.67; 0.57; 0; 0; 0.04; 0.6; 0; 0; 0; 0; 0.54; 0.04; 0; 0; 0; 0; 0; 0; 0.55; 0.67; 0; 0; 0; 0; 0.02; 0.16; 0.16; 0.02; 0; 0; 0.2; 0.02; 0.2; 0.02; 0.21; 0.21; 0; 0; 0.35; 0.35}
Landmarks found:		0,0	12,12	13,11	5,2	15,6	1,14	14,1	11,13	6,15	2,9	4,3	3,4	7,7
Highest state pair found:	10,10
Highest state pair found:	16,16
Highest state pair found:	8,17
ModelRef|ModelUpdt|Precision|Recall|F-measure:VerneMQ__two_client_will_retain.dot.kiss|ActiveMQ__two_client_will_retain.dot.kiss|0.467105|0.464052|0.465574
States pair scores:	{0.67; 0.04; 0; 0; 0; 0; 0.04; 0.57; 0; 0; 0; 0; 0; 0; 0.04; 0.04; 0; 0.04; 0.67; 0; 0; 0; 0; 0.62; 0.04; 0; 0; 0; 0; 0; 0; 0.54; 0.6; 0; 0; 0; 0.67; 0.04; 0.04; 0.52; 0; 0; 0.02; 0.57; 0.02; 0.04; 0.04; 0.39; 0; 0; 0.02; 0; 0; 0.04; 0.67; 0.6; 0.04; 0; 0; 0.39; 0.04; 0.28; 0.49; 0.38; 0.04; 0; 0; 0.16; 0; 0; 0.04; 0.6; 0.67; 0.04; 0; 0; 0.34; 0.04; 0.34; 0.42; 0.46; 0.04; 0; 0; 0.16; 0; 0; 0.52; 0.04; 0.04; 0.67; 0; 0; 0.02; 0.42; 0.02; 0.04; 0.04; 0.51; 0; 0; 0.02; 0.04; 0.62; 0; 0; 0; 0; 0.67; 0.04; 0; 0; 0; 0; 0; 0; 0.56; 0.54; 0; 0.57; 0.04; 0; 0; 0; 0; 0.04; 0.67; 0; 0; 0; 0; 0; 0; 0.04; 0.04; 0; 0; 0; 0.02; 0.39; 0.34; 0.02; 0; 0; 0.67; 0.02; 0.58; 0.16; 0.12; 0.02; 0; 0; 0.3; 0; 0; 0.57; 0.04; 0.04; 0.42; 0; 0; 0.02; 0.67; 0.02; 0.04; 0.04; 0.49; 0; 0; 0.02; 0; 0; 0.02; 0.28; 0.34; 0.02; 0; 0; 0.58; 0.02; 0.67; 0.12; 0.16; 0.02; 0; 0; 0.31; 0; 0; 0.04; 0.49; 0.42; 0.04; 0; 0; 0.16; 0.04; 0.12; 0.67; 0.51; 0.04; 0; 0; 0.21; 0; 0; 0.04; 0.38; 0.46; 0.04; 0; 0; 0.12; 0.04; 0.16; 0.51; 0.67; 0.04; 0; 0; 0.21; 0; 0; 0.39; 0.04; 0.04; 0.51; 0; 0; 0.02; 0.49; 0.02; 0.04; 0.04; 0.67; 0; 0; 0.02; 0.04; 0.54; 0; 0; 0; 0; 0.56; 0.04; 0; 0; 0; 0; 0; 0; 0.67; 0.55; 0; 0.04; 0.6; 0; 0; 0; 0; 0.54; 0.04; 0; 0; 0; 0; 0; 0; 0.55; 0.67; 0; 0; 0; 0.02; 0.16; 0.16; 0.02; 0; 0; 0.3; 0.02; 0.31; 0.21; 0.21; 0.02; 0; 0; 0.67}
Landmarks found:		0,0	12,11	11,12	5,13	13,5	6,15	15,6	1,14	14,1	2,9	9,2	8,10	10,8	3,4	4,3	7,7	16,16
ModelRef|ModelUpdt|Precision|Recall|F-measure:VerneMQ__two_client_will_retain.dot.kiss|VerneMQ__two_client_will_retain.dot.kiss|0.549020|0.549020|0.549020
States pair scores:	{0.67; 0.04; 0; 0; 0; 0; 0.04; 0.57; 0; 0; 0.04; 0.04; 0; 0; 0; 0; 0; 0; 0.04; 0.67; 0; 0; 0; 0; 0.62; 0.04; 0; 0; 0.54; 0.61; 0; 0; 0; 0; 0; 0; 0; 0; 0.66; 0.04; 0.04; 0.4; 0; 0; 0.57; 0.02; 0; 0; 0.02; 0.04; 0.04; 0.4; 0.02; 0.02; 0; 0; 0.04; 0.66; 0.6; 0.04; 0; 0; 0.04; 0.09; 0; 0; 0.12; 0.49; 0.42; 0.04; 0.13; 0.09; 0; 0; 0.04; 0.6; 0.66; 0.04; 0; 0; 0.04; 0.12; 0; 0; 0.09; 0.42; 0.49; 0.04; 0.09; 0.13; 0; 0; 0.52; 0.04; 0.04; 0.54; 0; 0; 0.42; 0.02; 0; 0; 0.02; 0.04; 0.04; 0.54; 0.02; 0.02; 0.04; 0.62; 0; 0; 0; 0; 0.67; 0.04; 0; 0; 0.56; 0.56; 0; 0; 0; 0; 0; 0; 0.57; 0.04; 0; 0; 0; 0; 0.04; 0.67; 0; 0; 0.04; 0.04; 0; 0; 0; 0; 0; 0; 0; 0; 0.02; 0.39; 0.34; 0.02; 0; 0; 0.02; 0.31; 0; 0; 0.36; 0.16; 0.12; 0.02; 0.34; 0.28; 0; 0; 0.57; 0.04; 0.04; 0.37; 0; 0; 0.66; 0.02; 0; 0; 0.02; 0.04; 0.04; 0.37; 0.02; 0.02; 0; 0; 0.02; 0.28; 0.34; 0.02; 0; 0; 0.02; 0.36; 0; 0; 0.31; 0.12; 0.16; 0.02; 0.27; 0.34; 0; 0; 0.04; 0.49; 0.42; 0.04; 0; 0; 0.04; 0.06; 0; 0; 0.11; 0.66; 0.54; 0.04; 0.12; 0.06; 0; 0; 0.04; 0.38; 0.46; 0.04; 0; 0; 0.04; 0.11; 0; 0; 0.06; 0.5; 0.66; 0.04; 0.06; 0.12; 0; 0; 0.39; 0.04; 0.04; 0.45; 0; 0; 0.49; 0.02; 0; 0; 0.02; 0.04; 0.04; 0.51; 0.02; 0.02; 0.04; 0.54; 0; 0; 0; 0; 0.56; 0.04; 0; 0; 0.67; 0.57; 0; 0; 0; 0; 0; 0; 0.04; 0.6; 0; 0; 0; 0; 0.54; 0.04; 0; 0; 0.55; 0.67; 0; 0; 0; 0; 0; 0; 0; 0; 0.02; 0.16; 0.16; 0.02; 0; 0; 0.02; 0.2; 0; 0; 0.2; 0.21; 0.21; 0.02; 0.35; 0.35}
Landmarks found:		0,0	12,13	13,15	5,2	15,6	1,10	14,1	11,14	6,11	2,8	4,3	3,4	7,7
Highest state pair found:	10,9
Highest state pair found:	16,16
Highest state pair found:	8,17
ModelRef|ModelUpdt|Precision|Recall|F-measure:VerneMQ__two_client_will_retain.dot.kiss|emqtt__two_client_will_retain.dot.kiss|0.461039|0.464052|0.462541
States pair scores:	{0.6; 0.04; 0; 0; 0; 0; 0.04; 0.51; 0; 0; 0; 0; 0; 0; 0; 0.04; 0.04; 0.04; 0.42; 0; 0; 0; 0; 0.38; 0.04; 0; 0; 0; 0; 0; 0; 0; 0.28; 0.33; 0; 0; 0.53; 0.04; 0.04; 0.35; 0; 0; 0.02; 0.46; 0.02; 0.29; 0.04; 0.04; 0.02; 0; 0; 0; 0; 0.04; 0.41; 0.37; 0.04; 0; 0; 0.08; 0.04; 0.06; 0.04; 0.27; 0.19; 0.06; 0; 0; 0; 0; 0.04; 0.37; 0.41; 0.04; 0; 0; 0.06; 0.04; 0.08; 0.04; 0.23; 0.24; 0.06; 0; 0; 0; 0; 0.45; 0.04; 0.04; 0.42; 0; 0; 0.02; 0.37; 0.02; 0.33; 0.04; 0.04; 0.02; 0; 0; 0.04; 0.38; 0; 0; 0; 0; 0.41; 0.04; 0; 0; 0; 0; 0; 0; 0; 0.29; 0.29; 0.51; 0.04; 0; 0; 0; 0; 0.04; 0.61; 0; 0; 0; 0; 0; 0; 0; 0.04; 0.04; 0; 0; 0.02; 0.29; 0.25; 0.02; 0; 0; 0.2; 0.02; 0.16; 0.02; 0.11; 0.08; 0.09; 0; 0; 0; 0; 0.46; 0.04; 0.04; 0.33; 0; 0; 0.02; 0.54; 0.02; 0.36; 0.04; 0.04; 0.02; 0; 0; 0; 0; 0.02; 0.2; 0.24; 0.02; 0; 0; 0.16; 0.02; 0.2; 0.02; 0.08; 0.11; 0.09; 0; 0; 0; 0; 0.04; 0.27; 0.23; 0.04; 0; 0; 0.06; 0.04; 0.04; 0.04; 0.35; 0.25; 0.09; 0; 0; 0; 0; 0.04; 0.19; 0.24; 0.04; 0; 0; 0.04; 0.04; 0.06; 0.04; 0.25; 0.29; 0.09; 0; 0; 0; 0; 0.34; 0.04; 0.04; 0.33; 0; 0; 0.02; 0.42; 0.02; 0.44; 0.04; 0.04; 0.02; 0; 0; 0.04; 0.28; 0; 0; 0; 0; 0.29; 0.04; 0; 0; 0; 0; 0; 0; 0; 0.36; 0.3; 0.04; 0.33; 0; 0; 0; 0; 0.29; 0.04; 0; 0; 0; 0; 0; 0; 0; 0.3; 0.36; 0; 0; 0.02; 0.11; 0.11; 0.02; 0; 0; 0.09; 0.02; 0.09; 0.02; 0.14; 0.14; 0.33; 0; 0}
Landmarks found:		0,0	2,2	9,9	7,7
Highest state pair found:	13,11
Highest state pair found:	5,5
Highest state pair found:	1,1
Highest state pair found:	6,6
Highest state pair found:	4,4
Highest state pair found:	3,3
Highest state pair found:	14,15
Highest state pair found:	15,16
Highest state pair found:	11,12
Highest state pair found:	12,13
Highest state pair found:	16,14
Highest state pair found:	8,8
Highest state pair found:	10,10
ModelRef|ModelUpdt|Precision|Recall|F-measure:VerneMQ__two_client_will_retain.dot.kiss|hbmqtt__two_client_will_retain.dot.kiss|0.732026|0.732026|0.732026
States pair scores:	{0.67; 0.04; 0; 0; 0; 0; 0.04; 0.57; 0; 0; 0; 0; 0; 0; 0; 0; 0.04; 0.04; 0.04; 0.67; 0; 0; 0; 0; 0.62; 0.04; 0; 0; 0; 0; 0; 0; 0; 0; 0.54; 0.61; 0; 0; 0.66; 0.04; 0.04; 0.4; 0; 0; 0.02; 0.57; 0.02; 0.35; 0.02; 0.02; 0.04; 0.04; 0; 0; 0; 0; 0.04; 0.66; 0.6; 0.04; 0; 0; 0.12; 0.04; 0.09; 0.04; 0.11; 0.06; 0.49; 0.42; 0; 0; 0; 0; 0.04; 0.6; 0.66; 0.04; 0; 0; 0.09; 0.04; 0.12; 0.04; 0.06; 0.11; 0.42; 0.49; 0; 0; 0; 0; 0.52; 0.04; 0.04; 0.54; 0; 0; 0.02; 0.42; 0.02; 0.47; 0.02; 0.02; 0.04; 0.04; 0; 0; 0.04; 0.62; 0; 0; 0; 0; 0.67; 0.04; 0; 0; 0; 0; 0; 0; 0; 0; 0.56; 0.56; 0.57; 0.04; 0; 0; 0; 0; 0.04; 0.67; 0; 0; 0; 0; 0; 0; 0; 0; 0.04; 0.04; 0; 0; 0.02; 0.39; 0.34; 0.02; 0; 0; 0.36; 0.02; 0.31; 0.02; 0.21; 0.15; 0.16; 0.12; 0; 0; 0; 0; 0.57; 0.04; 0.04; 0.37; 0; 0; 0.02; 0.66; 0.02; 0.44; 0.02; 0.02; 0.04; 0.04; 0; 0; 0; 0; 0.02; 0.28; 0.34; 0.02; 0; 0; 0.31; 0.02; 0.36; 0.02; 0.16; 0.21; 0.12; 0.16; 0; 0; 0; 0; 0.04; 0.49; 0.42; 0.04; 0; 0; 0.11; 0.04; 0.06; 0.04; 0.16; 0.09; 0.66; 0.55; 0; 0; 0; 0; 0.04; 0.38; 0.46; 0.04; 0; 0; 0.06; 0.04; 0.11; 0.04; 0.09; 0.16; 0.51; 0.66; 0; 0; 0; 0; 0.39; 0.04; 0.04; 0.45; 0; 0; 0.02; 0.49; 0.02; 0.59; 0.02; 0.02; 0.04; 0.04; 0; 0; 0.04; 0.54; 0; 0; 0; 0; 0.56; 0.04; 0; 0; 0; 0; 0; 0; 0; 0; 0.67; 0.57; 0.04; 0.6; 0; 0; 0; 0; 0.54; 0.04; 0; 0; 0; 0; 0; 0; 0; 0; 0.55; 0.67; 0; 0; 0.02; 0.16; 0.16; 0.02; 0; 0; 0.2; 0.02; 0.2; 0.02; 0.48; 0.48; 0.21; 0.21; 0; 0}
Landmarks found:		0,0	12,14	5,2	15,6	1,16	14,1	11,15	6,17	2,9	13,11	4,3	3,4	7,7
Highest state pair found:	16,12
Highest state pair found:	10,10
Highest state pair found:	8,13
ModelRef|ModelUpdt|Precision|Recall|F-measure:VerneMQ__two_client_will_retain.dot.kiss|mosquitto__two_client_will_retain.dot.kiss|0.470588|0.470588|0.470588
States pair scores:	{0.67; 0.04; 0; 0; 0; 0; 0.04; 0.57; 0; 0; 0; 0; 0; 0; 0.04; 0.04; 0; 0; 0.04; 0.67; 0; 0; 0; 0; 0.62; 0.04; 0; 0; 0; 0; 0; 0; 0.54; 0.61; 0; 0; 0; 0; 0.67; 0.04; 0.04; 0.41; 0; 0; 0.02; 0.57; 0.02; 0.4; 0.04; 0.04; 0; 0; 0.02; 0.02; 0; 0; 0.04; 0.67; 0.6; 0.04; 0; 0; 0.13; 0.04; 0.09; 0.04; 0.49; 0.42; 0; 0; 0.13; 0.09; 0; 0; 0.04; 0.6; 0.67; 0.04; 0; 0; 0.09; 0.04; 0.13; 0.04; 0.42; 0.49; 0; 0; 0.09; 0.13; 0; 0; 0.41; 0.04; 0.04; 0.67; 0; 0; 0.02; 0.37; 0.02; 0.63; 0.04; 0.04; 0; 0; 0.02; 0.02; 0.04; 0.62; 0; 0; 0; 0; 0.67; 0.04; 0; 0; 0; 0; 0; 0; 0.56; 0.56; 0; 0; 0.57; 0.04; 0; 0; 0; 0; 0.04; 0.67; 0; 0; 0; 0; 0; 0; 0.04; 0.04; 0; 0; 0; 0; 0.57; 0.04; 0.04; 0.37; 0; 0; 0.02; 0.67; 0.02; 0.37; 0.04; 0.04; 0; 0; 0.02; 0.02; 0; 0; 0.02; 0.09; 0.13; 0.02; 0; 0; 0.61; 0.02; 0.67; 0.02; 0.06; 0.11; 0; 0; 0.41; 0.47; 0.04; 0.54; 0; 0; 0; 0; 0.56; 0.04; 0; 0; 0; 0; 0; 0; 0.67; 0.57; 0; 0; 0.04; 0.61; 0; 0; 0; 0; 0.56; 0.04; 0; 0; 0; 0; 0; 0; 0.57; 0.67; 0; 0; 0; 0; 0.02; 0.13; 0.09; 0.02; 0; 0; 0.67; 0.02; 0.61; 0.02; 0.11; 0.06; 0; 0; 0.47; 0.41; 0; 0; 0.04; 0.49; 0.42; 0.04; 0; 0; 0.11; 0.04; 0.06; 0.04; 0.67; 0.55; 0; 0; 0.12; 0.06; 0; 0; 0.04; 0.42; 0.49; 0.04; 0; 0; 0.06; 0.04; 0.11; 0.04; 0.55; 0.67; 0; 0; 0.06; 0.12; 0; 0; 0.4; 0.04; 0.04; 0.63; 0; 0; 0.02; 0.37; 0.02; 0.67; 0.04; 0.04; 0; 0; 0.02; 0.02; 0; 0; 0.02; 0.13; 0.09; 0.02; 0; 0; 0.47; 0.02; 0.41; 0.02; 0.12; 0.06; 0; 0; 0.67; 0.48; 0; 0; 0.02; 0.09; 0.13; 0.02; 0; 0; 0.41; 0.02; 0.47; 0.02; 0.06; 0.12; 0; 0; 0.48; 0.67}
Landmarks found:		0,0	1,14	10,1	13,13	14,12	6,15	11,6	2,9	8,2	3,4	4,3	9,8	12,10	5,11	15,5	16,16	17,17	7,7
ModelRef|ModelUpdt|Precision|Recall|F-measure:emqtt__two_client_will_retain.dot.kiss|ActiveMQ__two_client_will_retain.dot.kiss|0.524691|0.524691|0.524691
States pair scores:	{0.67; 0.04; 0; 0; 0; 0; 0.04; 0.57; 0; 0; 0; 0; 0; 0; 0.04; 0.04; 0; 0.04; 0.67; 0; 0; 0; 0; 0.62; 0.04; 0; 0; 0; 0; 0; 0; 0.54; 0.6; 0; 0; 0; 0.66; 0.04; 0.04; 0.52; 0; 0; 0.02; 0.57; 0.02; 0.04; 0.04; 0.39; 0; 0; 0.02; 0; 0; 0.04; 0.66; 0.6; 0.04; 0; 0; 0.39; 0.04; 0.28; 0.49; 0.38; 0.04; 0; 0; 0.16; 0; 0; 0.04; 0.6; 0.66; 0.04; 0; 0; 0.34; 0.04; 0.34; 0.42; 0.46; 0.04; 0; 0; 0.16; 0; 0; 0.4; 0.04; 0.04; 0.54; 0; 0; 0.02; 0.37; 0.02; 0.04; 0.04; 0.45; 0; 0; 0.02; 0.04; 0.62; 0; 0; 0; 0; 0.67; 0.04; 0; 0; 0; 0; 0; 0; 0.56; 0.54; 0; 0.57; 0.04; 0; 0; 0; 0; 0.04; 0.67; 0; 0; 0; 0; 0; 0; 0.04; 0.04; 0; 0; 0; 0.57; 0.04; 0.04; 0.42; 0; 0; 0.02; 0.66; 0.02; 0.04; 0.04; 0.49; 0; 0; 0.02; 0; 0; 0.02; 0.09; 0.12; 0.02; 0; 0; 0.31; 0.02; 0.36; 0.06; 0.11; 0.02; 0; 0; 0.2; 0.04; 0.54; 0; 0; 0; 0; 0.56; 0.04; 0; 0; 0; 0; 0; 0; 0.67; 0.55; 0; 0.04; 0.61; 0; 0; 0; 0; 0.56; 0.04; 0; 0; 0; 0; 0; 0; 0.57; 0.67; 0; 0; 0; 0.02; 0.12; 0.09; 0.02; 0; 0; 0.36; 0.02; 0.31; 0.11; 0.06; 0.02; 0; 0; 0.2; 0; 0; 0.04; 0.49; 0.42; 0.04; 0; 0; 0.16; 0.04; 0.12; 0.66; 0.5; 0.04; 0; 0; 0.21; 0; 0; 0.04; 0.42; 0.49; 0.04; 0; 0; 0.12; 0.04; 0.16; 0.54; 0.66; 0.04; 0; 0; 0.21; 0; 0; 0.4; 0.04; 0.04; 0.54; 0; 0; 0.02; 0.37; 0.02; 0.04; 0.04; 0.51; 0; 0; 0.02; 0; 0; 0.02; 0.13; 0.09; 0.02; 0; 0; 0.34; 0.02; 0.27; 0.12; 0.06; 0.02; 0; 0; 0.35; 0; 0; 0.02; 0.09; 0.13; 0.02; 0; 0; 0.28; 0.02; 0.34; 0.06; 0.12; 0.02; 0; 0; 0.35}
Landmarks found:		0,0	13,12	15,13	2,5	6,15	10,1	1,14	14,11	11,6	8,2	3,4	4,3	7,7
Highest state pair found:	9,10
Highest state pair found:	16,16
Highest state pair found:	17,8
ModelRef|ModelUpdt|Precision|Recall|F-measure:emqtt__two_client_will_retain.dot.kiss|VerneMQ__two_client_will_retain.dot.kiss|0.470199|0.438272|0.453674
States pair scores:	{0.67; 0.04; 0; 0; 0; 0; 0.04; 0.57; 0; 0; 0.04; 0.04; 0; 0; 0; 0; 0; 0; 0.04; 0.67; 0; 0; 0; 0; 0.62; 0.04; 0; 0; 0.54; 0.61; 0; 0; 0; 0; 0; 0; 0; 0; 0.67; 0.04; 0.04; 0.41; 0; 0; 0.57; 0.02; 0; 0; 0.02; 0.04; 0.04; 0.4; 0.02; 0.02; 0; 0; 0.04; 0.67; 0.6; 0.04; 0; 0; 0.04; 0.09; 0; 0; 0.13; 0.49; 0.42; 0.04; 0.13; 0.09; 0; 0; 0.04; 0.6; 0.67; 0.04; 0; 0; 0.04; 0.13; 0; 0; 0.09; 0.42; 0.49; 0.04; 0.09; 0.13; 0; 0; 0.41; 0.04; 0.04; 0.67; 0; 0; 0.37; 0.02; 0; 0; 0.02; 0.04; 0.04; 0.63; 0.02; 0.02; 0.04; 0.62; 0; 0; 0; 0; 0.67; 0.04; 0; 0; 0.56; 0.56; 0; 0; 0; 0; 0; 0; 0.57; 0.04; 0; 0; 0; 0; 0.04; 0.67; 0; 0; 0.04; 0.04; 0; 0; 0; 0; 0; 0; 0; 0; 0.57; 0.04; 0.04; 0.37; 0; 0; 0.67; 0.02; 0; 0; 0.02; 0.04; 0.04; 0.37; 0.02; 0.02; 0; 0; 0.02; 0.09; 0.13; 0.02; 0; 0; 0.02; 0.67; 0; 0; 0.61; 0.06; 0.11; 0.02; 0.41; 0.47; 0.04; 0.54; 0; 0; 0; 0; 0.56; 0.04; 0; 0; 0.67; 0.57; 0; 0; 0; 0; 0; 0; 0.04; 0.61; 0; 0; 0; 0; 0.56; 0.04; 0; 0; 0.57; 0.67; 0; 0; 0; 0; 0; 0; 0; 0; 0.02; 0.13; 0.09; 0.02; 0; 0; 0.02; 0.61; 0; 0; 0.67; 0.11; 0.06; 0.02; 0.47; 0.41; 0; 0; 0.04; 0.49; 0.42; 0.04; 0; 0; 0.04; 0.06; 0; 0; 0.11; 0.67; 0.55; 0.04; 0.12; 0.06; 0; 0; 0.04; 0.42; 0.49; 0.04; 0; 0; 0.04; 0.11; 0; 0; 0.06; 0.55; 0.67; 0.04; 0.06; 0.12; 0; 0; 0.4; 0.04; 0.04; 0.63; 0; 0; 0.37; 0.02; 0; 0; 0.02; 0.04; 0.04; 0.67; 0.02; 0.02; 0; 0; 0.02; 0.13; 0.09; 0.02; 0; 0; 0.02; 0.41; 0; 0; 0.47; 0.12; 0.06; 0.02; 0.67; 0.48; 0; 0; 0.02; 0.09; 0.13; 0.02; 0; 0; 0.02; 0.47; 0; 0; 0.41; 0.06; 0.12; 0.02; 0.48; 0.67}
Landmarks found:		0,0	1,10	10,1	13,14	14,13	6,11	11,6	2,8	8,2	3,4	4,3	9,12	12,9	5,15	15,5	16,16	17,17	7,7
ModelRef|ModelUpdt|Precision|Recall|F-measure:emqtt__two_client_will_retain.dot.kiss|emqtt__two_client_will_retain.dot.kiss|0.524691|0.524691|0.524691
States pair scores:	{0.6; 0.04; 0; 0; 0; 0; 0.04; 0.51; 0; 0; 0; 0; 0; 0; 0; 0.04; 0.04; 0.04; 0.42; 0; 0; 0; 0; 0.38; 0.04; 0; 0; 0; 0; 0; 0; 0; 0.28; 0.33; 0; 0; 0.53; 0.04; 0.04; 0.35; 0; 0; 0.02; 0.46; 0.02; 0.29; 0.04; 0.04; 0.02; 0; 0; 0; 0; 0.04; 0.41; 0.37; 0.04; 0; 0; 0.08; 0.04; 0.06; 0.04; 0.27; 0.19; 0.06; 0; 0; 0; 0; 0.04; 0.37; 0.41; 0.04; 0; 0; 0.06; 0.04; 0.08; 0.04; 0.23; 0.24; 0.06; 0; 0; 0; 0; 0.35; 0.04; 0.04; 0.52; 0; 0; 0.02; 0.33; 0.02; 0.37; 0.04; 0.04; 0.02; 0; 0; 0.04; 0.38; 0; 0; 0; 0; 0.41; 0.04; 0; 0; 0; 0; 0; 0; 0; 0.29; 0.29; 0.51; 0.04; 0; 0; 0; 0; 0.04; 0.61; 0; 0; 0; 0; 0; 0; 0; 0.04; 0.04; 0; 0; 0.46; 0.04; 0.04; 0.33; 0; 0; 0.02; 0.54; 0.02; 0.36; 0.04; 0.04; 0.02; 0; 0; 0; 0; 0.02; 0.06; 0.08; 0.02; 0; 0; 0.36; 0.02; 0.38; 0.02; 0.04; 0.06; 0.14; 0; 0; 0.04; 0.28; 0; 0; 0; 0; 0.29; 0.04; 0; 0; 0; 0; 0; 0; 0; 0.36; 0.3; 0.04; 0.33; 0; 0; 0; 0; 0.29; 0.04; 0; 0; 0; 0; 0; 0; 0; 0.3; 0.36; 0; 0; 0.02; 0.08; 0.06; 0.02; 0; 0; 0.4; 0.02; 0.33; 0.02; 0.06; 0.04; 0.14; 0; 0; 0; 0; 0.04; 0.27; 0.23; 0.04; 0; 0; 0.06; 0.04; 0.04; 0.04; 0.35; 0.25; 0.09; 0; 0; 0; 0; 0.04; 0.23; 0.27; 0.04; 0; 0; 0.04; 0.04; 0.06; 0.04; 0.29; 0.31; 0.09; 0; 0; 0; 0; 0.35; 0.04; 0.04; 0.48; 0; 0; 0.02; 0.33; 0.02; 0.44; 0.04; 0.04; 0.02; 0; 0; 0; 0; 0.02; 0.08; 0.06; 0.02; 0; 0; 0.24; 0.02; 0.2; 0.02; 0.07; 0.04; 0.24; 0; 0; 0; 0; 0.02; 0.06; 0.08; 0.02; 0; 0; 0.2; 0.02; 0.24; 0.02; 0.04; 0.07; 0.24; 0; 0}
Landmarks found:		0,0	5,5	2,2	8,9	7,7
Highest state pair found:	15,11
Highest state pair found:	1,1
Highest state pair found:	6,6
Highest state pair found:	3,3
Highest state pair found:	4,4
Highest state pair found:	12,8
Highest state pair found:	9,10
Highest state pair found:	10,15
Highest state pair found:	11,16
Highest state pair found:	13,12
Highest state pair found:	14,13
Highest state pair found:	16,14
ModelRef|ModelUpdt|Precision|Recall|F-measure:emqtt__two_client_will_retain.dot.kiss|hbmqtt__two_client_will_retain.dot.kiss|0.758170|0.716049|0.736508
States pair scores:	{0.67; 0.04; 0; 0; 0; 0; 0.04; 0.57; 0; 0; 0; 0; 0; 0; 0; 0; 0.04; 0.04; 0.04; 0.67; 0; 0; 0; 0; 0.62; 0.04; 0; 0; 0; 0; 0; 0; 0; 0; 0.54; 0.61; 0; 0; 0.67; 0.04; 0.04; 0.41; 0; 0; 0.02; 0.57; 0.02; 0.35; 0.02; 0.02; 0.04; 0.04; 0; 0; 0; 0; 0.04; 0.67; 0.6; 0.04; 0; 0; 0.13; 0.04; 0.09; 0.04; 0.11; 0.06; 0.49; 0.42; 0; 0; 0; 0; 0.04; 0.6; 0.67; 0.04; 0; 0; 0.09; 0.04; 0.13; 0.04; 0.06; 0.11; 0.42; 0.49; 0; 0; 0; 0; 0.41; 0.04; 0.04; 0.67; 0; 0; 0.02; 0.37; 0.02; 0.53; 0.02; 0.02; 0.04; 0.04; 0; 0; 0.04; 0.62; 0; 0; 0; 0; 0.67; 0.04; 0; 0; 0; 0; 0; 0; 0; 0; 0.56; 0.56; 0.57; 0.04; 0; 0; 0; 0; 0.04; 0.67; 0; 0; 0; 0; 0; 0; 0; 0; 0.04; 0.04; 0; 0; 0.57; 0.04; 0.04; 0.37; 0; 0; 0.02; 0.66; 0.02; 0.44; 0.02; 0.02; 0.04; 0.04; 0; 0; 0; 0; 0.02; 0.09; 0.13; 0.02; 0; 0; 0.61; 0.02; 0.66; 0.02; 0.26; 0.31; 0.06; 0.11; 0; 0; 0.04; 0.54; 0; 0; 0; 0; 0.56; 0.04; 0; 0; 0; 0; 0; 0; 0; 0; 0.67; 0.57; 0.04; 0.61; 0; 0; 0; 0; 0.56; 0.04; 0; 0; 0; 0; 0; 0; 0; 0; 0.57; 0.67; 0; 0; 0.02; 0.13; 0.09; 0.02; 0; 0; 0.67; 0.02; 0.6; 0.02; 0.31; 0.26; 0.11; 0.06; 0; 0; 0; 0; 0.04; 0.49; 0.42; 0.04; 0; 0; 0.11; 0.04; 0.06; 0.04; 0.16; 0.09; 0.66; 0.55; 0; 0; 0; 0; 0.04; 0.42; 0.49; 0.04; 0; 0; 0.06; 0.04; 0.11; 0.04; 0.09; 0.16; 0.55; 0.66; 0; 0; 0; 0; 0.4; 0.04; 0.04; 0.63; 0; 0; 0.02; 0.37; 0.02; 0.58; 0.02; 0.02; 0.04; 0.04; 0; 0; 0; 0; 0.02; 0.13; 0.09; 0.02; 0; 0; 0.47; 0.02; 0.4; 0.02; 0.49; 0.37; 0.12; 0.06; 0; 0; 0; 0; 0.02; 0.09; 0.13; 0.02; 0; 0; 0.41; 0.02; 0.47; 0.02; 0.37; 0.49; 0.06; 0.12; 0; 0}
Landmarks found:		0,0	5,11	10,1	1,16	13,15	14,14	6,17	11,6	2,9	8,2	12,10	3,4	4,3	9,8	15,5	7,7
Highest state pair found:	17,12
Highest state pair found:	16,13
ModelRef|ModelUpdt|Precision|Recall|F-measure:emqtt__two_client_will_retain.dot.kiss|mosquitto__two_client_will_retain.dot.kiss|0.555556|0.555556|0.555556
States pair scores:	{0.6; 0.04; 0; 0; 0; 0; 0.04; 0.51; 0; 0; 0; 0; 0; 0; 0.04; 0.04; 0; 0; 0.04; 0.42; 0; 0; 0; 0; 0.38; 0.04; 0; 0; 0; 0; 0; 0; 0.28; 0.33; 0; 0; 0; 0; 0.53; 0.04; 0.04; 0.35; 0; 0; 0.02; 0.46; 0.02; 0.35; 0.04; 0.04; 0; 0; 0.02; 0.02; 0; 0; 0.04; 0.41; 0.37; 0.04; 0; 0; 0.08; 0.04; 0.06; 0.04; 0.27; 0.23; 0; 0; 0.08; 0.06; 0; 0; 0.04; 0.37; 0.41; 0.04; 0; 0; 0.06; 0.04; 0.08; 0.04; 0.23; 0.27; 0; 0; 0.06; 0.08; 0; 0; 0.35; 0.04; 0.04; 0.52; 0; 0; 0.02; 0.33; 0.02; 0.48; 0.04; 0.04; 0; 0; 0.02; 0.02; 0.04; 0.38; 0; 0; 0; 0; 0.41; 0.04; 0; 0; 0; 0; 0; 0; 0.29; 0.29; 0; 0; 0.51; 0.04; 0; 0; 0; 0; 0.04; 0.61; 0; 0; 0; 0; 0; 0; 0.04; 0.04; 0; 0; 0; 0; 0.02; 0.08; 0.06; 0.02; 0; 0; 0.4; 0.02; 0.36; 0.02; 0.06; 0.04; 0; 0; 0.24; 0.2; 0; 0; 0.46; 0.04; 0.04; 0.33; 0; 0; 0.02; 0.54; 0.02; 0.33; 0.04; 0.04; 0; 0; 0.02; 0.02; 0; 0; 0.02; 0.06; 0.08; 0.02; 0; 0; 0.33; 0.02; 0.38; 0.02; 0.04; 0.06; 0; 0; 0.2; 0.24; 0; 0; 0.29; 0.04; 0.04; 0.37; 0; 0; 0.02; 0.36; 0.02; 0.44; 0.04; 0.04; 0; 0; 0.02; 0.02; 0; 0; 0.04; 0.27; 0.23; 0.04; 0; 0; 0.06; 0.04; 0.04; 0.04; 0.35; 0.29; 0; 0; 0.07; 0.04; 0; 0; 0.04; 0.19; 0.24; 0.04; 0; 0; 0.04; 0.04; 0.06; 0.04; 0.25; 0.31; 0; 0; 0.04; 0.07; 0; 0; 0.02; 0.06; 0.06; 0.02; 0; 0; 0.14; 0.02; 0.14; 0.02; 0.09; 0.09; 0; 0; 0.24; 0.24; 0.04; 0.28; 0; 0; 0; 0; 0.29; 0.04; 0; 0; 0; 0; 0; 0; 0.36; 0.3; 0; 0; 0.04; 0.33; 0; 0; 0; 0; 0.29; 0.04; 0; 0; 0; 0; 0; 0; 0.3; 0.36; 0; 0}
Landmarks found:		0,0	5,5	2,2	9,9	7,7
Highest state pair found:	11,11
Highest state pair found:	1,1
Highest state pair found:	6,6
Highest state pair found:	3,3
Highest state pair found:	4,4
Highest state pair found:	8,8
Highest state pair found:	10,10
Highest state pair found:	15,14
Highest state pair found:	16,15
Highest state pair found:	12,12
Highest state pair found:	13,13
Highest state pair found:	14,16
ModelRef|ModelUpdt|Precision|Recall|F-measure:hbmqtt__two_client_will_retain.dot.kiss|ActiveMQ__two_client_will_retain.dot.kiss|0.716049|0.758170|0.736508
States pair scores:	{0.6; 0.04; 0; 0; 0; 0; 0.04; 0.51; 0; 0; 0; 0; 0; 0; 0.04; 0.04; 0; 0.04; 0.42; 0; 0; 0; 0; 0.38; 0.04; 0; 0; 0; 0; 0; 0; 0.28; 0.33; 0; 0; 0; 0.53; 0.04; 0.04; 0.45; 0; 0; 0.02; 0.46; 0.02; 0.04; 0.04; 0.34; 0; 0; 0.02; 0; 0; 0.04; 0.41; 0.37; 0.04; 0; 0; 0.29; 0.04; 0.2; 0.27; 0.19; 0.04; 0; 0; 0.11; 0; 0; 0.04; 0.37; 0.41; 0.04; 0; 0; 0.25; 0.04; 0.24; 0.23; 0.24; 0.04; 0; 0; 0.11; 0; 0; 0.35; 0.04; 0.04; 0.42; 0; 0; 0.02; 0.33; 0.02; 0.04; 0.04; 0.33; 0; 0; 0.02; 0.04; 0.38; 0; 0; 0; 0; 0.41; 0.04; 0; 0; 0; 0; 0; 0; 0.29; 0.29; 0; 0.51; 0.04; 0; 0; 0; 0; 0.04; 0.61; 0; 0; 0; 0; 0; 0; 0.04; 0.04; 0; 0; 0; 0.02; 0.08; 0.06; 0.02; 0; 0; 0.2; 0.02; 0.16; 0.06; 0.04; 0.02; 0; 0; 0.09; 0; 0; 0.46; 0.04; 0.04; 0.37; 0; 0; 0.02; 0.54; 0.02; 0.04; 0.04; 0.42; 0; 0; 0.02; 0; 0; 0.02; 0.06; 0.08; 0.02; 0; 0; 0.16; 0.02; 0.2; 0.04; 0.06; 0.02; 0; 0; 0.09; 0; 0; 0.29; 0.04; 0.04; 0.33; 0; 0; 0.02; 0.36; 0.02; 0.04; 0.04; 0.44; 0; 0; 0.02; 0; 0; 0.04; 0.27; 0.23; 0.04; 0; 0; 0.11; 0.04; 0.08; 0.35; 0.25; 0.04; 0; 0; 0.14; 0; 0; 0.04; 0.19; 0.24; 0.04; 0; 0; 0.08; 0.04; 0.11; 0.25; 0.29; 0.04; 0; 0; 0.14; 0; 0; 0.02; 0.06; 0.06; 0.02; 0; 0; 0.09; 0.02; 0.09; 0.09; 0.09; 0.02; 0; 0; 0.33; 0.04; 0.28; 0; 0; 0; 0; 0.29; 0.04; 0; 0; 0; 0; 0; 0; 0.36; 0.3; 0; 0.04; 0.33; 0; 0; 0; 0; 0.29; 0.04; 0; 0; 0; 0; 0; 0; 0.3; 0.36; 0}
Landmarks found:		0,0	2,2	9,9	7,7
Highest state pair found:	11,13
Highest state pair found:	5,5
Highest state pair found:	1,1
Highest state pair found:	6,6
Highest state pair found:	4,4
Highest state pair found:	3,3
Highest state pair found:	15,14
Highest state pair found:	16,15
Highest state pair found:	12,11
Highest state pair found:	13,12
Highest state pair found:	14,16
Highest state pair found:	8,8
Highest state pair found:	10,10
ModelRef|ModelUpdt|Precision|Recall|F-measure:hbmqtt__two_client_will_retain.dot.kiss|VerneMQ__two_client_will_retain.dot.kiss|0.732026|0.732026|0.732026
States pair scores:	{0.6; 0.04; 0; 0; 0; 0; 0.04; 0.51; 0; 0; 0.04; 0.04; 0; 0; 0; 0; 0; 0; 0.04; 0.42; 0; 0; 0; 0; 0.38; 0.04; 0; 0; 0.28; 0.33; 0; 0; 0; 0; 0; 0; 0; 0; 0.53; 0.04; 0.04; 0.35; 0; 0; 0.46; 0.02; 0; 0; 0.02; 0.04; 0.04; 0.35; 0.02; 0.02; 0; 0; 0.04; 0.41; 0.37; 0.04; 0; 0; 0.04; 0.06; 0; 0; 0.08; 0.27; 0.23; 0.04; 0.08; 0.06; 0; 0; 0.04; 0.37; 0.41; 0.04; 0; 0; 0.04; 0.08; 0; 0; 0.06; 0.23; 0.27; 0.04; 0.06; 0.08; 0; 0; 0.35; 0.04; 0.04; 0.52; 0; 0; 0.33; 0.02; 0; 0; 0.02; 0.04; 0.04; 0.48; 0.02; 0.02; 0.04; 0.38; 0; 0; 0; 0; 0.41; 0.04; 0; 0; 0.29; 0.29; 0; 0; 0; 0; 0; 0; 0.51; 0.04; 0; 0; 0; 0; 0.04; 0.61; 0; 0; 0.04; 0.04; 0; 0; 0; 0; 0; 0; 0; 0; 0.02; 0.08; 0.06; 0.02; 0; 0; 0.02; 0.36; 0; 0; 0.4; 0.06; 0.04; 0.02; 0.24; 0.2; 0; 0; 0.46; 0.04; 0.04; 0.33; 0; 0; 0.54; 0.02; 0; 0; 0.02; 0.04; 0.04; 0.33; 0.02; 0.02; 0; 0; 0.02; 0.06; 0.08; 0.02; 0; 0; 0.02; 0.38; 0; 0; 0.33; 0.04; 0.06; 0.02; 0.2; 0.24; 0; 0; 0.29; 0.04; 0.04; 0.37; 0; 0; 0.36; 0.02; 0; 0; 0.02; 0.04; 0.04; 0.44; 0.02; 0.02; 0; 0; 0.04; 0.27; 0.23; 0.04; 0; 0; 0.04; 0.04; 0; 0; 0.06; 0.35; 0.29; 0.04; 0.07; 0.04; 0; 0; 0.04; 0.19; 0.24; 0.04; 0; 0; 0.04; 0.06; 0; 0; 0.04; 0.25; 0.31; 0.04; 0.04; 0.07; 0; 0; 0.02; 0.06; 0.06; 0.02; 0; 0; 0.02; 0.14; 0; 0; 0.14; 0.09; 0.09; 0.02; 0.24; 0.24; 0.04; 0.28; 0; 0; 0; 0; 0.29; 0.04; 0; 0; 0.36; 0.3; 0; 0; 0; 0; 0; 0; 0.04; 0.33; 0; 0; 0; 0; 0.29; 0.04; 0; 0; 0.3; 0.36; 0; 0; 0; 0; 0; 0}
Landmarks found:		0,0	5,5	2,2	9,8	7,7
Highest state pair found:	11,15
Highest state pair found:	1,1
Highest state pair found:	6,6
Highest state pair found:	3,3
Highest state pair found:	4,4
Highest state pair found:	8,12
Highest state pair found:	10,9
Highest state pair found:	15,10
Highest state pair found:	16,11
Highest state pair found:	12,13
Highest state pair found:	13,14
Highest state pair found:	14,16
ModelRef|ModelUpdt|Precision|Recall|F-measure:hbmqtt__two_client_will_retain.dot.kiss|emqtt__two_client_will_retain.dot.kiss|0.716049|0.758170|0.736508
States pair scores:	{0.67; 0.04; 0; 0; 0; 0; 0.04; 0.57; 0; 0; 0; 0; 0; 0; 0; 0.04; 0.04; 0.04; 0.67; 0; 0; 0; 0; 0.62; 0.04; 0; 0; 0; 0; 0; 0; 0; 0.51; 0.6; 0; 0; 0.67; 0.04; 0.04; 0.46; 0; 0; 0.02; 0.57; 0.02; 0.39; 0.04; 0.04; 0.02; 0; 0; 0; 0; 0.04; 0.67; 0.62; 0.04; 0; 0; 0.25; 0.04; 0.22; 0.04; 0.51; 0.43; 0.22; 0; 0; 0; 0; 0.04; 0.62; 0.67; 0.04; 0; 0; 0.22; 0.04; 0.25; 0.04; 0.46; 0.5; 0.22; 0; 0; 0; 0; 0.46; 0.04; 0.04; 0.67; 0; 0; 0.02; 0.42; 0.02; 0.5; 0.04; 0.04; 0.02; 0; 0; 0.04; 0.62; 0; 0; 0; 0; 0.67; 0.04; 0; 0; 0; 0; 0; 0; 0; 0.54; 0.54; 0.57; 0.04; 0; 0; 0; 0; 0.04; 0.67; 0; 0; 0; 0; 0; 0; 0; 0.04; 0.04; 0; 0; 0.02; 0.25; 0.22; 0.02; 0; 0; 0.67; 0.02; 0.6; 0.02; 0.24; 0.19; 0.38; 0; 0; 0; 0; 0.57; 0.04; 0.04; 0.42; 0; 0; 0.02; 0.67; 0.02; 0.48; 0.04; 0.04; 0.02; 0; 0; 0; 0; 0.02; 0.22; 0.25; 0.02; 0; 0; 0.6; 0.02; 0.67; 0.02; 0.19; 0.24; 0.38; 0; 0; 0; 0; 0.39; 0.04; 0.04; 0.5; 0; 0; 0.02; 0.48; 0.02; 0.67; 0.04; 0.04; 0.02; 0; 0; 0; 0; 0.04; 0.51; 0.46; 0.04; 0; 0; 0.24; 0.04; 0.19; 0.04; 0.67; 0.56; 0.3; 0; 0; 0; 0; 0.04; 0.43; 0.5; 0.04; 0; 0; 0.19; 0.04; 0.24; 0.04; 0.56; 0.67; 0.3; 0; 0; 0; 0; 0.02; 0.22; 0.22; 0.02; 0; 0; 0.38; 0.02; 0.38; 0.02; 0.3; 0.3; 0.67; 0; 0; 0.04; 0.51; 0; 0; 0; 0; 0.54; 0.04; 0; 0; 0; 0; 0; 0; 0; 0.67; 0.55; 0.04; 0.6; 0; 0; 0; 0; 0.54; 0.04; 0; 0; 0; 0; 0; 0; 0; 0.55; 0.67}
Landmarks found:		0,0	12,3	3,12	15,1	1,15	6,16	16,6	2,9	9,2	10,8	8,10	11,11	13,13	4,4	5,5	7,7	14,14
ModelRef|ModelUpdt|Precision|Recall|F-measure:hbmqtt__two_client_will_retain.dot.kiss|hbmqtt__two_client_will_retain.dot.kiss|0.692810|0.692810|0.692810
States pair scores:	{0.6; 0.04; 0; 0; 0; 0; 0.04; 0.51; 0; 0; 0; 0; 0; 0; 0; 0; 0.04; 0.04; 0.04; 0.42; 0; 0; 0; 0; 0.38; 0.04; 0; 0; 0; 0; 0; 0; 0; 0; 0.28; 0.33; 0; 0; 0.53; 0.04; 0.04; 0.35; 0; 0; 0.02; 0.46; 0.02; 0.32; 0.02; 0.02; 0.04; 0.04; 0; 0; 0; 0; 0.04; 0.41; 0.37; 0.04; 0; 0; 0.08; 0.04; 0.06; 0.04; 0.06; 0.04; 0.27; 0.23; 0; 0; 0; 0; 0.04; 0.37; 0.41; 0.04; 0; 0; 0.06; 0.04; 0.08; 0.04; 0.04; 0.06; 0.23; 0.27; 0; 0; 0; 0; 0.35; 0.04; 0.04; 0.52; 0; 0; 0.02; 0.33; 0.02; 0.4; 0.02; 0.02; 0.04; 0.04; 0; 0; 0.04; 0.38; 0; 0; 0; 0; 0.41; 0.04; 0; 0; 0; 0; 0; 0; 0; 0; 0.29; 0.29; 0.51; 0.04; 0; 0; 0; 0; 0.04; 0.61; 0; 0; 0; 0; 0; 0; 0; 0; 0.04; 0.04; 0; 0; 0.02; 0.08; 0.06; 0.02; 0; 0; 0.4; 0.02; 0.36; 0.02; 0.14; 0.11; 0.06; 0.04; 0; 0; 0; 0; 0.46; 0.04; 0.04; 0.33; 0; 0; 0.02; 0.54; 0.02; 0.39; 0.02; 0.02; 0.04; 0.04; 0; 0; 0; 0; 0.02; 0.06; 0.08; 0.02; 0; 0; 0.33; 0.02; 0.38; 0.02; 0.11; 0.14; 0.04; 0.06; 0; 0; 0; 0; 0.29; 0.04; 0.04; 0.37; 0; 0; 0.02; 0.37; 0.02; 0.52; 0.02; 0.02; 0.04; 0.04; 0; 0; 0; 0; 0.04; 0.27; 0.23; 0.04; 0; 0; 0.06; 0.04; 0.04; 0.04; 0.1; 0.06; 0.35; 0.29; 0; 0; 0; 0; 0.04; 0.19; 0.24; 0.04; 0; 0; 0.04; 0.04; 0.06; 0.04; 0.06; 0.1; 0.25; 0.31; 0; 0; 0; 0; 0.02; 0.06; 0.06; 0.02; 0; 0; 0.14; 0.02; 0.14; 0.02; 0.34; 0.34; 0.09; 0.09; 0; 0; 0.04; 0.28; 0; 0; 0; 0; 0.29; 0.04; 0; 0; 0; 0; 0; 0; 0; 0; 0.36; 0.3; 0.04; 0.33; 0; 0; 0; 0; 0.29; 0.04; 0; 0; 0; 0; 0; 0; 0; 0; 0.3; 0.36}
Landmarks found:		0,0	11,11	5,5	2,2	9,9	7,7
Highest state pair found:	1,1
Highest state pair found:	6,6
Highest state pair found:	3,3
Highest state pair found:	4,4
Highest state pair found:	8,8
Highest state pair found:	10,10
Highest state pair found:	15,16
Highest state pair found:	16,17
Highest state pair found:	12,14
Highest state pair found:	14,12
Highest state pair found:	13,15
ModelRef|ModelUpdt|Precision|Recall|F-measure:hbmqtt__two_client_will_retain.dot.kiss|mosquitto__two_client_will_retain.dot.kiss|0.728395|0.771242|0.749206
States pair scores:	{0.67; 0.04; 0; 0; 0; 0; 0.04; 0.57; 0; 0; 0; 0; 0; 0; 0.04; 0.04; 0; 0; 0.04; 0.67; 0; 0; 0; 0; 0.62; 0.04; 0; 0; 0; 0; 0; 0; 0.54; 0.61; 0; 0; 0; 0; 0.67; 0.04; 0.04; 0.41; 0; 0; 0.02; 0.57; 0.02; 0.4; 0.04; 0.04; 0; 0; 0.02; 0.02; 0; 0; 0.04; 0.67; 0.6; 0.04; 0; 0; 0.13; 0.04; 0.09; 0.04; 0.49; 0.42; 0; 0; 0.13; 0.09; 0; 0; 0.04; 0.6; 0.67; 0.04; 0; 0; 0.09; 0.04; 0.13; 0.04; 0.42; 0.49; 0; 0; 0.09; 0.13; 0; 0; 0.41; 0.04; 0.04; 0.67; 0; 0; 0.02; 0.37; 0.02; 0.63; 0.04; 0.04; 0; 0; 0.02; 0.02; 0.04; 0.62; 0; 0; 0; 0; 0.67; 0.04; 0; 0; 0; 0; 0; 0; 0.56; 0.56; 0; 0; 0.57; 0.04; 0; 0; 0; 0; 0.04; 0.67; 0; 0; 0; 0; 0; 0; 0.04; 0.04; 0; 0; 0; 0; 0.02; 0.13; 0.09; 0.02; 0; 0; 0.67; 0.02; 0.61; 0.02; 0.11; 0.06; 0; 0; 0.47; 0.41; 0; 0; 0.57; 0.04; 0.04; 0.37; 0; 0; 0.02; 0.66; 0.02; 0.37; 0.04; 0.04; 0; 0; 0.02; 0.02; 0; 0; 0.02; 0.09; 0.13; 0.02; 0; 0; 0.6; 0.02; 0.66; 0.02; 0.06; 0.11; 0; 0; 0.4; 0.47; 0; 0; 0.35; 0.04; 0.04; 0.53; 0; 0; 0.02; 0.44; 0.02; 0.58; 0.04; 0.04; 0; 0; 0.02; 0.02; 0; 0; 0.02; 0.11; 0.06; 0.02; 0; 0; 0.31; 0.02; 0.26; 0.02; 0.16; 0.09; 0; 0; 0.49; 0.37; 0; 0; 0.02; 0.06; 0.11; 0.02; 0; 0; 0.26; 0.02; 0.31; 0.02; 0.09; 0.16; 0; 0; 0.37; 0.49; 0; 0; 0.04; 0.49; 0.42; 0.04; 0; 0; 0.11; 0.04; 0.06; 0.04; 0.66; 0.55; 0; 0; 0.12; 0.06; 0; 0; 0.04; 0.42; 0.49; 0.04; 0; 0; 0.06; 0.04; 0.11; 0.04; 0.55; 0.66; 0; 0; 0.06; 0.12; 0.04; 0.54; 0; 0; 0; 0; 0.56; 0.04; 0; 0; 0; 0; 0; 0; 0.67; 0.57; 0; 0; 0.04; 0.61; 0; 0; 0; 0; 0.56; 0.04; 0; 0; 0; 0; 0; 0; 0.57; 0.67; 0; 0}
Landmarks found:		0,0	11,5	1,14	16,1	15,12	14,13	17,6	6,15	2,9	9,2	10,8	4,3	3,4	8,10	5,11	7,7
Highest state pair found:	12,17
Highest state pair found:	13,16
ModelRef|ModelUpdt|Precision|Recall|F-measure:mosquitto__two_client_will_retain.dot.kiss|ActiveMQ__two_client_will_retain.dot.kiss|0.559006|0.555556|0.557276
States pair scores:	{0.67; 0.04; 0; 0; 0; 0; 0.04; 0.57; 0; 0; 0; 0; 0; 0; 0.04; 0.04; 0; 0.04; 0.67; 0; 0; 0; 0; 0.62; 0.04; 0; 0; 0; 0; 0; 0; 0.54; 0.6; 0; 0; 0; 0.66; 0.04; 0.04; 0.52; 0; 0; 0.02; 0.57; 0.02; 0.04; 0.04; 0.39; 0; 0; 0.02; 0; 0; 0.04; 0.66; 0.6; 0.04; 0; 0; 0.39; 0.04; 0.28; 0.49; 0.38; 0.04; 0; 0; 0.16; 0; 0; 0.04; 0.6; 0.66; 0.04; 0; 0; 0.34; 0.04; 0.34; 0.42; 0.46; 0.04; 0; 0; 0.16; 0; 0; 0.4; 0.04; 0.04; 0.54; 0; 0; 0.02; 0.37; 0.02; 0.04; 0.04; 0.45; 0; 0; 0.02; 0.04; 0.62; 0; 0; 0; 0; 0.67; 0.04; 0; 0; 0; 0; 0; 0; 0.56; 0.54; 0; 0.57; 0.04; 0; 0; 0; 0; 0.04; 0.67; 0; 0; 0; 0; 0; 0; 0.04; 0.04; 0; 0; 0; 0.02; 0.12; 0.09; 0.02; 0; 0; 0.36; 0.02; 0.31; 0.11; 0.06; 0.02; 0; 0; 0.2; 0; 0; 0.57; 0.04; 0.04; 0.42; 0; 0; 0.02; 0.66; 0.02; 0.04; 0.04; 0.49; 0; 0; 0.02; 0; 0; 0.02; 0.09; 0.12; 0.02; 0; 0; 0.31; 0.02; 0.36; 0.06; 0.11; 0.02; 0; 0; 0.2; 0; 0; 0.35; 0.04; 0.04; 0.47; 0; 0; 0.02; 0.44; 0.02; 0.04; 0.04; 0.59; 0; 0; 0.02; 0; 0; 0.02; 0.11; 0.06; 0.02; 0; 0; 0.21; 0.02; 0.16; 0.16; 0.09; 0.02; 0; 0; 0.48; 0; 0; 0.02; 0.06; 0.11; 0.02; 0; 0; 0.15; 0.02; 0.21; 0.09; 0.16; 0.02; 0; 0; 0.48; 0; 0; 0.04; 0.49; 0.42; 0.04; 0; 0; 0.16; 0.04; 0.12; 0.66; 0.51; 0.04; 0; 0; 0.21; 0; 0; 0.04; 0.42; 0.49; 0.04; 0; 0; 0.12; 0.04; 0.16; 0.55; 0.66; 0.04; 0; 0; 0.21; 0.04; 0.54; 0; 0; 0; 0; 0.56; 0.04; 0; 0; 0; 0; 0; 0; 0.67; 0.55; 0; 0.04; 0.61; 0; 0; 0; 0; 0.56; 0.04; 0; 0; 0; 0; 0; 0; 0.57; 0.67; 0}
Landmarks found:		0,0	14,12	2,5	6,15	16,1	1,14	15,11	17,6	9,2	11,13	3,4	4,3	7,7
Highest state pair found:	12,16
Highest state pair found:	10,10
Highest state pair found:	13,8
ModelRef|ModelUpdt|Precision|Recall|F-measure:mosquitto__two_client_will_retain.dot.kiss|VerneMQ__two_client_will_retain.dot.kiss|0.500000|0.444444|0.470588
States pair scores:	{0.67; 0.04; 0; 0; 0; 0; 0.04; 0.57; 0; 0; 0.04; 0.04; 0; 0; 0; 0; 0; 0; 0.04; 0.67; 0; 0; 0; 0; 0.62; 0.04; 0; 0; 0.54; 0.61; 0; 0; 0; 0; 0; 0; 0; 0; 0.67; 0.04; 0.04; 0.41; 0; 0; 0.57; 0.02; 0; 0; 0.02; 0.04; 0.04; 0.4; 0.02; 0.02; 0; 0; 0.04; 0.67; 0.6; 0.04; 0; 0; 0.04; 0.09; 0; 0; 0.13; 0.49; 0.42; 0.04; 0.13; 0.09; 0; 0; 0.04; 0.6; 0.67; 0.04; 0; 0; 0.04; 0.13; 0; 0; 0.09; 0.42; 0.49; 0.04; 0.09; 0.13; 0; 0; 0.41; 0.04; 0.04; 0.67; 0; 0; 0.37; 0.02; 0; 0; 0.02; 0.04; 0.04; 0.63; 0.02; 0.02; 0.04; 0.62; 0; 0; 0; 0; 0.67; 0.04; 0; 0; 0.56; 0.56; 0; 0; 0; 0; 0; 0; 0.57; 0.04; 0; 0; 0; 0; 0.04; 0.67; 0; 0; 0.04; 0.04; 0; 0; 0; 0; 0; 0; 0; 0; 0.02; 0.13; 0.09; 0.02; 0; 0; 0.02; 0.61; 0; 0; 0.67; 0.11; 0.06; 0.02; 0.47; 0.41; 0; 0; 0.57; 0.04; 0.04; 0.37; 0; 0; 0.66; 0.02; 0; 0; 0.02; 0.04; 0.04; 0.37; 0.02; 0.02; 0; 0; 0.02; 0.09; 0.13; 0.02; 0; 0; 0.02; 0.66; 0; 0; 0.6; 0.06; 0.11; 0.02; 0.4; 0.47; 0; 0; 0.35; 0.04; 0.04; 0.53; 0; 0; 0.44; 0.02; 0; 0; 0.02; 0.04; 0.04; 0.58; 0.02; 0.02; 0; 0; 0.02; 0.11; 0.06; 0.02; 0; 0; 0.02; 0.26; 0; 0; 0.31; 0.16; 0.09; 0.02; 0.49; 0.37; 0; 0; 0.02; 0.06; 0.11; 0.02; 0; 0; 0.02; 0.31; 0; 0; 0.26; 0.09; 0.16; 0.02; 0.37; 0.49; 0; 0; 0.04; 0.49; 0.42; 0.04; 0; 0; 0.04; 0.06; 0; 0; 0.11; 0.66; 0.55; 0.04; 0.12; 0.06; 0; 0; 0.04; 0.42; 0.49; 0.04; 0; 0; 0.04; 0.11; 0; 0; 0.06; 0.55; 0.66; 0.04; 0.06; 0.12; 0.04; 0.54; 0; 0; 0; 0; 0.56; 0.04; 0; 0; 0.67; 0.57; 0; 0; 0; 0; 0; 0; 0.04; 0.61; 0; 0; 0; 0; 0.56; 0.04; 0; 0; 0.57; 0.67; 0; 0; 0; 0; 0; 0}
Landmarks found:		0,0	11,5	1,10	16,1	15,13	14,14	17,6	6,11	2,8	9,2	10,12	4,3	3,4	8,9	5,15	7,7
Highest state pair found:	12,17
Highest state pair found:	13,16
ModelRef|ModelUpdt|Precision|Recall|F-measure:mosquitto__two_client_will_retain.dot.kiss|emqtt__two_client_will_retain.dot.kiss|0.559006|0.555556|0.557276
States pair scores:	{0.6; 0.04; 0; 0; 0; 0; 0.04; 0.51; 0; 0; 0; 0; 0; 0; 0; 0.04; 0.04; 0.04; 0.42; 0; 0; 0; 0; 0.38; 0.04; 0; 0; 0; 0; 0; 0; 0; 0.28; 0.33; 0; 0; 0.53; 0.04; 0.04; 0.35; 0; 0; 0.02; 0.46; 0.02; 0.29; 0.04; 0.04; 0.02; 0; 0; 0; 0; 0.04; 0.41; 0.37; 0.04; 0; 0; 0.08; 0.04; 0.06; 0.04; 0.27; 0.19; 0.06; 0; 0; 0; 0; 0.04; 0.37; 0.41; 0.04; 0; 0; 0.06; 0.04; 0.08; 0.04; 0.23; 0.24; 0.06; 0; 0; 0; 0; 0.35; 0.04; 0.04; 0.52; 0; 0; 0.02; 0.33; 0.02; 0.37; 0.04; 0.04; 0.02; 0; 0; 0.04; 0.38; 0; 0; 0; 0; 0.41; 0.04; 0; 0; 0; 0; 0; 0; 0; 0.29; 0.29; 0.51; 0.04; 0; 0; 0; 0; 0.04; 0.61; 0; 0; 0; 0; 0; 0; 0; 0.04; 0.04; 0; 0; 0.02; 0.08; 0.06; 0.02; 0; 0; 0.4; 0.02; 0.33; 0.02; 0.06; 0.04; 0.14; 0; 0; 0; 0; 0.46; 0.04; 0.04; 0.33; 0; 0; 0.02; 0.54; 0.02; 0.37; 0.04; 0.04; 0.02; 0; 0; 0; 0; 0.02; 0.06; 0.08; 0.02; 0; 0; 0.36; 0.02; 0.38; 0.02; 0.04; 0.06; 0.14; 0; 0; 0; 0; 0.32; 0.04; 0.04; 0.4; 0; 0; 0.02; 0.39; 0.02; 0.52; 0.04; 0.04; 0.02; 0; 0; 0; 0; 0.02; 0.06; 0.04; 0.02; 0; 0; 0.14; 0.02; 0.11; 0.02; 0.1; 0.06; 0.34; 0; 0; 0; 0; 0.02; 0.04; 0.06; 0.02; 0; 0; 0.11; 0.02; 0.14; 0.02; 0.06; 0.1; 0.34; 0; 0; 0; 0; 0.04; 0.27; 0.23; 0.04; 0; 0; 0.06; 0.04; 0.04; 0.04; 0.35; 0.25; 0.09; 0; 0; 0; 0; 0.04; 0.23; 0.27; 0.04; 0; 0; 0.04; 0.04; 0.06; 0.04; 0.29; 0.31; 0.09; 0; 0; 0.04; 0.28; 0; 0; 0; 0; 0.29; 0.04; 0; 0; 0; 0; 0; 0; 0; 0.36; 0.3; 0.04; 0.33; 0; 0; 0; 0; 0.29; 0.04; 0; 0; 0; 0; 0; 0; 0; 0.3; 0.36}
Landmarks found:		0,0	11,11	5,5	2,2	9,9	7,7
Highest state pair found:	1,1
Highest state pair found:	6,6
Highest state pair found:	3,3
Highest state pair found:	4,4
Highest state pair found:	8,8
Highest state pair found:	10,10
Highest state pair found:	16,15
Highest state pair found:	17,16
Highest state pair found:	14,12
Highest state pair found:	12,14
Highest state pair found:	15,13
ModelRef|ModelUpdt|Precision|Recall|F-measure:mosquitto__two_client_will_retain.dot.kiss|hbmqtt__two_client_will_retain.dot.kiss|0.771242|0.728395|0.749206
States pair scores:	{0.67; 0.04; 0; 0; 0; 0; 0.04; 0.57; 0; 0; 0; 0; 0; 0; 0; 0; 0.04; 0.04; 0.04; 0.67; 0; 0; 0; 0; 0.62; 0.04; 0; 0; 0; 0; 0; 0; 0; 0; 0.54; 0.61; 0; 0; 0.67; 0.04; 0.04; 0.41; 0; 0; 0.02; 0.57; 0.02; 0.35; 0.02; 0.02; 0.04; 0.04; 0; 0; 0; 0; 0.04; 0.67; 0.6; 0.04; 0; 0; 0.13; 0.04; 0.09; 0.04; 0.11; 0.06; 0.49; 0.42; 0; 0; 0; 0; 0.04; 0.6; 0.67; 0.04; 0; 0; 0.09; 0.04; 0.13; 0.04; 0.06; 0.11; 0.42; 0.49; 0; 0; 0; 0; 0.41; 0.04; 0.04; 0.67; 0; 0; 0.02; 0.37; 0.02; 0.53; 0.02; 0.02; 0.04; 0.04; 0; 0; 0.04; 0.62; 0; 0; 0; 0; 0.67; 0.04; 0; 0; 0; 0; 0; 0; 0; 0; 0.56; 0.56; 0.57; 0.04; 0; 0; 0; 0; 0.04; 0.67; 0; 0; 0; 0; 0; 0; 0; 0; 0.04; 0.04; 0; 0; 0.02; 0.13; 0.09; 0.02; 0; 0; 0.67; 0.02; 0.6; 0.02; 0.31; 0.26; 0.11; 0.06; 0; 0; 0; 0; 0.57; 0.04; 0.04; 0.37; 0; 0; 0.02; 0.67; 0.02; 0.44; 0.02; 0.02; 0.04; 0.04; 0; 0; 0; 0; 0.02; 0.09; 0.13; 0.02; 0; 0; 0.6; 0.02; 0.67; 0.02; 0.26; 0.32; 0.06; 0.11; 0; 0; 0; 0; 0.35; 0.04; 0.04; 0.53; 0; 0; 0.02; 0.44; 0.02; 0.67; 0.02; 0.02; 0.04; 0.04; 0; 0; 0; 0; 0.02; 0.11; 0.06; 0.02; 0; 0; 0.31; 0.02; 0.26; 0.02; 0.67; 0.53; 0.16; 0.09; 0; 0; 0; 0; 0.02; 0.06; 0.11; 0.02; 0; 0; 0.26; 0.02; 0.32; 0.02; 0.53; 0.67; 0.09; 0.16; 0; 0; 0; 0; 0.04; 0.49; 0.42; 0.04; 0; 0; 0.11; 0.04; 0.06; 0.04; 0.16; 0.09; 0.67; 0.55; 0; 0; 0; 0; 0.04; 0.42; 0.49; 0.04; 0; 0; 0.06; 0.04; 0.11; 0.04; 0.09; 0.16; 0.55; 0.67; 0; 0; 0.04; 0.54; 0; 0; 0; 0; 0.56; 0.04; 0; 0; 0; 0; 0; 0; 0; 0; 0.67; 0.57; 0.04; 0.61; 0; 0; 0; 0; 0.56; 0.04; 0; 0; 0; 0; 0; 0; 0; 0; 0.57; 0.67}
Landmarks found:		0,0	5,11	11,5	13,12	12,13	1,16	16,1	15,14	14,15	6,17	17,6	2,9	9,2	8,10	10,8	3,4	4,3	7,7
ModelRef|ModelUpdt|Precision|Recall|F-measure:mosquitto__two_client_will_retain.dot.kiss|mosquitto__two_client_will_retain.dot.kiss|0.561728|0.561728|0.561728
