ModelRef|ModelUpdt|Precision|Recall|F-measure:ModelRef|ModelUpdt|Precision|Recall|F-measure
States pair scores:	{0.67; 0; 0.41; 0.48; 0.48; 0.62; 0.48; 0; 0.67; 0; 0; 0; 0; 0; 0.41; 0; 0.67; 0.29; 0.48; 0.38; 0.29; 0.48; 0; 0.29; 0.67; 0.35; 0.45; 0.35; 0.48; 0; 0.48; 0.35; 0.67; 0.45; 0.35; 0.62; 0; 0.38; 0.45; 0.45; 0.67; 0.45; 0.48; 0; 0.29; 0.35; 0.35; 0.45; 0.67}
Landmarks found:		0,0	1,1	5,5	6,6	2,2	3,3	4,4
ModelRef|ModelUpdt|Precision|Recall|F-measure:GnuTLS_3.3.12_server_regular.dot.kiss|GnuTLS_3.3.12_server_regular.dot.kiss|1.000000|1.000000|1.000000
States pair scores:	{0.48; 0; 0.31; 0.29; 0.38; 0.29; 0.45; 0.48; 0.48; 0.35; 0.27; 0.45; 0; 0.67; 0; 0; 0; 0; 0; 0; 0; 0; 0; 0; 0.29; 0; 0.5; 0.15; 0.36; 0.46; 0.27; 0.29; 0.29; 0.34; 0.14; 0.27; 0.35; 0; 0.22; 0.44; 0.27; 0.2; 0.33; 0.35; 0.35; 0.26; 0.41; 0.33; 0.35; 0; 0.36; 0.2; 0.52; 0.34; 0.33; 0.35; 0.35; 0.48; 0.19; 0.33; 0.45; 0; 0.29; 0.27; 0.35; 0.27; 0.49; 0.53; 0.45; 0.33; 0.26; 0.43; 0.48; 0; 0.31; 0.29; 0.38; 0.29; 0.45; 0.48; 0.67; 0.35; 0.27; 0.33}
Landmarks found:		0,0	2,2	4,4	5,7	1,1	6,8
Highest state pair found:	3,3
ModelRef|ModelUpdt|Precision|Recall|F-measure:GnuTLS_3.3.12_server_regular.dot.kiss|GnuTLS_3.3.8_server_regular.dot.kiss|0.595238|0.892857|0.714286
States pair scores:	{0.27; 0.26; 0.33; 0; 0.35; 0.2; 0.45; 0.27; 0; 0; 0; 0.67; 0; 0; 0; 0; 0.25; 0.13; 0.19; 0; 0.2; 0.18; 0.27; 0.25; 0.19; 0.4; 0.24; 0; 0.26; 0.24; 0.33; 0.19; 0.32; 0.18; 0.24; 0; 0.26; 0.24; 0.33; 0.32; 0.26; 0.24; 0.37; 0; 0.33; 0.19; 0.49; 0.26; 0.27; 0.26; 0.33; 0; 0.35; 0.2; 0.33; 0.27}
Landmarks found:		0,0	1,3
ModelRef|ModelUpdt|Precision|Recall|F-measure:GnuTLS_3.3.12_server_regular.dot.kiss|JSSE_1.8.0_25_server_regular.dot.kiss|0.203125|0.232143|0.216667
States pair scores:	{0.35; 0; 0.26; 0.32; 0.2; 0.45; 0.27; 0.27; 0; 0.67; 0; 0; 0; 0; 0; 0; 0.2; 0; 0.13; 0.18; 0.18; 0.27; 0.25; 0.25; 0.26; 0; 0.39; 0.28; 0.24; 0.33; 0.19; 0.19; 0.26; 0; 0.18; 0.23; 0.24; 0.33; 0.32; 0.32; 0.33; 0; 0.24; 0.35; 0.19; 0.49; 0.26; 0.26; 0.35; 0; 0.26; 0.32; 0.2; 0.33; 0.27; 0.27}
Landmarks found:		0,0	1,1
ModelRef|ModelUpdt|Precision|Recall|F-measure:GnuTLS_3.3.12_server_regular.dot.kiss|JSSE_1.8.0_31_server_regular.dot.kiss|0.218750|0.250000|0.233333
States pair scores:	{0.27; 0.05; 0.04; 0.27; 0.25; 0.35; 0.67; 0.25; 0.02; 0; 0.64; 0.05; 0.05; 0.02; 0; 0.05; 0.13; 0.1; 0.05; 0.25; 0.23; 0.2; 0.41; 0.12; 0.31; 0.1; 0.04; 0.18; 0.17; 0.26; 0.48; 0.37; 0.18; 0.09; 0.04; 0.18; 0.36; 0.26; 0.48; 0.17; 0.25; 0.08; 0.04; 0.25; 0.24; 0.39; 0.62; 0.24; 0.27; 0.05; 0.04; 0.27; 0.25; 0.35; 0.48; 0.25}
Landmarks found:		0,0	5,6	1,2
ModelRef|ModelUpdt|Precision|Recall|F-measure:GnuTLS_3.3.12_server_regular.dot.kiss|NSS_3.17.4_server_regular.dot.kiss|0.344828|0.357143|0.350877
States pair scores:	{0.13; 0.05; 0.02; 0.33; 0.4; 0.4; 0.49; 0.52; 0.43; 0.38; 0.52; 0.43; 0.38; 0.3; 0.4; 0.24; 0.08; 0.21; 0.55; 0; 0; 0; 0; 0; 0; 0; 0; 0; 0; 0.02; 0; 0.02; 0.16; 0.06; 0.02; 0.31; 0.39; 0.23; 0.29; 0.3; 0.24; 0.21; 0.3; 0.24; 0.21; 0.29; 0.23; 0.22; 0.16; 0.05; 0.02; 0.39; 0.29; 0.57; 0.42; 0.38; 0.51; 0.27; 0.45; 0.51; 0.27; 0.21; 0.57; 0.29; 0.13; 0.05; 0.02; 0.39; 0.48; 0.29; 0.36; 0.38; 0.3; 0.27; 0.38; 0.3; 0.27; 0.36; 0.29; 0.29; 0.12; 0.05; 0.03; 0.3; 0.44; 0.38; 0.53; 0.57; 0.4; 0.41; 0.49; 0.4; 0.41; 0.34; 0.38; 0.23; 0.13; 0.05; 0.02; 0.33; 0.4; 0.4; 0.49; 0.52; 0.43; 0.38; 0.52; 0.43; 0.38; 0.3; 0.4; 0.24}
Landmarks found:		0,0	3,8	6,7	5,6	1,2
ModelRef|ModelUpdt|Precision|Recall|F-measure:GnuTLS_3.3.12_server_regular.dot.kiss|OpenSSL_1.0.1g_server_regular.dot.kiss|0.287129|0.517857|0.369427
States pair scores:	{0.13; 0.05; 0.02; 0.43; 0.4; 0.52; 0.52; 0.43; 0.38; 0.33; 0.4; 0.08; 0.21; 0.55; 0; 0; 0; 0; 0; 0; 0.02; 0; 0.16; 0.06; 0.02; 0.42; 0.23; 0.3; 0.3; 0.24; 0.21; 0.31; 0.23; 0.16; 0.05; 0.02; 0.3; 0.57; 0.38; 0.38; 0.51; 0.27; 0.23; 0.57; 0.13; 0.05; 0.02; 0.51; 0.29; 0.38; 0.38; 0.3; 0.27; 0.39; 0.29; 0.12; 0.05; 0.03; 0.4; 0.38; 0.57; 0.57; 0.4; 0.41; 0.3; 0.38; 0.13; 0.05; 0.02; 0.43; 0.4; 0.52; 0.52; 0.43; 0.38; 0.33; 0.4}
Landmarks found:		0,0	3,7	4,3	6,5	1,2	5,6
ModelRef|ModelUpdt|Precision|Recall|F-measure:GnuTLS_3.3.12_server_regular.dot.kiss|OpenSSL_1.0.1j_server_regular.dot.kiss|0.486111|0.625000|0.546875
States pair scores:	{0.13; 0.05; 0.02; 0.43; 0.4; 0.52; 0.52; 0.56; 0.33; 0.4; 0.08; 0.21; 0.55; 0; 0; 0; 0; 0; 0.02; 0; 0.16; 0.06; 0.02; 0.42; 0.23; 0.3; 0.3; 0.33; 0.31; 0.23; 0.16; 0.05; 0.02; 0.3; 0.57; 0.38; 0.38; 0.4; 0.23; 0.57; 0.13; 0.05; 0.02; 0.51; 0.29; 0.38; 0.38; 0.4; 0.39; 0.29; 0.12; 0.05; 0.03; 0.4; 0.38; 0.57; 0.57; 0.52; 0.3; 0.38; 0.13; 0.05; 0.02; 0.43; 0.4; 0.52; 0.52; 0.56; 0.33; 0.4}
Landmarks found:		0,0	4,3	5,7	6,5	1,2	3,4
ModelRef|ModelUpdt|Precision|Recall|F-measure:GnuTLS_3.3.12_server_regular.dot.kiss|OpenSSL_1.0.1l_server_regular.dot.kiss|0.571429|0.642857|0.605042
States pair scores:	{0.13; 0.05; 0.02; 0.43; 0.4; 0.52; 0.56; 0.08; 0.21; 0.55; 0; 0; 0; 0; 0.16; 0.06; 0.02; 0.42; 0.23; 0.3; 0.33; 0.16; 0.05; 0.02; 0.3; 0.57; 0.38; 0.4; 0.13; 0.05; 0.02; 0.51; 0.29; 0.38; 0.4; 0.12; 0.05; 0.03; 0.4; 0.38; 0.57; 0.52; 0.13; 0.05; 0.02; 0.43; 0.4; 0.52; 0.56}
Landmarks found:		0,0	4,3	5,6	6,5	1,2	3,4
ModelRef|ModelUpdt|Precision|Recall|F-measure:GnuTLS_3.3.12_server_regular.dot.kiss|OpenSSL_1.0.2_server_regular.dot.kiss|0.734694|0.642857|0.685714
States pair scores:	{0.48; 0.66; 0.49; 0.03; 0.52; 0.48; 0.57; 0.67; 0.67; 0; 0; 0; 0; 0; 0; 0; 0; 0; 0.27; 0.41; 0.3; 0.08; 0.52; 0.29; 0.34; 0.42; 0.41; 0.56; 0.48; 0.37; 0.09; 0.38; 0.67; 0.42; 0.49; 0.48; 0.34; 0.48; 0.37; 0.07; 0.61; 0.35; 0.42; 0.49; 0.48; 0.44; 0.62; 0.53; 0.05; 0.48; 0.45; 0.62; 0.62; 0.62; 0.34; 0.48; 0.37; 0.03; 0.38; 0.35; 0.42; 0.49; 0.48}
Landmarks found:		0,0	2,4	5,2	3,5
ModelRef|ModelUpdt|Precision|Recall|F-measure:GnuTLS_3.3.12_server_regular.dot.kiss|RSA_BSAFE_C_4.0.4_server_regular.dot.kiss|0.380282|0.482143|0.425197
States pair scores:	{0; 0.38; 0.35; 0.67; 0.45; 0.67; 0; 0; 0; 0; 0; 0.36; 0.2; 0.41; 0.27; 0; 0.27; 0.49; 0.48; 0.33; 0; 0.44; 0.26; 0.48; 0.33; 0; 0.35; 0.33; 0.62; 0.49; 0; 0.27; 0.26; 0.48; 0.33}
Landmarks found:		0,0	5,3
ModelRef|ModelUpdt|Precision|Recall|F-measure:GnuTLS_3.3.12_server_regular.dot.kiss|RSA_BSAFE_Java_6.1.1_server_regular.dot.kiss|0.200000|0.142857|0.166667
States pair scores:	{0.29; 0; 0.22; 0.2; 0.52; 0.22; 0.05; 0.67; 0.05; 0.05; 0.02; 0.11; 0.15; 0; 0.2; 0.09; 0.31; 0.1; 0.29; 0; 0.14; 0.3; 0.38; 0.22; 0.2; 0; 0.25; 0.13; 0.38; 0.14; 0.27; 0; 0.2; 0.19; 0.48; 0.25; 0.29; 0; 0.22; 0.2; 0.52; 0.22}
Landmarks found:		0,0	6,4	1,1
ModelRef|ModelUpdt|Precision|Recall|F-measure:GnuTLS_3.3.12_server_regular.dot.kiss|miTLS_0.1.3_server_regular.dot.kiss|0.416667|0.357143|0.384615
States pair scores:	{0.48; 0; 0.29; 0.35; 0.35; 0.45; 0.48; 0; 0.67; 0; 0; 0; 0; 0; 0.31; 0; 0.5; 0.22; 0.36; 0.29; 0.31; 0.29; 0; 0.15; 0.44; 0.2; 0.27; 0.29; 0.38; 0; 0.36; 0.27; 0.52; 0.35; 0.38; 0.29; 0; 0.46; 0.2; 0.34; 0.27; 0.29; 0.45; 0; 0.27; 0.33; 0.33; 0.49; 0.45; 0.48; 0; 0.29; 0.35; 0.35; 0.53; 0.48; 0.48; 0; 0.29; 0.35; 0.35; 0.45; 0.67; 0.35; 0; 0.34; 0.26; 0.48; 0.33; 0.35; 0.27; 0; 0.14; 0.41; 0.19; 0.26; 0.27; 0.45; 0; 0.27; 0.33; 0.33; 0.43; 0.33}
Landmarks found:		0,0	2,2	4,4	7,5	1,1	8,6
Highest state pair found:	3,3
ModelRef|ModelUpdt|Precision|Recall|F-measure:GnuTLS_3.3.8_server_regular.dot.kiss|GnuTLS_3.3.12_server_regular.dot.kiss|0.892857|0.520833|0.657895
States pair scores:	{0.67; 0; 0.36; 0.34; 0.44; 0.42; 0.62; 0.57; 0.48; 0.49; 0.39; 0.33; 0; 0.67; 0; 0; 0; 0; 0; 0; 0; 0; 0; 0; 0.36; 0; 0.67; 0.19; 0.46; 0.6; 0.34; 0.36; 0.31; 0.43; 0.18; 0.2; 0.34; 0; 0.19; 0.67; 0.25; 0.18; 0.32; 0.34; 0.29; 0.24; 0.62; 0.19; 0.44; 0; 0.46; 0.25; 0.67; 0.43; 0.42; 0.44; 0.38; 0.61; 0.24; 0.26; 0.42; 0; 0.6; 0.18; 0.43; 0.67; 0.41; 0.34; 0.29; 0.5; 0.26; 0.19; 0.62; 0; 0.34; 0.32; 0.42; 0.41; 0.67; 0.62; 0.45; 0.48; 0.39; 0.32; 0.57; 0; 0.36; 0.34; 0.44; 0.34; 0.62; 0.67; 0.48; 0.42; 0.32; 0.33; 0.48; 0; 0.31; 0.29; 0.38; 0.29; 0.45; 0.48; 0.67; 0.35; 0.27; 0.33; 0.49; 0; 0.43; 0.24; 0.61; 0.5; 0.48; 0.42; 0.35; 0.67; 0.31; 0.24; 0.39; 0; 0.18; 0.62; 0.24; 0.26; 0.39; 0.32; 0.27; 0.31; 0.67; 0.18; 0.33; 0; 0.2; 0.19; 0.26; 0.19; 0.32; 0.33; 0.33; 0.24; 0.18; 0.67}
Landmarks found:		0,0	5,9	9,5	6,7	7,6	3,10	10,3	4,4	1,1	8,8	11,11	2,2
ModelRef|ModelUpdt|Precision|Recall|F-measure:GnuTLS_3.3.8_server_regular.dot.kiss|GnuTLS_3.3.8_server_regular.dot.kiss|0.875000|0.875000|0.875000
States pair scores:	{0.38; 0.35; 0.45; 0; 0.48; 0.29; 0.33; 0.38; 0; 0; 0; 0.67; 0; 0; 0; 0; 0.32; 0.17; 0.24; 0; 0.25; 0.23; 0.2; 0.32; 0.17; 0.4; 0.23; 0; 0.24; 0.22; 0.19; 0.17; 0.4; 0.23; 0.3; 0; 0.32; 0.3; 0.26; 0.4; 0.38; 0.22; 0.29; 0; 0.3; 0.29; 0.19; 0.38; 0.37; 0.35; 0.5; 0; 0.46; 0.29; 0.37; 0.37; 0.32; 0.3; 0.45; 0; 0.42; 0.24; 0.39; 0.32; 0.27; 0.26; 0.33; 0; 0.35; 0.2; 0.33; 0.27; 0.45; 0.27; 0.35; 0; 0.37; 0.35; 0.24; 0.45; 0.22; 0.43; 0.27; 0; 0.29; 0.27; 0.18; 0.22; 0.35; 0.33; 0.43; 0; 0.24; 0.27; 0.58; 0.35}
Landmarks found:		0,0	11,6	1,3
ModelRef|ModelUpdt|Precision|Recall|F-measure:GnuTLS_3.3.8_server_regular.dot.kiss|JSSE_1.8.0_25_server_regular.dot.kiss|0.343750|0.229167|0.275000
States pair scores:	{0.48; 0; 0.35; 0.43; 0.29; 0.33; 0.38; 0.38; 0; 0.67; 0; 0; 0; 0; 0; 0; 0.25; 0; 0.17; 0.23; 0.23; 0.2; 0.32; 0.32; 0.24; 0; 0.38; 0.27; 0.22; 0.19; 0.17; 0.17; 0.32; 0; 0.23; 0.29; 0.3; 0.26; 0.4; 0.4; 0.3; 0; 0.22; 0.27; 0.29; 0.19; 0.38; 0.38; 0.46; 0; 0.35; 0.47; 0.29; 0.37; 0.37; 0.37; 0.42; 0; 0.3; 0.43; 0.24; 0.39; 0.32; 0.32; 0.35; 0; 0.26; 0.32; 0.2; 0.33; 0.27; 0.27; 0.37; 0; 0.27; 0.33; 0.35; 0.24; 0.45; 0.45; 0.29; 0; 0.42; 0.31; 0.27; 0.18; 0.22; 0.22; 0.24; 0; 0.33; 0.41; 0.27; 0.58; 0.35; 0.35}
Landmarks found:		0,0	11,5	1,1
ModelRef|ModelUpdt|Precision|Recall|F-measure:GnuTLS_3.3.8_server_regular.dot.kiss|JSSE_1.8.0_31_server_regular.dot.kiss|0.359375|0.239583|0.287500
States pair scores:	{0.31; 0.1; 0.04; 0.27; 0.25; 0.35; 0.48; 0.25; 0.02; 0; 0.64; 0.05; 0.05; 0.02; 0; 0.05; 0.17; 0.13; 0.05; 0.27; 0.25; 0.22; 0.31; 0.13; 0.29; 0.16; 0.05; 0.13; 0.12; 0.2; 0.29; 0.31; 0.23; 0.12; 0.05; 0.19; 0.39; 0.27; 0.38; 0.18; 0.16; 0.19; 0.05; 0.25; 0.23; 0.2; 0.29; 0.12; 0.29; 0.15; 0.04; 0.25; 0.24; 0.39; 0.45; 0.24; 0.31; 0.1; 0.04; 0.27; 0.25; 0.42; 0.48; 0.25; 0.27; 0.05; 0.04; 0.27; 0.25; 0.35; 0.48; 0.25; 0.22; 0.18; 0.04; 0.18; 0.36; 0.26; 0.35; 0.17; 0.27; 0.22; 0.05; 0.12; 0.11; 0.19; 0.27; 0.29; 0.22; 0.03; 0; 0.22; 0.2; 0.45; 0.45; 0.2}
Landmarks found:		0,0	1,2
ModelRef|ModelUpdt|Precision|Recall|F-measure:GnuTLS_3.3.8_server_regular.dot.kiss|NSS_3.17.4_server_regular.dot.kiss|0.187500|0.125000|0.150000
States pair scores:	{0.13; 0.05; 0.02; 0.33; 0.4; 0.4; 0.49; 0.52; 0.43; 0.38; 0.52; 0.43; 0.38; 0.3; 0.4; 0.24; 0.08; 0.21; 0.55; 0; 0; 0; 0; 0; 0; 0; 0; 0; 0; 0.02; 0; 0.02; 0.18; 0.07; 0.02; 0.34; 0.42; 0.24; 0.3; 0.33; 0.27; 0.23; 0.33; 0.27; 0.23; 0.31; 0.24; 0.25; 0.1; 0.06; 0.02; 0.31; 0.23; 0.48; 0.35; 0.3; 0.42; 0.21; 0.38; 0.42; 0.21; 0.24; 0.48; 0.34; 0.14; 0.05; 0.02; 0.42; 0.51; 0.3; 0.38; 0.4; 0.33; 0.29; 0.4; 0.33; 0.29; 0.38; 0.3; 0.31; 0.16; 0.06; 0.02; 0.31; 0.38; 0.23; 0.29; 0.3; 0.24; 0.21; 0.3; 0.24; 0.21; 0.29; 0.23; 0.22; 0.12; 0.05; 0.03; 0.3; 0.44; 0.38; 0.53; 0.57; 0.4; 0.41; 0.49; 0.4; 0.41; 0.34; 0.38; 0.23; 0.13; 0.05; 0.03; 0.33; 0.48; 0.4; 0.57; 0.61; 0.43; 0.44; 0.52; 0.43; 0.44; 0.37; 0.4; 0.24; 0.13; 0.05; 0.02; 0.33; 0.4; 0.4; 0.49; 0.52; 0.43; 0.38; 0.52; 0.43; 0.38; 0.3; 0.4; 0.24; 0.13; 0.05; 0.02; 0.39; 0.47; 0.29; 0.36; 0.38; 0.3; 0.27; 0.38; 0.3; 0.27; 0.36; 0.29; 0.29; 0.1; 0.05; 0.02; 0.29; 0.21; 0.44; 0.33; 0.29; 0.39; 0.2; 0.35; 0.39; 0.2; 0.23; 0.44; 0.31; 0.1; 0; 0; 0.21; 0.27; 0.27; 0.34; 0.36; 0.29; 0.49; 0.36; 0.29; 0.49; 0.2; 0.27; 0.15}
Landmarks found:		0,0	4,4	7,10	8,7	6,6	1,2
Highest state pair found:	10,14
Highest state pair found:	9,15
ModelRef|ModelUpdt|Precision|Recall|F-measure:GnuTLS_3.3.8_server_regular.dot.kiss|OpenSSL_1.0.1g_server_regular.dot.kiss|0.456311|0.489583|0.472362
States pair scores:	{0.13; 0.05; 0.02; 0.43; 0.4; 0.52; 0.52; 0.43; 0.38; 0.33; 0.4; 0.08; 0.21; 0.55; 0; 0; 0; 0; 0; 0; 0.02; 0; 0.18; 0.07; 0.02; 0.46; 0.24; 0.33; 0.33; 0.27; 0.23; 0.34; 0.24; 0.1; 0.06; 0.02; 0.24; 0.48; 0.3; 0.3; 0.42; 0.21; 0.27; 0.48; 0.14; 0.05; 0.02; 0.55; 0.3; 0.4; 0.4; 0.33; 0.29; 0.42; 0.3; 0.16; 0.06; 0.02; 0.42; 0.23; 0.3; 0.3; 0.24; 0.21; 0.31; 0.23; 0.12; 0.05; 0.03; 0.4; 0.38; 0.57; 0.57; 0.4; 0.41; 0.3; 0.38; 0.13; 0.05; 0.03; 0.43; 0.4; 0.61; 0.61; 0.43; 0.44; 0.33; 0.4; 0.13; 0.05; 0.02; 0.43; 0.4; 0.52; 0.52; 0.43; 0.38; 0.33; 0.4; 0.13; 0.05; 0.02; 0.51; 0.29; 0.38; 0.38; 0.3; 0.27; 0.39; 0.29; 0.1; 0.05; 0.02; 0.23; 0.44; 0.29; 0.29; 0.39; 0.2; 0.24; 0.44; 0.1; 0; 0; 0.29; 0.27; 0.36; 0.36; 0.29; 0.49; 0.21; 0.27}
Landmarks found:		0,0	9,3	8,5	1,2	6,6
Highest state pair found:	10,4
ModelRef|ModelUpdt|Precision|Recall|F-measure:GnuTLS_3.3.8_server_regular.dot.kiss|OpenSSL_1.0.1j_server_regular.dot.kiss|0.600000|0.375000|0.461538
States pair scores:	{0.13; 0.05; 0.02; 0.43; 0.4; 0.52; 0.52; 0.56; 0.33; 0.4; 0.08; 0.21; 0.55; 0; 0; 0; 0; 0; 0.02; 0; 0.18; 0.07; 0.02; 0.46; 0.24; 0.33; 0.33; 0.36; 0.34; 0.24; 0.1; 0.06; 0.02; 0.24; 0.48; 0.3; 0.3; 0.33; 0.27; 0.48; 0.14; 0.05; 0.02; 0.55; 0.3; 0.4; 0.4; 0.43; 0.42; 0.3; 0.16; 0.06; 0.02; 0.42; 0.23; 0.3; 0.3; 0.33; 0.31; 0.23; 0.12; 0.05; 0.03; 0.4; 0.38; 0.57; 0.57; 0.52; 0.3; 0.38; 0.13; 0.05; 0.03; 0.43; 0.4; 0.61; 0.61; 0.56; 0.33; 0.4; 0.13; 0.05; 0.02; 0.43; 0.4; 0.52; 0.52; 0.56; 0.33; 0.4; 0.13; 0.05; 0.02; 0.51; 0.29; 0.38; 0.38; 0.4; 0.39; 0.29; 0.1; 0.05; 0.02; 0.23; 0.44; 0.29; 0.29; 0.3; 0.24; 0.44; 0.1; 0; 0; 0.29; 0.27; 0.36; 0.36; 0.38; 0.21; 0.27}
Landmarks found:		0,0	9,3	6,7	8,5	1,2	7,6
Highest state pair found:	3,4
ModelRef|ModelUpdt|Precision|Recall|F-measure:GnuTLS_3.3.8_server_regular.dot.kiss|OpenSSL_1.0.1l_server_regular.dot.kiss|0.700000|0.437500|0.538462
States pair scores:	{0.13; 0.05; 0.02; 0.43; 0.4; 0.52; 0.56; 0.08; 0.21; 0.55; 0; 0; 0; 0; 0.18; 0.07; 0.02; 0.46; 0.24; 0.33; 0.36; 0.1; 0.06; 0.02; 0.24; 0.48; 0.3; 0.33; 0.14; 0.05; 0.02; 0.55; 0.3; 0.4; 0.43; 0.16; 0.06; 0.02; 0.42; 0.23; 0.3; 0.33; 0.12; 0.05; 0.03; 0.4; 0.38; 0.57; 0.52; 0.13; 0.05; 0.03; 0.43; 0.4; 0.61; 0.56; 0.13; 0.05; 0.02; 0.43; 0.4; 0.52; 0.56; 0.13; 0.05; 0.02; 0.51; 0.29; 0.38; 0.4; 0.1; 0.05; 0.02; 0.23; 0.44; 0.29; 0.3; 0.1; 0; 0; 0.29; 0.27; 0.36; 0.38}
Landmarks found:		0,0	9,3	6,6	8,5	1,2
Highest state pair found:	10,4
ModelRef|ModelUpdt|Precision|Recall|F-measure:GnuTLS_3.3.8_server_regular.dot.kiss|OpenSSL_1.0.2_server_regular.dot.kiss|0.714286|0.364583|0.482759
States pair scores:	{0.34; 0.48; 0.37; 0.07; 0.38; 0.35; 0.42; 0.49; 0.48; 0; 0; 0; 0; 0; 0; 0; 0; 0; 0.2; 0.31; 0.23; 0.11; 0.39; 0.22; 0.25; 0.33; 0.31; 0.32; 0.29; 0.22; 0.15; 0.22; 0.42; 0.24; 0.3; 0.29; 0.25; 0.38; 0.29; 0.1; 0.47; 0.27; 0.32; 0.39; 0.38; 0.18; 0.29; 0.22; 0.15; 0.36; 0.2; 0.24; 0.3; 0.29; 0.32; 0.45; 0.4; 0.11; 0.35; 0.33; 0.45; 0.46; 0.45; 0.34; 0.48; 0.43; 0.07; 0.38; 0.35; 0.48; 0.49; 0.48; 0.34; 0.48; 0.37; 0.03; 0.38; 0.35; 0.42; 0.49; 0.48; 0.24; 0.35; 0.27; 0.14; 0.44; 0.26; 0.3; 0.37; 0.35; 0.3; 0.27; 0.21; 0.19; 0.2; 0.39; 0.23; 0.29; 0.27; 0.38; 0.45; 0.56; 0.03; 0.35; 0.33; 0.45; 0.45; 0.45}
Landmarks found:		0,0	11,2
ModelRef|ModelUpdt|Precision|Recall|F-measure:GnuTLS_3.3.8_server_regular.dot.kiss|RSA_BSAFE_C_4.0.4_server_regular.dot.kiss|0.180556|0.135417|0.154762
States pair scores:	{0; 0.27; 0.26; 0.48; 0.33; 0.67; 0; 0; 0; 0; 0; 0.27; 0.14; 0.31; 0.2; 0; 0.14; 0.31; 0.29; 0.19; 0; 0.34; 0.19; 0.38; 0.26; 0; 0.25; 0.13; 0.29; 0.19; 0; 0.26; 0.24; 0.45; 0.37; 0; 0.27; 0.26; 0.48; 0.39; 0; 0.27; 0.26; 0.48; 0.33; 0; 0.32; 0.18; 0.35; 0.24; 0; 0.13; 0.29; 0.27; 0.18; 0; 0.48; 0.45; 0.45; 0.58}
Landmarks found:		0,0	11,4
ModelRef|ModelUpdt|Precision|Recall|F-measure:GnuTLS_3.3.8_server_regular.dot.kiss|RSA_BSAFE_Java_6.1.1_server_regular.dot.kiss|0.200000|0.083333|0.117647
States pair scores:	{0.29; 0; 0.22; 0.2; 0.52; 0.22; 0.05; 0.67; 0.05; 0.05; 0.02; 0.11; 0.16; 0; 0.21; 0.1; 0.35; 0.1; 0.23; 0; 0.1; 0.25; 0.31; 0.16; 0.22; 0; 0.27; 0.14; 0.41; 0.15; 0.15; 0; 0.19; 0.09; 0.31; 0.1; 0.27; 0; 0.2; 0.19; 0.48; 0.25; 0.29; 0; 0.22; 0.2; 0.52; 0.28; 0.29; 0; 0.22; 0.2; 0.52; 0.22; 0.2; 0; 0.25; 0.13; 0.38; 0.14; 0.22; 0; 0.09; 0.23; 0.29; 0.15; 0.38; 0; 0.29; 0.27; 0.35; 0.2}
Landmarks found:		0,0	7,4	1,1
ModelRef|ModelUpdt|Precision|Recall|F-measure:GnuTLS_3.3.8_server_regular.dot.kiss|miTLS_0.1.3_server_regular.dot.kiss|0.416667|0.208333|0.277778
States pair scores:	{0.27; 0; 0.25; 0.19; 0.32; 0.26; 0.27; 0.26; 0; 0.13; 0.4; 0.18; 0.24; 0.26; 0.33; 0; 0.19; 0.24; 0.24; 0.37; 0.33; 0; 0.67; 0; 0; 0; 0; 0; 0.35; 0; 0.2; 0.26; 0.26; 0.33; 0.35; 0.2; 0; 0.18; 0.24; 0.24; 0.19; 0.2; 0.45; 0; 0.27; 0.33; 0.33; 0.49; 0.33; 0.27; 0; 0.25; 0.19; 0.32; 0.26; 0.27}
Landmarks found:		0,0	3,1
ModelRef|ModelUpdt|Precision|Recall|F-measure:JSSE_1.8.0_25_server_regular.dot.kiss|GnuTLS_3.3.12_server_regular.dot.kiss|0.232143|0.203125|0.216667
States pair scores:	{0.38; 0; 0.32; 0.17; 0.4; 0.38; 0.37; 0.32; 0.27; 0.45; 0.22; 0.35; 0.35; 0; 0.17; 0.4; 0.23; 0.22; 0.35; 0.3; 0.26; 0.27; 0.43; 0.33; 0.45; 0; 0.24; 0.23; 0.3; 0.29; 0.5; 0.45; 0.33; 0.35; 0.27; 0.43; 0; 0.67; 0; 0; 0; 0; 0; 0; 0; 0; 0; 0; 0.48; 0; 0.25; 0.24; 0.32; 0.3; 0.46; 0.42; 0.35; 0.37; 0.29; 0.24; 0.29; 0; 0.23; 0.22; 0.3; 0.29; 0.29; 0.24; 0.2; 0.35; 0.27; 0.27; 0.33; 0; 0.2; 0.19; 0.26; 0.19; 0.37; 0.39; 0.33; 0.24; 0.18; 0.58; 0.38; 0; 0.32; 0.17; 0.4; 0.38; 0.37; 0.32; 0.27; 0.45; 0.22; 0.35}
Landmarks found:		0,0	6,11	3,1
ModelRef|ModelUpdt|Precision|Recall|F-measure:JSSE_1.8.0_25_server_regular.dot.kiss|GnuTLS_3.3.8_server_regular.dot.kiss|0.244444|0.343750|0.285714
States pair scores:	{0.67; 0.38; 0.48; 0; 0.27; 0.52; 0.35; 0.67; 0.38; 0.67; 0.45; 0; 0.26; 0.47; 0.33; 0.38; 0.48; 0.45; 0.67; 0; 0.33; 0.38; 0.49; 0.48; 0; 0; 0; 0.67; 0; 0; 0; 0; 0.27; 0.26; 0.33; 0; 0.67; 0.2; 0.24; 0.27; 0.52; 0.47; 0.38; 0; 0.2; 0.67; 0.27; 0.52; 0.35; 0.33; 0.49; 0; 0.24; 0.27; 0.67; 0.35; 0.67; 0.38; 0.48; 0; 0.27; 0.52; 0.35; 0.67}
Landmarks found:		0,0	5,7	7,5	2,2	3,3	4,4	6,6	1,1
ModelRef|ModelUpdt|Precision|Recall|F-measure:JSSE_1.8.0_25_server_regular.dot.kiss|JSSE_1.8.0_25_server_regular.dot.kiss|0.968750|0.968750|0.968750
States pair scores:	{0.27; 0; 0.38; 0.45; 0.52; 0.35; 0.67; 0.66; 0.26; 0; 0.67; 0.5; 0.47; 0.33; 0.38; 0.38; 0.33; 0; 0.45; 0.62; 0.38; 0.49; 0.48; 0.48; 0; 0.67; 0; 0; 0; 0; 0; 0; 0.67; 0; 0.26; 0.32; 0.2; 0.24; 0.27; 0.27; 0.2; 0; 0.47; 0.35; 0.67; 0.27; 0.52; 0.51; 0.24; 0; 0.33; 0.46; 0.27; 0.67; 0.35; 0.35; 0.27; 0; 0.38; 0.45; 0.52; 0.35; 0.67; 0.66}
Landmarks found:		0,0	1,3	5,7	7,4	3,1	6,5
ModelRef|ModelUpdt|Precision|Recall|F-measure:JSSE_1.8.0_25_server_regular.dot.kiss|JSSE_1.8.0_31_server_regular.dot.kiss|0.706897|0.640625|0.672131
States pair scores:	{0.19; 0.07; 0; 0.16; 0.27; 0.38; 0.27; 0.15; 0.31; 0.12; 0; 0.15; 0.14; 0.35; 0.26; 0.34; 0.25; 0.08; 0; 0.22; 0.2; 0.53; 0.33; 0.2; 0.02; 0; 0.64; 0.05; 0.05; 0.02; 0; 0.05; 0.21; 0.1; 0.04; 0.18; 0.17; 0.26; 0.35; 0.17; 0.24; 0.1; 0; 0.1; 0.2; 0.29; 0.2; 0.2; 0.22; 0.03; 0; 0.22; 0.2; 0.53; 0.45; 0.2; 0.19; 0.07; 0; 0.16; 0.27; 0.38; 0.27; 0.15}
Landmarks found:		0,0	2,5	3,2
Highest state pair found:	1,7
Highest state pair found:	7,4
ModelRef|ModelUpdt|Precision|Recall|F-measure:JSSE_1.8.0_25_server_regular.dot.kiss|NSS_3.17.4_server_regular.dot.kiss|0.437500|0.437500|0.437500
States pair scores:	{0.12; 0; 0; 0.29; 0.36; 0.21; 0.27; 0.29; 0.23; 0.4; 0.29; 0.23; 0.4; 0.27; 0.21; 0.21; 0.13; 0; 0; 0.27; 0.2; 0.42; 0.32; 0.27; 0.36; 0.38; 0.34; 0.36; 0.38; 0.14; 0.42; 0.19; 0.1; 0; 0.01; 0.21; 0.32; 0.27; 0.39; 0.41; 0.29; 0.57; 0.36; 0.29; 0.57; 0.24; 0.27; 0.15; 0.08; 0.21; 0.55; 0; 0; 0; 0; 0; 0; 0; 0; 0; 0; 0.02; 0; 0.02; 0.07; 0.05; 0.02; 0.23; 0.29; 0.29; 0.36; 0.38; 0.3; 0.27; 0.38; 0.3; 0.27; 0.21; 0.29; 0.16; 0.16; 0; 0; 0.36; 0.27; 0.27; 0.2; 0.21; 0.29; 0.3; 0.21; 0.29; 0.3; 0.19; 0.27; 0.26; 0.1; 0; 0.01; 0.21; 0.32; 0.27; 0.39; 0.41; 0.29; 0.57; 0.36; 0.29; 0.57; 0.24; 0.27; 0.15; 0.12; 0; 0; 0.29; 0.36; 0.21; 0.27; 0.29; 0.23; 0.4; 0.29; 0.23; 0.4; 0.27; 0.21; 0.21}
Landmarks found:		0,0	3,2	2,9	6,12
Highest state pair found:	1,8
Highest state pair found:	5,11
ModelRef|ModelUpdt|Precision|Recall|F-measure:JSSE_1.8.0_25_server_regular.dot.kiss|OpenSSL_1.0.1g_server_regular.dot.kiss|0.333333|0.531250|0.409639
States pair scores:	{0.12; 0; 0; 0.39; 0.21; 0.29; 0.29; 0.23; 0.4; 0.29; 0.21; 0.13; 0; 0; 0.21; 0.42; 0.27; 0.27; 0.36; 0.38; 0.15; 0.42; 0.1; 0; 0.01; 0.29; 0.27; 0.41; 0.41; 0.29; 0.57; 0.21; 0.27; 0.08; 0.21; 0.55; 0; 0; 0; 0; 0; 0; 0.02; 0; 0.07; 0.05; 0.02; 0.3; 0.29; 0.38; 0.38; 0.3; 0.27; 0.23; 0.29; 0.16; 0; 0; 0.29; 0.27; 0.21; 0.21; 0.29; 0.3; 0.21; 0.27; 0.1; 0; 0.01; 0.29; 0.27; 0.41; 0.41; 0.29; 0.57; 0.21; 0.27; 0.12; 0; 0; 0.39; 0.21; 0.29; 0.29; 0.23; 0.4; 0.29; 0.21}
Landmarks found:		0,0	3,2	2,8
Highest state pair found:	1,7
ModelRef|ModelUpdt|Precision|Recall|F-measure:JSSE_1.8.0_25_server_regular.dot.kiss|OpenSSL_1.0.1j_server_regular.dot.kiss|0.285714|0.343750|0.312057
States pair scores:	{0.12; 0; 0; 0.39; 0.21; 0.29; 0.29; 0.3; 0.29; 0.21; 0.13; 0; 0; 0.21; 0.42; 0.27; 0.27; 0.29; 0.15; 0.42; 0.1; 0; 0.01; 0.29; 0.27; 0.41; 0.41; 0.38; 0.21; 0.27; 0.08; 0.21; 0.55; 0; 0; 0; 0; 0; 0.02; 0; 0.07; 0.05; 0.02; 0.3; 0.29; 0.38; 0.38; 0.4; 0.23; 0.29; 0.16; 0; 0; 0.29; 0.27; 0.21; 0.21; 0.23; 0.21; 0.27; 0.1; 0; 0.01; 0.29; 0.27; 0.41; 0.41; 0.38; 0.21; 0.27; 0.12; 0; 0; 0.39; 0.21; 0.29; 0.29; 0.3; 0.29; 0.21}
Landmarks found:		0,0	3,2
ModelRef|ModelUpdt|Precision|Recall|F-measure:JSSE_1.8.0_25_server_regular.dot.kiss|OpenSSL_1.0.1l_server_regular.dot.kiss|0.128571|0.140625|0.134328
States pair scores:	{0.12; 0; 0; 0.39; 0.21; 0.29; 0.3; 0.13; 0; 0; 0.21; 0.42; 0.27; 0.29; 0.1; 0; 0.01; 0.29; 0.27; 0.41; 0.38; 0.08; 0.21; 0.55; 0; 0; 0; 0; 0.07; 0.05; 0.02; 0.3; 0.29; 0.38; 0.4; 0.16; 0; 0; 0.29; 0.27; 0.21; 0.23; 0.1; 0; 0.01; 0.29; 0.27; 0.41; 0.38; 0.12; 0; 0; 0.39; 0.21; 0.29; 0.3}
Landmarks found:		0,0	3,2
ModelRef|ModelUpdt|Precision|Recall|F-measure:JSSE_1.8.0_25_server_regular.dot.kiss|OpenSSL_1.0.2_server_regular.dot.kiss|0.183673|0.140625|0.159292
States pair scores:	{0.22; 0.27; 0.33; 0.06; 0.34; 0.19; 0.27; 0.27; 0.27; 0.34; 0.26; 0.32; 0.1; 0.19; 0.38; 0.26; 0.26; 0.26; 0.27; 0.33; 0.46; 0.05; 0.26; 0.24; 0.39; 0.33; 0.33; 0; 0; 0; 0; 0; 0; 0; 0; 0; 0.24; 0.35; 0.27; 0.07; 0.27; 0.26; 0.3; 0.37; 0.35; 0.28; 0.2; 0.26; 0.08; 0.25; 0.24; 0.2; 0.2; 0.2; 0.38; 0.45; 0.62; 0.02; 0.35; 0.33; 0.53; 0.45; 0.45; 0.22; 0.27; 0.33; 0.06; 0.34; 0.19; 0.27; 0.27; 0.27}
Landmarks found:		0,0	6,6
Highest state pair found:	5,5
ModelRef|ModelUpdt|Precision|Recall|F-measure:JSSE_1.8.0_25_server_regular.dot.kiss|RSA_BSAFE_C_4.0.4_server_regular.dot.kiss|0.222222|0.250000|0.235294
States pair scores:	{0; 0.47; 0.27; 0.27; 0.35; 0; 0.27; 0.5; 0.26; 0.33; 0; 0.35; 0.33; 0.33; 0.49; 0.67; 0; 0; 0; 0; 0; 0.19; 0.18; 0.35; 0.24; 0; 0.36; 0.34; 0.2; 0.27; 0; 0.48; 0.45; 0.45; 0.67; 0; 0.47; 0.27; 0.27; 0.35}
Landmarks found:		0,0	6,4
Highest state pair found:	5,2
ModelRef|ModelUpdt|Precision|Recall|F-measure:JSSE_1.8.0_25_server_regular.dot.kiss|RSA_BSAFE_Java_6.1.1_server_regular.dot.kiss|0.350000|0.218750|0.269231
States pair scores:	{0.31; 0; 0.39; 0.22; 0.29; 0.15; 0.41; 0; 0.22; 0.42; 0.27; 0.22; 0.38; 0; 0.29; 0.27; 0.35; 0.25; 0.05; 0.67; 0.05; 0.05; 0.02; 0.11; 0.2; 0; 0.22; 0.2; 0.38; 0.22; 0.35; 0; 0.3; 0.27; 0.22; 0.16; 0.38; 0; 0.29; 0.27; 0.35; 0.25; 0.31; 0; 0.39; 0.22; 0.29; 0.15}
Landmarks found:		0,0	3,1
ModelRef|ModelUpdt|Precision|Recall|F-measure:JSSE_1.8.0_25_server_regular.dot.kiss|miTLS_0.1.3_server_regular.dot.kiss|0.270833|0.203125|0.232143
States pair scores:	{0.35; 0; 0.2; 0.26; 0.26; 0.33; 0.35; 0; 0.67; 0; 0; 0; 0; 0; 0.26; 0; 0.13; 0.39; 0.18; 0.24; 0.26; 0.32; 0; 0.18; 0.28; 0.23; 0.35; 0.32; 0.2; 0; 0.18; 0.24; 0.24; 0.19; 0.2; 0.45; 0; 0.27; 0.33; 0.33; 0.49; 0.33; 0.27; 0; 0.25; 0.19; 0.32; 0.26; 0.27; 0.27; 0; 0.25; 0.19; 0.32; 0.26; 0.27}
Landmarks found:		0,0	1,1
ModelRef|ModelUpdt|Precision|Recall|F-measure:JSSE_1.8.0_31_server_regular.dot.kiss|GnuTLS_3.3.12_server_regular.dot.kiss|0.250000|0.218750|0.233333
States pair scores:	{0.48; 0; 0.25; 0.24; 0.32; 0.3; 0.46; 0.42; 0.35; 0.37; 0.29; 0.24; 0; 0.67; 0; 0; 0; 0; 0; 0; 0; 0; 0; 0; 0.35; 0; 0.17; 0.38; 0.23; 0.22; 0.35; 0.3; 0.26; 0.27; 0.42; 0.33; 0.43; 0; 0.23; 0.27; 0.29; 0.27; 0.47; 0.43; 0.32; 0.33; 0.31; 0.41; 0.29; 0; 0.23; 0.22; 0.3; 0.29; 0.29; 0.24; 0.2; 0.35; 0.27; 0.27; 0.33; 0; 0.2; 0.19; 0.26; 0.19; 0.37; 0.39; 0.33; 0.24; 0.18; 0.58; 0.38; 0; 0.32; 0.17; 0.4; 0.38; 0.37; 0.32; 0.27; 0.45; 0.22; 0.35; 0.38; 0; 0.32; 0.17; 0.4; 0.38; 0.37; 0.32; 0.27; 0.45; 0.22; 0.35}
Landmarks found:		0,0	5,11	1,1
ModelRef|ModelUpdt|Precision|Recall|F-measure:JSSE_1.8.0_31_server_regular.dot.kiss|GnuTLS_3.3.8_server_regular.dot.kiss|0.250000|0.359375|0.294872
States pair scores:	{0.27; 0.26; 0.33; 0; 0.67; 0.2; 0.24; 0.27; 0; 0; 0; 0.67; 0; 0; 0; 0; 0.38; 0.67; 0.45; 0; 0.26; 0.47; 0.33; 0.38; 0.45; 0.5; 0.62; 0; 0.32; 0.35; 0.46; 0.45; 0.52; 0.47; 0.38; 0; 0.2; 0.67; 0.27; 0.52; 0.35; 0.33; 0.49; 0; 0.24; 0.27; 0.67; 0.35; 0.67; 0.38; 0.48; 0; 0.27; 0.52; 0.35; 0.67; 0.66; 0.38; 0.48; 0; 0.27; 0.51; 0.35; 0.66}
Landmarks found:		0,0	3,1	7,5	4,7	1,3	5,6
ModelRef|ModelUpdt|Precision|Recall|F-measure:JSSE_1.8.0_31_server_regular.dot.kiss|JSSE_1.8.0_25_server_regular.dot.kiss|0.683333|0.640625|0.661290
States pair scores:	{0.67; 0; 0.26; 0.32; 0.2; 0.24; 0.27; 0.27; 0; 0.67; 0; 0; 0; 0; 0; 0; 0.26; 0; 0.67; 0.5; 0.47; 0.33; 0.38; 0.38; 0.32; 0; 0.5; 0.67; 0.35; 0.46; 0.45; 0.45; 0.2; 0; 0.47; 0.35; 0.67; 0.27; 0.52; 0.51; 0.24; 0; 0.33; 0.46; 0.27; 0.67; 0.35; 0.35; 0.27; 0; 0.38; 0.45; 0.52; 0.35; 0.67; 0.66; 0.27; 0; 0.38; 0.45; 0.51; 0.35; 0.66; 0.67}
Landmarks found:		0,0	4,7	7,4	1,1	3,3	5,5	2,2	6,6
ModelRef|ModelUpdt|Precision|Recall|F-measure:JSSE_1.8.0_31_server_regular.dot.kiss|JSSE_1.8.0_31_server_regular.dot.kiss|0.937500|0.937500|0.937500
States pair scores:	{0.21; 0.1; 0.04; 0.18; 0.17; 0.26; 0.35; 0.17; 0.02; 0; 0.64; 0.05; 0.05; 0.02; 0; 0.05; 0.31; 0.1; 0; 0.15; 0.14; 0.35; 0.26; 0.33; 0.24; 0.1; 0; 0.2; 0.19; 0.49; 0.32; 0.23; 0.24; 0.1; 0; 0.1; 0.2; 0.29; 0.2; 0.2; 0.22; 0.03; 0; 0.22; 0.2; 0.53; 0.45; 0.2; 0.19; 0.07; 0; 0.16; 0.27; 0.38; 0.27; 0.15; 0.19; 0.07; 0; 0.16; 0.27; 0.38; 0.27; 0.15}
Landmarks found:		0,0	5,5	1,2
Highest state pair found:	4,7
ModelRef|ModelUpdt|Precision|Recall|F-measure:JSSE_1.8.0_31_server_regular.dot.kiss|NSS_3.17.4_server_regular.dot.kiss|0.360656|0.343750|0.352000
States pair scores:	{0.07; 0.05; 0.02; 0.23; 0.29; 0.29; 0.36; 0.38; 0.3; 0.27; 0.38; 0.3; 0.27; 0.21; 0.29; 0.16; 0.08; 0.21; 0.55; 0; 0; 0; 0; 0; 0; 0; 0; 0; 0; 0.02; 0; 0.02; 0.13; 0; 0; 0.27; 0.2; 0.41; 0.31; 0.27; 0.36; 0.38; 0.33; 0.36; 0.38; 0.14; 0.41; 0.19; 0.09; 0; 0.01; 0.2; 0.3; 0.3; 0.42; 0.39; 0.27; 0.53; 0.39; 0.27; 0.53; 0.23; 0.3; 0.14; 0.16; 0; 0; 0.36; 0.27; 0.27; 0.2; 0.21; 0.29; 0.3; 0.21; 0.29; 0.3; 0.19; 0.27; 0.26; 0.1; 0; 0.01; 0.21; 0.32; 0.27; 0.39; 0.41; 0.29; 0.57; 0.36; 0.29; 0.57; 0.24; 0.27; 0.15; 0.12; 0; 0; 0.29; 0.36; 0.21; 0.27; 0.29; 0.23; 0.4; 0.29; 0.23; 0.4; 0.27; 0.21; 0.21; 0.12; 0; 0; 0.29; 0.36; 0.21; 0.27; 0.29; 0.23; 0.4; 0.29; 0.23; 0.4; 0.27; 0.21; 0.2}
Landmarks found:		0,0	3,9	1,2	5,12
Highest state pair found:	2,8
Highest state pair found:	4,11
ModelRef|ModelUpdt|Precision|Recall|F-measure:JSSE_1.8.0_31_server_regular.dot.kiss|OpenSSL_1.0.1g_server_regular.dot.kiss|0.333333|0.515625|0.404908
States pair scores:	{0.07; 0.05; 0.02; 0.3; 0.29; 0.38; 0.38; 0.3; 0.27; 0.23; 0.29; 0.08; 0.21; 0.55; 0; 0; 0; 0; 0; 0; 0.02; 0; 0.13; 0; 0; 0.21; 0.41; 0.27; 0.27; 0.36; 0.38; 0.15; 0.41; 0.09; 0; 0.01; 0.27; 0.3; 0.39; 0.39; 0.27; 0.53; 0.2; 0.3; 0.16; 0; 0; 0.29; 0.27; 0.21; 0.21; 0.29; 0.3; 0.21; 0.27; 0.1; 0; 0.01; 0.29; 0.27; 0.41; 0.41; 0.29; 0.57; 0.21; 0.27; 0.12; 0; 0; 0.39; 0.21; 0.29; 0.29; 0.23; 0.4; 0.29; 0.21; 0.12; 0; 0; 0.38; 0.21; 0.29; 0.29; 0.23; 0.4; 0.29; 0.21}
Landmarks found:		0,0	3,8	1,2
Highest state pair found:	2,7
ModelRef|ModelUpdt|Precision|Recall|F-measure:JSSE_1.8.0_31_server_regular.dot.kiss|OpenSSL_1.0.1j_server_regular.dot.kiss|0.291667|0.328125|0.308824
States pair scores:	{0.07; 0.05; 0.02; 0.3; 0.29; 0.38; 0.38; 0.4; 0.23; 0.29; 0.08; 0.21; 0.55; 0; 0; 0; 0; 0; 0.02; 0; 0.13; 0; 0; 0.21; 0.41; 0.27; 0.27; 0.29; 0.15; 0.41; 0.09; 0; 0.01; 0.27; 0.3; 0.39; 0.39; 0.36; 0.2; 0.3; 0.16; 0; 0; 0.29; 0.27; 0.21; 0.21; 0.23; 0.21; 0.27; 0.1; 0; 0.01; 0.29; 0.27; 0.41; 0.41; 0.38; 0.21; 0.27; 0.12; 0; 0; 0.39; 0.21; 0.29; 0.29; 0.3; 0.29; 0.21; 0.12; 0; 0; 0.38; 0.21; 0.29; 0.29; 0.3; 0.29; 0.21}
Landmarks found:		0,0	1,2
ModelRef|ModelUpdt|Precision|Recall|F-measure:JSSE_1.8.0_31_server_regular.dot.kiss|OpenSSL_1.0.1l_server_regular.dot.kiss|0.114286|0.125000|0.119403
States pair scores:	{0.07; 0.05; 0.02; 0.3; 0.29; 0.38; 0.4; 0.08; 0.21; 0.55; 0; 0; 0; 0; 0.13; 0; 0; 0.21; 0.41; 0.27; 0.29; 0.09; 0; 0.01; 0.27; 0.3; 0.39; 0.36; 0.16; 0; 0; 0.29; 0.27; 0.21; 0.23; 0.1; 0; 0.01; 0.29; 0.27; 0.41; 0.38; 0.12; 0; 0; 0.39; 0.21; 0.29; 0.3; 0.12; 0; 0; 0.38; 0.21; 0.29; 0.3}
Landmarks found:		0,0	1,2
ModelRef|ModelUpdt|Precision|Recall|F-measure:JSSE_1.8.0_31_server_regular.dot.kiss|OpenSSL_1.0.2_server_regular.dot.kiss|0.163265|0.125000|0.141593
States pair scores:	{0.24; 0.35; 0.27; 0.07; 0.27; 0.26; 0.3; 0.37; 0.35; 0; 0; 0; 0; 0; 0; 0; 0; 0; 0.34; 0.26; 0.32; 0.09; 0.19; 0.37; 0.26; 0.26; 0.26; 0.26; 0.32; 0.44; 0.07; 0.24; 0.27; 0.37; 0.32; 0.32; 0.28; 0.2; 0.26; 0.08; 0.25; 0.24; 0.2; 0.2; 0.2; 0.38; 0.45; 0.62; 0.02; 0.35; 0.33; 0.53; 0.45; 0.45; 0.22; 0.27; 0.33; 0.06; 0.34; 0.19; 0.27; 0.27; 0.27; 0.22; 0.27; 0.33; 0.05; 0.34; 0.19; 0.27; 0.27; 0.27}
Landmarks found:		0,0	5,6
Highest state pair found:	4,5
ModelRef|ModelUpdt|Precision|Recall|F-measure:JSSE_1.8.0_31_server_regular.dot.kiss|RSA_BSAFE_C_4.0.4_server_regular.dot.kiss|0.242424|0.250000|0.246154
States pair scores:	{0; 0.19; 0.18; 0.35; 0.24; 0.67; 0; 0; 0; 0; 0; 0.27; 0.49; 0.26; 0.33; 0; 0.33; 0.37; 0.32; 0.46; 0; 0.36; 0.34; 0.2; 0.27; 0; 0.48; 0.45; 0.45; 0.67; 0; 0.47; 0.27; 0.27; 0.35; 0; 0.47; 0.27; 0.27; 0.35}
Landmarks found:		0,0	5,4
Highest state pair found:	4,2
ModelRef|ModelUpdt|Precision|Recall|F-measure:JSSE_1.8.0_31_server_regular.dot.kiss|RSA_BSAFE_Java_6.1.1_server_regular.dot.kiss|0.350000|0.218750|0.269231
States pair scores:	{0.2; 0; 0.22; 0.2; 0.38; 0.22; 0.05; 0.67; 0.05; 0.05; 0.02; 0.11; 0.41; 0; 0.22; 0.42; 0.27; 0.22; 0.35; 0; 0.27; 0.3; 0.33; 0.23; 0.35; 0; 0.3; 0.27; 0.22; 0.16; 0.38; 0; 0.29; 0.27; 0.35; 0.25; 0.31; 0; 0.39; 0.22; 0.29; 0.15; 0.31; 0; 0.39; 0.22; 0.29; 0.15}
Landmarks found:		0,0	1,1
ModelRef|ModelUpdt|Precision|Recall|F-measure:JSSE_1.8.0_31_server_regular.dot.kiss|miTLS_0.1.3_server_regular.dot.kiss|0.250000|0.187500|0.214286
States pair scores:	{0.27; 0.02; 0.13; 0.31; 0.18; 0.25; 0.27; 0.05; 0; 0.1; 0.1; 0.09; 0.08; 0.05; 0.04; 0.64; 0.05; 0.04; 0.04; 0.04; 0.04; 0.27; 0.05; 0.25; 0.18; 0.18; 0.25; 0.27; 0.25; 0.05; 0.23; 0.17; 0.36; 0.24; 0.25; 0.35; 0.02; 0.2; 0.26; 0.26; 0.39; 0.35; 0.67; 0; 0.41; 0.48; 0.48; 0.62; 0.48; 0.25; 0.05; 0.12; 0.37; 0.17; 0.24; 0.25}
Landmarks found:		0,0	6,5	2,1
ModelRef|ModelUpdt|Precision|Recall|F-measure:NSS_3.17.4_server_regular.dot.kiss|GnuTLS_3.3.12_server_regular.dot.kiss|0.408163|0.312500|0.353982
States pair scores:	{0.31; 0.02; 0.17; 0.29; 0.23; 0.16; 0.29; 0.31; 0.27; 0.22; 0.27; 0.22; 0.1; 0; 0.13; 0.16; 0.12; 0.19; 0.15; 0.1; 0.05; 0.18; 0.22; 0.03; 0.04; 0.64; 0.05; 0.05; 0.05; 0.05; 0.04; 0.04; 0.04; 0.04; 0.05; 0; 0.27; 0.05; 0.27; 0.13; 0.19; 0.25; 0.25; 0.27; 0.27; 0.18; 0.12; 0.22; 0.25; 0.05; 0.25; 0.12; 0.39; 0.23; 0.24; 0.25; 0.25; 0.36; 0.11; 0.2; 0.35; 0.02; 0.22; 0.2; 0.27; 0.2; 0.39; 0.42; 0.35; 0.26; 0.19; 0.45; 0.48; 0; 0.31; 0.29; 0.38; 0.29; 0.45; 0.48; 0.48; 0.35; 0.27; 0.45; 0.25; 0.05; 0.13; 0.31; 0.18; 0.12; 0.24; 0.25; 0.25; 0.17; 0.29; 0.2}
Landmarks found:		0,0	2,1
ModelRef|ModelUpdt|Precision|Recall|F-measure:NSS_3.17.4_server_regular.dot.kiss|GnuTLS_3.3.8_server_regular.dot.kiss|0.125000|0.187500|0.150000
States pair scores:	{0.19; 0.31; 0.25; 0.02; 0.21; 0.24; 0.22; 0.19; 0.07; 0.12; 0.08; 0; 0.1; 0.1; 0.03; 0.07; 0; 0; 0; 0.64; 0.04; 0; 0; 0; 0.16; 0.15; 0.22; 0.05; 0.18; 0.1; 0.22; 0.16; 0.27; 0.14; 0.2; 0.05; 0.17; 0.2; 0.2; 0.27; 0.38; 0.35; 0.53; 0.02; 0.26; 0.29; 0.53; 0.38; 0.27; 0.26; 0.33; 0; 0.35; 0.2; 0.45; 0.27; 0.15; 0.34; 0.2; 0.05; 0.17; 0.2; 0.2; 0.15}
Landmarks found:		0,0	5,2	2,3
Highest state pair found:	7,1
Highest state pair found:	4,7
ModelRef|ModelUpdt|Precision|Recall|F-measure:NSS_3.17.4_server_regular.dot.kiss|JSSE_1.8.0_25_server_regular.dot.kiss|0.500000|0.437500|0.466667
States pair scores:	{0.21; 0.02; 0.31; 0.24; 0.24; 0.22; 0.19; 0.19; 0.1; 0; 0.1; 0.1; 0.1; 0.03; 0.07; 0.07; 0.04; 0.64; 0; 0; 0; 0; 0; 0; 0.18; 0.05; 0.15; 0.2; 0.1; 0.22; 0.16; 0.16; 0.17; 0.05; 0.14; 0.19; 0.2; 0.2; 0.27; 0.27; 0.26; 0.02; 0.35; 0.49; 0.29; 0.53; 0.38; 0.38; 0.35; 0; 0.26; 0.32; 0.2; 0.45; 0.27; 0.27; 0.17; 0.05; 0.33; 0.23; 0.2; 0.2; 0.15; 0.15}
Landmarks found:		0,0	5,5	2,1
Highest state pair found:	7,4
ModelRef|ModelUpdt|Precision|Recall|F-measure:NSS_3.17.4_server_regular.dot.kiss|JSSE_1.8.0_31_server_regular.dot.kiss|0.360656|0.343750|0.352000
States pair scores:	{0.67; 0.08; 0.02; 0.31; 0.27; 0.23; 0.27; 0.48; 0.08; 0.67; 0.08; 0.04; 0.06; 0.03; 0.05; 0.06; 0.02; 0.08; 0.67; 0.05; 0.05; 0.02; 0.04; 0.05; 0.31; 0.04; 0.05; 0.67; 0.33; 0.28; 0.27; 0.33; 0.27; 0.06; 0.05; 0.33; 0.67; 0.26; 0.25; 0.31; 0.23; 0.03; 0.02; 0.28; 0.26; 0.67; 0.35; 0.26; 0.27; 0.05; 0.04; 0.27; 0.25; 0.35; 0.67; 0.25; 0.48; 0.06; 0.05; 0.33; 0.31; 0.26; 0.25; 0.67}
Landmarks found:		0,0	1,1	2,2	6,6	3,3	4,4	5,5	7,7
ModelRef|ModelUpdt|Precision|Recall|F-measure:NSS_3.17.4_server_regular.dot.kiss|NSS_3.17.4_server_regular.dot.kiss|1.000000|1.000000|1.000000
States pair scores:	{0.28; 0.04; 0.02; 0.28; 0.2; 0.36; 0.26; 0.28; 0.39; 0.24; 0.28; 0.39; 0.24; 0.13; 0.36; 0.19; 0.04; 0.08; 0.06; 0.11; 0.11; 0.1; 0.1; 0.08; 0.08; 0.03; 0.07; 0.08; 0.03; 0.12; 0.1; 0.11; 0.08; 0.29; 0.59; 0.05; 0.05; 0.05; 0.04; 0.04; 0.05; 0; 0.04; 0.05; 0; 0.07; 0.05; 0.08; 0.25; 0.05; 0.02; 0.14; 0.2; 0.2; 0.26; 0.28; 0.22; 0.24; 0.28; 0.22; 0.24; 0.13; 0.2; 0.08; 0.22; 0.05; 0.02; 0.26; 0.33; 0.19; 0.25; 0.26; 0.2; 0.23; 0.26; 0.2; 0.23; 0.24; 0.19; 0.18; 0.11; 0; 0.02; 0.23; 0.34; 0.29; 0.41; 0.44; 0.3; 0.61; 0.38; 0.3; 0.61; 0.26; 0.29; 0.16; 0.13; 0.05; 0.02; 0.33; 0.4; 0.4; 0.49; 0.52; 0.43; 0.38; 0.52; 0.43; 0.38; 0.3; 0.4; 0.24; 0.26; 0.05; 0.02; 0.26; 0.19; 0.41; 0.3; 0.26; 0.36; 0.23; 0.32; 0.36; 0.23; 0.12; 0.41; 0.18}
Landmarks found:		0,0	6,7	2,2	5,9
Highest state pair found:	7,8
Highest state pair found:	1,1
ModelRef|ModelUpdt|Precision|Recall|F-measure:NSS_3.17.4_server_regular.dot.kiss|OpenSSL_1.0.1g_server_regular.dot.kiss|0.300000|0.468750|0.365854
States pair scores:	{0.28; 0.04; 0.02; 0.22; 0.36; 0.28; 0.28; 0.39; 0.24; 0.14; 0.36; 0.04; 0.08; 0.06; 0.08; 0.1; 0.08; 0.08; 0.08; 0.03; 0.08; 0.1; 0.08; 0.29; 0.59; 0.05; 0.05; 0.04; 0.04; 0.05; 0; 0.08; 0.05; 0.25; 0.05; 0.02; 0.22; 0.2; 0.28; 0.28; 0.22; 0.24; 0.14; 0.2; 0.22; 0.05; 0.02; 0.36; 0.19; 0.26; 0.26; 0.2; 0.23; 0.26; 0.19; 0.11; 0; 0.02; 0.3; 0.29; 0.44; 0.44; 0.3; 0.61; 0.23; 0.29; 0.13; 0.05; 0.02; 0.43; 0.4; 0.52; 0.52; 0.43; 0.38; 0.33; 0.4; 0.26; 0.05; 0.02; 0.2; 0.41; 0.26; 0.26; 0.36; 0.23; 0.13; 0.41}
Landmarks found:		0,0	6,5	2,2	5,8
Highest state pair found:	7,7
Highest state pair found:	1,1
ModelRef|ModelUpdt|Precision|Recall|F-measure:NSS_3.17.4_server_regular.dot.kiss|OpenSSL_1.0.1j_server_regular.dot.kiss|0.428571|0.468750|0.447761
States pair scores:	{0.28; 0.04; 0.02; 0.22; 0.36; 0.28; 0.28; 0.31; 0.14; 0.36; 0.04; 0.08; 0.06; 0.08; 0.1; 0.08; 0.08; 0.05; 0.08; 0.1; 0.08; 0.29; 0.59; 0.05; 0.05; 0.04; 0.04; 0.05; 0.08; 0.05; 0.25; 0.05; 0.02; 0.22; 0.2; 0.28; 0.28; 0.31; 0.14; 0.2; 0.22; 0.05; 0.02; 0.36; 0.19; 0.26; 0.26; 0.28; 0.26; 0.19; 0.11; 0; 0.02; 0.3; 0.29; 0.44; 0.44; 0.4; 0.23; 0.29; 0.13; 0.05; 0.02; 0.43; 0.4; 0.52; 0.52; 0.56; 0.33; 0.4; 0.26; 0.05; 0.02; 0.2; 0.41; 0.26; 0.26; 0.28; 0.13; 0.41}
Landmarks found:		0,0	6,5	2,2
Highest state pair found:	1,1
ModelRef|ModelUpdt|Precision|Recall|F-measure:NSS_3.17.4_server_regular.dot.kiss|OpenSSL_1.0.1l_server_regular.dot.kiss|0.285714|0.281250|0.283465
States pair scores:	{0.28; 0.04; 0.02; 0.22; 0.36; 0.28; 0.31; 0.04; 0.08; 0.06; 0.08; 0.1; 0.08; 0.05; 0.08; 0.29; 0.59; 0.05; 0.05; 0.04; 0.05; 0.25; 0.05; 0.02; 0.22; 0.2; 0.28; 0.31; 0.22; 0.05; 0.02; 0.36; 0.19; 0.26; 0.28; 0.11; 0; 0.02; 0.3; 0.29; 0.44; 0.4; 0.13; 0.05; 0.02; 0.43; 0.4; 0.52; 0.56; 0.26; 0.05; 0.02; 0.2; 0.41; 0.26; 0.28}
Landmarks found:		0,0	6,5	2,2
Highest state pair found:	1,1
ModelRef|ModelUpdt|Precision|Recall|F-measure:NSS_3.17.4_server_regular.dot.kiss|OpenSSL_1.0.2_server_regular.dot.kiss|0.428571|0.281250|0.339623
States pair scores:	{0.37; 0.27; 0.2; 0.08; 0.19; 0.31; 0.27; 0.27; 0.27; 0.04; 0.05; 0.06; 0.67; 0.07; 0.09; 0.05; 0.08; 0.05; 0; 0.04; 0.04; 0.04; 0.05; 0.04; 0; 0.08; 0.04; 0.21; 0.27; 0.2; 0.04; 0.19; 0.18; 0.27; 0.27; 0.27; 0.19; 0.25; 0.19; 0.06; 0.31; 0.17; 0.25; 0.25; 0.25; 0.29; 0.35; 0.49; 0.02; 0.27; 0.26; 0.42; 0.35; 0.35; 0.48; 0.66; 0.49; 0.03; 0.52; 0.48; 0.57; 0.67; 0.67; 0.34; 0.25; 0.19; 0.06; 0.18; 0.36; 0.25; 0.25; 0.25}
Landmarks found:		0,0	6,4	1,3
ModelRef|ModelUpdt|Precision|Recall|F-measure:NSS_3.17.4_server_regular.dot.kiss|RSA_BSAFE_C_4.0.4_server_regular.dot.kiss|0.287879|0.296875|0.292308
States pair scores:	{0.02; 0.16; 0.27; 0.27; 0.22; 0; 0.02; 0.03; 0.05; 0.03; 0.64; 0; 0; 0.04; 0; 0.05; 0.16; 0.15; 0.27; 0.22; 0.05; 0.27; 0.14; 0.25; 0.2; 0.02; 0.38; 0.35; 0.35; 0.53; 0; 0.38; 0.35; 0.67; 0.45; 0.05; 0.15; 0.32; 0.25; 0.2}
Landmarks found:		0,0	5,4	6,3
Highest state pair found:	7,2
Highest state pair found:	4,1
ModelRef|ModelUpdt|Precision|Recall|F-measure:NSS_3.17.4_server_regular.dot.kiss|RSA_BSAFE_Java_6.1.1_server_regular.dot.kiss|0.625000|0.390625|0.480769
States pair scores:	{0.29; 0.02; 0.11; 0.21; 0.29; 0.2; 0; 0; 0.02; 0.04; 0.05; 0.04; 0.05; 0.66; 0.05; 0.05; 0.07; 0.11; 0.22; 0.05; 0.14; 0.13; 0.34; 0.14; 0.2; 0.05; 0.25; 0.13; 0.32; 0.13; 0.48; 0.02; 0.37; 0.34; 0.44; 0.32; 0.29; 0; 0.22; 0.2; 0.52; 0.22; 0.3; 0.05; 0.13; 0.3; 0.32; 0.22}
Landmarks found:		0,0	6,4	2,1
Highest state pair found:	5,2
Highest state pair found:	7,3
Highest state pair found:	3,5
ModelRef|ModelUpdt|Precision|Recall|F-measure:NSS_3.17.4_server_regular.dot.kiss|miTLS_0.1.3_server_regular.dot.kiss|0.695652|0.500000|0.581818
States pair scores:	{0.13; 0.08; 0.16; 0.16; 0.13; 0.12; 0.13; 0.05; 0.21; 0.06; 0.05; 0.05; 0.05; 0.05; 0.02; 0.55; 0.02; 0.02; 0.02; 0.03; 0.02; 0.33; 0; 0.31; 0.39; 0.39; 0.3; 0.33; 0.4; 0; 0.39; 0.29; 0.48; 0.44; 0.4; 0.4; 0; 0.23; 0.57; 0.29; 0.38; 0.4; 0.49; 0; 0.29; 0.42; 0.36; 0.53; 0.49; 0.52; 0; 0.3; 0.38; 0.38; 0.57; 0.52; 0.43; 0; 0.24; 0.51; 0.3; 0.4; 0.43; 0.38; 0; 0.21; 0.27; 0.27; 0.41; 0.38; 0.52; 0; 0.3; 0.45; 0.38; 0.49; 0.52; 0.43; 0; 0.24; 0.51; 0.3; 0.4; 0.43; 0.38; 0; 0.21; 0.27; 0.27; 0.41; 0.38; 0.3; 0.02; 0.29; 0.21; 0.36; 0.34; 0.3; 0.4; 0; 0.23; 0.57; 0.29; 0.38; 0.4; 0.24; 0.02; 0.22; 0.29; 0.29; 0.23; 0.24}
Landmarks found:		0,0	8,3	7,6	6,5	2,1
ModelRef|ModelUpdt|Precision|Recall|F-measure:OpenSSL_1.0.1g_server_regular.dot.kiss|GnuTLS_3.3.12_server_regular.dot.kiss|0.517857|0.258929|0.345238
States pair scores:	{0.13; 0.08; 0.18; 0.1; 0.14; 0.16; 0.12; 0.13; 0.13; 0.13; 0.1; 0.1; 0.05; 0.21; 0.07; 0.06; 0.05; 0.06; 0.05; 0.05; 0.05; 0.05; 0.05; 0; 0.02; 0.55; 0.02; 0.02; 0.02; 0.02; 0.03; 0.03; 0.02; 0.02; 0.02; 0; 0.33; 0; 0.34; 0.31; 0.42; 0.31; 0.3; 0.33; 0.33; 0.39; 0.29; 0.21; 0.4; 0; 0.42; 0.23; 0.51; 0.38; 0.44; 0.48; 0.4; 0.47; 0.21; 0.27; 0.4; 0; 0.24; 0.48; 0.3; 0.23; 0.38; 0.4; 0.4; 0.29; 0.44; 0.27; 0.49; 0; 0.3; 0.35; 0.38; 0.29; 0.53; 0.57; 0.49; 0.36; 0.33; 0.34; 0.52; 0; 0.33; 0.3; 0.4; 0.3; 0.57; 0.61; 0.52; 0.38; 0.29; 0.36; 0.43; 0; 0.27; 0.42; 0.33; 0.24; 0.4; 0.43; 0.43; 0.3; 0.39; 0.29; 0.38; 0; 0.23; 0.21; 0.29; 0.21; 0.41; 0.44; 0.38; 0.27; 0.2; 0.49; 0.52; 0; 0.33; 0.38; 0.4; 0.3; 0.49; 0.52; 0.52; 0.38; 0.35; 0.36; 0.43; 0; 0.27; 0.42; 0.33; 0.24; 0.4; 0.43; 0.43; 0.3; 0.39; 0.29; 0.38; 0; 0.23; 0.21; 0.29; 0.21; 0.41; 0.44; 0.38; 0.27; 0.2; 0.49; 0.3; 0.02; 0.31; 0.24; 0.38; 0.29; 0.34; 0.37; 0.3; 0.36; 0.23; 0.2; 0.4; 0; 0.24; 0.48; 0.3; 0.23; 0.38; 0.4; 0.4; 0.29; 0.44; 0.27; 0.24; 0.02; 0.25; 0.34; 0.31; 0.22; 0.23; 0.24; 0.24; 0.29; 0.31; 0.15}
Landmarks found:		0,0	4,4	7,8	10,7	6,6	2,1
Highest state pair found:	14,10
Highest state pair found:	15,9
ModelRef|ModelUpdt|Precision|Recall|F-measure:OpenSSL_1.0.1g_server_regular.dot.kiss|GnuTLS_3.3.8_server_regular.dot.kiss|0.489583|0.419643|0.451923
States pair scores:	{0.12; 0.13; 0.1; 0.08; 0.07; 0.16; 0.1; 0.12; 0; 0; 0; 0.21; 0.05; 0; 0; 0; 0; 0; 0.01; 0.55; 0.02; 0; 0.01; 0; 0.29; 0.27; 0.21; 0; 0.23; 0.36; 0.21; 0.29; 0.36; 0.2; 0.32; 0; 0.29; 0.27; 0.32; 0.36; 0.21; 0.42; 0.27; 0; 0.29; 0.27; 0.27; 0.21; 0.27; 0.32; 0.39; 0; 0.36; 0.2; 0.39; 0.27; 0.29; 0.27; 0.41; 0; 0.38; 0.21; 0.41; 0.29; 0.23; 0.36; 0.29; 0; 0.3; 0.29; 0.29; 0.23; 0.4; 0.38; 0.57; 0; 0.27; 0.3; 0.57; 0.4; 0.29; 0.34; 0.36; 0; 0.38; 0.21; 0.36; 0.29; 0.23; 0.36; 0.29; 0; 0.3; 0.29; 0.29; 0.23; 0.4; 0.38; 0.57; 0; 0.27; 0.3; 0.57; 0.4; 0.27; 0.14; 0.24; 0.02; 0.21; 0.19; 0.24; 0.27; 0.21; 0.42; 0.27; 0; 0.29; 0.27; 0.27; 0.21; 0.21; 0.19; 0.15; 0.02; 0.16; 0.26; 0.15; 0.21}
Landmarks found:		0,0	2,3	9,2	12,6
Highest state pair found:	8,1
Highest state pair found:	11,5
ModelRef|ModelUpdt|Precision|Recall|F-measure:OpenSSL_1.0.1g_server_regular.dot.kiss|JSSE_1.8.0_25_server_regular.dot.kiss|0.531250|0.303571|0.386364
States pair scores:	{0.07; 0.08; 0.13; 0.09; 0.16; 0.1; 0.12; 0.12; 0.05; 0.21; 0; 0; 0; 0; 0; 0; 0.02; 0.55; 0; 0.01; 0; 0.01; 0; 0; 0.23; 0; 0.27; 0.2; 0.36; 0.21; 0.29; 0.29; 0.29; 0; 0.2; 0.3; 0.27; 0.32; 0.36; 0.36; 0.29; 0; 0.41; 0.3; 0.27; 0.27; 0.21; 0.21; 0.36; 0; 0.31; 0.42; 0.2; 0.39; 0.27; 0.27; 0.38; 0; 0.27; 0.39; 0.21; 0.41; 0.29; 0.29; 0.3; 0; 0.36; 0.27; 0.29; 0.29; 0.23; 0.23; 0.27; 0; 0.38; 0.53; 0.3; 0.57; 0.4; 0.4; 0.38; 0; 0.33; 0.39; 0.21; 0.36; 0.29; 0.29; 0.3; 0; 0.36; 0.27; 0.29; 0.29; 0.23; 0.23; 0.27; 0; 0.38; 0.53; 0.3; 0.57; 0.4; 0.4; 0.21; 0.02; 0.14; 0.23; 0.19; 0.24; 0.27; 0.27; 0.29; 0; 0.41; 0.3; 0.27; 0.27; 0.21; 0.21; 0.16; 0.02; 0.19; 0.14; 0.26; 0.15; 0.21; 0.2}
Landmarks found:		0,0	9,3	2,1	12,5
Highest state pair found:	8,2
Highest state pair found:	11,4
ModelRef|ModelUpdt|Precision|Recall|F-measure:OpenSSL_1.0.1g_server_regular.dot.kiss|JSSE_1.8.0_31_server_regular.dot.kiss|0.515625|0.294643|0.375000
States pair scores:	{0.28; 0.04; 0.08; 0.25; 0.22; 0.11; 0.13; 0.26; 0.04; 0.08; 0.29; 0.05; 0.05; 0; 0.05; 0.05; 0.02; 0.06; 0.59; 0.02; 0.02; 0.02; 0.02; 0.02; 0.28; 0.11; 0.05; 0.14; 0.26; 0.23; 0.33; 0.26; 0.2; 0.11; 0.05; 0.2; 0.33; 0.34; 0.4; 0.19; 0.36; 0.1; 0.05; 0.2; 0.19; 0.29; 0.4; 0.41; 0.26; 0.1; 0.04; 0.26; 0.25; 0.41; 0.49; 0.3; 0.28; 0.08; 0.04; 0.28; 0.26; 0.44; 0.52; 0.26; 0.39; 0.08; 0.05; 0.22; 0.2; 0.3; 0.43; 0.36; 0.24; 0.03; 0; 0.24; 0.23; 0.61; 0.38; 0.23; 0.28; 0.07; 0.04; 0.28; 0.26; 0.38; 0.52; 0.32; 0.39; 0.08; 0.05; 0.22; 0.2; 0.3; 0.43; 0.36; 0.24; 0.03; 0; 0.24; 0.23; 0.61; 0.38; 0.23; 0.13; 0.12; 0.07; 0.13; 0.24; 0.26; 0.3; 0.12; 0.36; 0.1; 0.05; 0.2; 0.19; 0.29; 0.4; 0.41; 0.19; 0.11; 0.08; 0.08; 0.18; 0.16; 0.24; 0.18}
Landmarks found:		0,0	7,6	2,2	9,5
Highest state pair found:	8,7
Highest state pair found:	1,1
ModelRef|ModelUpdt|Precision|Recall|F-measure:OpenSSL_1.0.1g_server_regular.dot.kiss|NSS_3.17.4_server_regular.dot.kiss|0.468750|0.267857|0.340909
States pair scores:	{0.67; 0.13; 0.09; 0.22; 0.15; 0.18; 0.13; 0.14; 0.2; 0.11; 0.14; 0.2; 0.11; 0.08; 0.18; 0.12; 0.13; 0.67; 0.28; 0.07; 0.06; 0.06; 0.05; 0.05; 0.06; 0; 0.05; 0.06; 0; 0.09; 0.06; 0.12; 0.09; 0.28; 0.67; 0.02; 0.04; 0.02; 0.03; 0.03; 0.02; 0.02; 0.02; 0.02; 0.02; 0.07; 0.02; 0.05; 0.22; 0.07; 0.02; 0.67; 0.45; 0.45; 0.32; 0.35; 0.49; 0.24; 0.35; 0.49; 0.24; 0.33; 0.45; 0.48; 0.15; 0.06; 0.04; 0.45; 0.67; 0.32; 0.47; 0.51; 0.35; 0.36; 0.43; 0.35; 0.36; 0.51; 0.32; 0.33; 0.18; 0.06; 0.02; 0.45; 0.32; 0.67; 0.47; 0.43; 0.6; 0.3; 0.51; 0.6; 0.3; 0.24; 0.67; 0.33; 0.13; 0.05; 0.03; 0.32; 0.47; 0.47; 0.67; 0.62; 0.43; 0.44; 0.62; 0.43; 0.44; 0.36; 0.47; 0.24; 0.14; 0.05; 0.03; 0.35; 0.51; 0.43; 0.62; 0.67; 0.46; 0.47; 0.57; 0.46; 0.47; 0.39; 0.43; 0.25; 0.2; 0.06; 0.02; 0.49; 0.35; 0.6; 0.43; 0.46; 0.67; 0.32; 0.46; 0.67; 0.32; 0.25; 0.6; 0.36; 0.11; 0; 0.02; 0.24; 0.36; 0.3; 0.44; 0.47; 0.32; 0.67; 0.41; 0.32; 0.67; 0.27; 0.3; 0.16; 0.14; 0.05; 0.02; 0.35; 0.43; 0.51; 0.62; 0.57; 0.46; 0.41; 0.67; 0.46; 0.41; 0.32; 0.51; 0.25; 0.2; 0.06; 0.02; 0.49; 0.35; 0.6; 0.43; 0.46; 0.67; 0.32; 0.46; 0.67; 0.32; 0.25; 0.6; 0.36; 0.11; 0; 0.02; 0.24; 0.36; 0.3; 0.44; 0.47; 0.32; 0.67; 0.41; 0.32; 0.67; 0.27; 0.3; 0.16; 0.08; 0.09; 0.07; 0.33; 0.51; 0.24; 0.36; 0.39; 0.25; 0.27; 0.32; 0.25; 0.27; 0.67; 0.24; 0.43; 0.18; 0.06; 0.02; 0.45; 0.32; 0.67; 0.47; 0.43; 0.6; 0.3; 0.51; 0.6; 0.3; 0.24; 0.67; 0.33; 0.12; 0.12; 0.05; 0.48; 0.33; 0.33; 0.24; 0.25; 0.36; 0.16; 0.25; 0.36; 0.16; 0.43; 0.33; 0.67}
Landmarks found:		0,0	4,13	13,4	5,10	10,5	8,14	14,8	6,7	7,6	1,1	2,2	3,3	9,9	11,11	12,12	15,15
ModelRef|ModelUpdt|Precision|Recall|F-measure:OpenSSL_1.0.1g_server_regular.dot.kiss|OpenSSL_1.0.1g_server_regular.dot.kiss|0.892857|0.892857|0.892857
States pair scores:	{0.67; 0.13; 0.09; 0.16; 0.18; 0.14; 0.14; 0.2; 0.11; 0.09; 0.18; 0.13; 0.67; 0.28; 0.06; 0.06; 0.05; 0.05; 0.06; 0; 0.1; 0.06; 0.09; 0.28; 0.67; 0.02; 0.02; 0.03; 0.03; 0.02; 0.02; 0.05; 0.02; 0.22; 0.07; 0.02; 0.5; 0.45; 0.35; 0.35; 0.49; 0.24; 0.37; 0.45; 0.15; 0.06; 0.04; 0.6; 0.32; 0.51; 0.51; 0.35; 0.36; 0.45; 0.32; 0.18; 0.06; 0.02; 0.35; 0.67; 0.43; 0.43; 0.6; 0.3; 0.25; 0.67; 0.13; 0.05; 0.03; 0.43; 0.47; 0.62; 0.62; 0.43; 0.44; 0.32; 0.47; 0.14; 0.05; 0.03; 0.46; 0.43; 0.67; 0.67; 0.46; 0.47; 0.35; 0.43; 0.2; 0.06; 0.02; 0.38; 0.6; 0.46; 0.46; 0.67; 0.32; 0.28; 0.6; 0.11; 0; 0.02; 0.32; 0.3; 0.47; 0.47; 0.32; 0.67; 0.24; 0.3; 0.14; 0.05; 0.02; 0.46; 0.51; 0.57; 0.57; 0.46; 0.41; 0.35; 0.51; 0.2; 0.06; 0.02; 0.38; 0.6; 0.46; 0.46; 0.67; 0.32; 0.28; 0.6; 0.11; 0; 0.02; 0.32; 0.3; 0.47; 0.47; 0.32; 0.67; 0.24; 0.3; 0.08; 0.09; 0.07; 0.45; 0.24; 0.39; 0.39; 0.25; 0.27; 0.59; 0.24; 0.18; 0.06; 0.02; 0.35; 0.67; 0.43; 0.43; 0.6; 0.3; 0.25; 0.67; 0.12; 0.12; 0.05; 0.37; 0.33; 0.25; 0.25; 0.36; 0.16; 0.49; 0.33}
Landmarks found:		0,0	4,5	10,4	13,9	5,7	8,10	6,6	1,1	2,2	9,8
ModelRef|ModelUpdt|Precision|Recall|F-measure:OpenSSL_1.0.1g_server_regular.dot.kiss|OpenSSL_1.0.1j_server_regular.dot.kiss|0.855263|0.580357|0.691489
States pair scores:	{0.67; 0.13; 0.09; 0.16; 0.18; 0.14; 0.14; 0.15; 0.09; 0.18; 0.13; 0.67; 0.28; 0.06; 0.06; 0.05; 0.05; 0.06; 0.1; 0.06; 0.09; 0.28; 0.67; 0.02; 0.02; 0.03; 0.03; 0.02; 0.05; 0.02; 0.22; 0.07; 0.02; 0.5; 0.45; 0.35; 0.35; 0.38; 0.37; 0.45; 0.15; 0.06; 0.04; 0.6; 0.32; 0.51; 0.51; 0.46; 0.45; 0.32; 0.18; 0.06; 0.02; 0.35; 0.67; 0.43; 0.43; 0.46; 0.25; 0.67; 0.13; 0.05; 0.03; 0.43; 0.47; 0.62; 0.62; 0.57; 0.32; 0.47; 0.14; 0.05; 0.03; 0.46; 0.43; 0.67; 0.67; 0.61; 0.35; 0.43; 0.2; 0.06; 0.02; 0.38; 0.6; 0.46; 0.46; 0.5; 0.28; 0.6; 0.11; 0; 0.02; 0.32; 0.3; 0.47; 0.47; 0.43; 0.24; 0.3; 0.14; 0.05; 0.02; 0.46; 0.51; 0.57; 0.57; 0.61; 0.35; 0.51; 0.2; 0.06; 0.02; 0.38; 0.6; 0.46; 0.46; 0.5; 0.28; 0.6; 0.11; 0; 0.02; 0.32; 0.3; 0.47; 0.47; 0.43; 0.24; 0.3; 0.08; 0.09; 0.07; 0.45; 0.24; 0.39; 0.39; 0.35; 0.59; 0.24; 0.18; 0.06; 0.02; 0.35; 0.67; 0.43; 0.43; 0.46; 0.25; 0.67; 0.12; 0.12; 0.05; 0.37; 0.33; 0.25; 0.25; 0.28; 0.49; 0.33}
Landmarks found:		0,0	8,7	4,5	10,4	13,8	11,9	6,6	1,1	2,2
ModelRef|ModelUpdt|Precision|Recall|F-measure:OpenSSL_1.0.1g_server_regular.dot.kiss|OpenSSL_1.0.1l_server_regular.dot.kiss|0.828571|0.517857|0.637363
States pair scores:	{0.67; 0.13; 0.09; 0.16; 0.18; 0.14; 0.15; 0.13; 0.67; 0.28; 0.06; 0.06; 0.05; 0.06; 0.09; 0.28; 0.67; 0.02; 0.02; 0.03; 0.02; 0.22; 0.07; 0.02; 0.5; 0.45; 0.35; 0.38; 0.15; 0.06; 0.04; 0.6; 0.32; 0.51; 0.46; 0.18; 0.06; 0.02; 0.35; 0.67; 0.43; 0.46; 0.13; 0.05; 0.03; 0.43; 0.47; 0.62; 0.57; 0.14; 0.05; 0.03; 0.46; 0.43; 0.67; 0.61; 0.2; 0.06; 0.02; 0.38; 0.6; 0.46; 0.5; 0.11; 0; 0.02; 0.32; 0.3; 0.47; 0.43; 0.14; 0.05; 0.02; 0.46; 0.51; 0.57; 0.61; 0.2; 0.06; 0.02; 0.38; 0.6; 0.46; 0.5; 0.11; 0; 0.02; 0.32; 0.3; 0.47; 0.43; 0.08; 0.09; 0.07; 0.45; 0.24; 0.39; 0.35; 0.18; 0.06; 0.02; 0.35; 0.67; 0.43; 0.46; 0.12; 0.12; 0.05; 0.37; 0.33; 0.25; 0.28}
Landmarks found:		0,0	8,6	4,5	10,4	1,1	2,2
ModelRef|ModelUpdt|Precision|Recall|F-measure:OpenSSL_1.0.1g_server_regular.dot.kiss|OpenSSL_1.0.2_server_regular.dot.kiss|0.795918|0.348214|0.484472
States pair scores:	{0.19; 0.13; 0.09; 0.04; 0.14; 0.16; 0.13; 0.13; 0.13; 0.02; 0.05; 0.03; 0.05; 0.05; 0.05; 0.02; 0.08; 0.05; 0; 0.02; 0.03; 0.03; 0.02; 0.02; 0.02; 0.03; 0.02; 0.36; 0.33; 0.24; 0.09; 0.42; 0.39; 0.27; 0.34; 0.33; 0.27; 0.4; 0.35; 0.08; 0.51; 0.29; 0.4; 0.41; 0.4; 0.46; 0.4; 0.3; 0.08; 0.3; 0.56; 0.34; 0.41; 0.4; 0.35; 0.49; 0.42; 0.07; 0.38; 0.41; 0.49; 0.5; 0.49; 0.36; 0.52; 0.45; 0.06; 0.4; 0.38; 0.52; 0.53; 0.52; 0.49; 0.43; 0.32; 0.06; 0.33; 0.51; 0.36; 0.44; 0.43; 0.3; 0.38; 0.53; 0.02; 0.29; 0.27; 0.44; 0.38; 0.38; 0.36; 0.52; 0.39; 0.06; 0.4; 0.44; 0.46; 0.53; 0.52; 0.49; 0.43; 0.32; 0.06; 0.33; 0.51; 0.36; 0.44; 0.43; 0.3; 0.38; 0.53; 0.02; 0.29; 0.27; 0.44; 0.38; 0.38; 0.19; 0.3; 0.28; 0.08; 0.39; 0.21; 0.3; 0.32; 0.3; 0.46; 0.4; 0.3; 0.08; 0.3; 0.56; 0.34; 0.41; 0.4; 0.26; 0.24; 0.18; 0.09; 0.31; 0.29; 0.19; 0.26; 0.24}
Landmarks found:		0,0	6,7	4,4	8,5	7,1	10,8	9,2
ModelRef|ModelUpdt|Precision|Recall|F-measure:OpenSSL_1.0.1g_server_regular.dot.kiss|RSA_BSAFE_C_4.0.4_server_regular.dot.kiss|0.621212|0.366071|0.460674
States pair scores:	{0.08; 0.12; 0.13; 0.13; 0.1; 0.21; 0; 0; 0.05; 0; 0.55; 0; 0; 0.02; 0.01; 0; 0.29; 0.27; 0.33; 0.21; 0; 0.36; 0.2; 0.4; 0.32; 0; 0.21; 0.4; 0.4; 0.27; 0; 0.27; 0.3; 0.49; 0.39; 0; 0.29; 0.27; 0.52; 0.41; 0; 0.23; 0.36; 0.43; 0.29; 0; 0.4; 0.38; 0.38; 0.57; 0; 0.29; 0.32; 0.52; 0.36; 0; 0.23; 0.36; 0.43; 0.29; 0; 0.4; 0.38; 0.38; 0.57; 0.02; 0.27; 0.14; 0.3; 0.24; 0; 0.21; 0.4; 0.4; 0.27; 0.02; 0.21; 0.19; 0.24; 0.15}
Landmarks found:		0,0	7,3	9,4
Highest state pair found:	8,2
ModelRef|ModelUpdt|Precision|Recall|F-measure:OpenSSL_1.0.1g_server_regular.dot.kiss|RSA_BSAFE_Java_6.1.1_server_regular.dot.kiss|0.500000|0.178571|0.263158
States pair scores:	{0.13; 0.08; 0.06; 0.08; 0.14; 0.06; 0.02; 0.21; 0.02; 0.02; 0.05; 0.05; 0.02; 0.57; 0.02; 0.02; 0.02; 0.1; 0.27; 0; 0.22; 0.2; 0.36; 0.19; 0.23; 0; 0.28; 0.15; 0.43; 0.21; 0.33; 0; 0.16; 0.33; 0.43; 0.24; 0.29; 0; 0.21; 0.24; 0.52; 0.26; 0.3; 0; 0.23; 0.21; 0.56; 0.29; 0.36; 0; 0.17; 0.28; 0.47; 0.27; 0.43; 0; 0.33; 0.3; 0.4; 0.29; 0.3; 0; 0.23; 0.26; 0.56; 0.23; 0.36; 0; 0.17; 0.28; 0.47; 0.27; 0.43; 0; 0.33; 0.3; 0.4; 0.29; 0.16; 0.02; 0.2; 0.09; 0.33; 0.14; 0.33; 0; 0.16; 0.33; 0.43; 0.24; 0.19; 0.02; 0.15; 0.13; 0.27; 0.12}
Landmarks found:		0,0	6,4	2,1
Highest state pair found:	1,5
ModelRef|ModelUpdt|Precision|Recall|F-measure:OpenSSL_1.0.1g_server_regular.dot.kiss|miTLS_0.1.3_server_regular.dot.kiss|0.375000|0.160714|0.225000
States pair scores:	{0.13; 0.08; 0.16; 0.16; 0.13; 0.12; 0.13; 0.05; 0.21; 0.06; 0.05; 0.05; 0.05; 0.05; 0.02; 0.55; 0.02; 0.02; 0.02; 0.03; 0.02; 0.43; 0; 0.42; 0.3; 0.51; 0.4; 0.43; 0.4; 0; 0.23; 0.57; 0.29; 0.38; 0.4; 0.52; 0; 0.3; 0.38; 0.38; 0.57; 0.52; 0.52; 0; 0.3; 0.38; 0.38; 0.57; 0.52; 0.43; 0; 0.24; 0.51; 0.3; 0.4; 0.43; 0.38; 0; 0.21; 0.27; 0.27; 0.41; 0.38; 0.33; 0.02; 0.31; 0.23; 0.39; 0.3; 0.33; 0.4; 0; 0.23; 0.57; 0.29; 0.38; 0.4}
Landmarks found:		0,0	7,3	3,4	5,6	2,1	6,5
ModelRef|ModelUpdt|Precision|Recall|F-measure:OpenSSL_1.0.1j_server_regular.dot.kiss|GnuTLS_3.3.12_server_regular.dot.kiss|0.625000|0.454545|0.526316
States pair scores:	{0.13; 0.08; 0.18; 0.1; 0.14; 0.16; 0.12; 0.13; 0.13; 0.13; 0.1; 0.1; 0.05; 0.21; 0.07; 0.06; 0.05; 0.06; 0.05; 0.05; 0.05; 0.05; 0.05; 0; 0.02; 0.55; 0.02; 0.02; 0.02; 0.02; 0.03; 0.03; 0.02; 0.02; 0.02; 0; 0.43; 0; 0.46; 0.24; 0.55; 0.42; 0.4; 0.43; 0.43; 0.51; 0.23; 0.29; 0.4; 0; 0.24; 0.48; 0.3; 0.23; 0.38; 0.4; 0.4; 0.29; 0.44; 0.27; 0.52; 0; 0.33; 0.3; 0.4; 0.3; 0.57; 0.61; 0.52; 0.38; 0.29; 0.36; 0.52; 0; 0.33; 0.3; 0.4; 0.3; 0.57; 0.61; 0.52; 0.38; 0.29; 0.36; 0.43; 0; 0.27; 0.42; 0.33; 0.24; 0.4; 0.43; 0.43; 0.3; 0.39; 0.29; 0.38; 0; 0.23; 0.21; 0.29; 0.21; 0.41; 0.44; 0.38; 0.27; 0.2; 0.49; 0.33; 0.02; 0.34; 0.27; 0.42; 0.31; 0.3; 0.33; 0.33; 0.39; 0.24; 0.21; 0.4; 0; 0.24; 0.48; 0.3; 0.23; 0.38; 0.4; 0.4; 0.29; 0.44; 0.27}
Landmarks found:		0,0	3,9	5,8	2,1	6,6
Highest state pair found:	4,10
ModelRef|ModelUpdt|Precision|Recall|F-measure:OpenSSL_1.0.1j_server_regular.dot.kiss|GnuTLS_3.3.8_server_regular.dot.kiss|0.433735|0.467532|0.450000
States pair scores:	{0.12; 0.13; 0.1; 0.08; 0.07; 0.16; 0.1; 0.12; 0; 0; 0; 0.21; 0.05; 0; 0; 0; 0; 0; 0.01; 0.55; 0.02; 0; 0.01; 0; 0.39; 0.21; 0.29; 0; 0.3; 0.29; 0.29; 0.39; 0.21; 0.42; 0.27; 0; 0.29; 0.27; 0.27; 0.21; 0.29; 0.27; 0.41; 0; 0.38; 0.21; 0.41; 0.29; 0.29; 0.27; 0.41; 0; 0.38; 0.21; 0.41; 0.29; 0.23; 0.36; 0.29; 0; 0.3; 0.29; 0.29; 0.23; 0.4; 0.38; 0.57; 0; 0.27; 0.3; 0.57; 0.4; 0.29; 0.15; 0.21; 0.02; 0.23; 0.21; 0.21; 0.29; 0.21; 0.42; 0.27; 0; 0.29; 0.27; 0.27; 0.21}
Landmarks found:		0,0	2,3	8,2
Highest state pair found:	7,1
ModelRef|ModelUpdt|Precision|Recall|F-measure:OpenSSL_1.0.1j_server_regular.dot.kiss|JSSE_1.8.0_25_server_regular.dot.kiss|0.366667|0.285714|0.321168
States pair scores:	{0.07; 0.08; 0.13; 0.09; 0.16; 0.1; 0.12; 0.12; 0.05; 0.21; 0; 0; 0; 0; 0; 0; 0.02; 0.55; 0; 0.01; 0; 0.01; 0; 0; 0.3; 0; 0.21; 0.27; 0.29; 0.29; 0.39; 0.38; 0.29; 0; 0.41; 0.3; 0.27; 0.27; 0.21; 0.21; 0.38; 0; 0.27; 0.39; 0.21; 0.41; 0.29; 0.29; 0.38; 0; 0.27; 0.39; 0.21; 0.41; 0.29; 0.29; 0.3; 0; 0.36; 0.27; 0.29; 0.29; 0.23; 0.23; 0.27; 0; 0.38; 0.53; 0.3; 0.57; 0.4; 0.4; 0.23; 0.02; 0.15; 0.2; 0.21; 0.21; 0.29; 0.29; 0.29; 0; 0.41; 0.3; 0.27; 0.27; 0.21; 0.21}
Landmarks found:		0,0	8,3	2,1
Highest state pair found:	7,2
ModelRef|ModelUpdt|Precision|Recall|F-measure:OpenSSL_1.0.1j_server_regular.dot.kiss|JSSE_1.8.0_31_server_regular.dot.kiss|0.350000|0.272727|0.306569
States pair scores:	{0.28; 0.04; 0.08; 0.25; 0.22; 0.11; 0.13; 0.26; 0.04; 0.08; 0.29; 0.05; 0.05; 0; 0.05; 0.05; 0.02; 0.06; 0.59; 0.02; 0.02; 0.02; 0.02; 0.02; 0.22; 0.08; 0.05; 0.22; 0.36; 0.3; 0.43; 0.2; 0.36; 0.1; 0.05; 0.2; 0.19; 0.29; 0.4; 0.41; 0.28; 0.08; 0.04; 0.28; 0.26; 0.44; 0.52; 0.26; 0.28; 0.08; 0.04; 0.28; 0.26; 0.44; 0.52; 0.26; 0.39; 0.08; 0.05; 0.22; 0.2; 0.3; 0.43; 0.36; 0.24; 0.03; 0; 0.24; 0.23; 0.61; 0.38; 0.23; 0.14; 0.08; 0.08; 0.14; 0.26; 0.23; 0.33; 0.13; 0.36; 0.1; 0.05; 0.2; 0.19; 0.29; 0.4; 0.41}
Landmarks found:		0,0	5,6	2,2	8,5
Highest state pair found:	7,7
Highest state pair found:	1,1
ModelRef|ModelUpdt|Precision|Recall|F-measure:OpenSSL_1.0.1j_server_regular.dot.kiss|NSS_3.17.4_server_regular.dot.kiss|0.468750|0.389610|0.425532
States pair scores:	{0.67; 0.13; 0.09; 0.22; 0.15; 0.18; 0.13; 0.14; 0.2; 0.11; 0.14; 0.2; 0.11; 0.08; 0.18; 0.12; 0.13; 0.67; 0.28; 0.07; 0.06; 0.06; 0.05; 0.05; 0.06; 0; 0.05; 0.06; 0; 0.09; 0.06; 0.12; 0.09; 0.28; 0.67; 0.02; 0.04; 0.02; 0.03; 0.03; 0.02; 0.02; 0.02; 0.02; 0.02; 0.07; 0.02; 0.05; 0.16; 0.06; 0.02; 0.5; 0.6; 0.35; 0.43; 0.46; 0.38; 0.32; 0.46; 0.38; 0.32; 0.45; 0.35; 0.37; 0.18; 0.06; 0.02; 0.45; 0.32; 0.67; 0.47; 0.43; 0.6; 0.3; 0.51; 0.6; 0.3; 0.24; 0.67; 0.33; 0.14; 0.05; 0.03; 0.35; 0.51; 0.43; 0.62; 0.67; 0.46; 0.47; 0.57; 0.46; 0.47; 0.39; 0.43; 0.25; 0.14; 0.05; 0.03; 0.35; 0.51; 0.43; 0.62; 0.67; 0.46; 0.47; 0.57; 0.46; 0.47; 0.39; 0.43; 0.25; 0.2; 0.06; 0.02; 0.49; 0.35; 0.6; 0.43; 0.46; 0.67; 0.32; 0.46; 0.67; 0.32; 0.25; 0.6; 0.36; 0.11; 0; 0.02; 0.24; 0.36; 0.3; 0.44; 0.47; 0.32; 0.67; 0.41; 0.32; 0.67; 0.27; 0.3; 0.16; 0.09; 0.1; 0.05; 0.37; 0.45; 0.25; 0.32; 0.35; 0.28; 0.24; 0.35; 0.28; 0.24; 0.59; 0.25; 0.49; 0.18; 0.06; 0.02; 0.45; 0.32; 0.67; 0.47; 0.43; 0.6; 0.3; 0.51; 0.6; 0.3; 0.24; 0.67; 0.33}
Landmarks found:		0,0	4,10	5,4	9,13	7,5	10,8	6,6	1,1	2,2	8,9
ModelRef|ModelUpdt|Precision|Recall|F-measure:OpenSSL_1.0.1j_server_regular.dot.kiss|OpenSSL_1.0.1g_server_regular.dot.kiss|0.613208|0.844156|0.710383
States pair scores:	{0.67; 0.13; 0.09; 0.16; 0.18; 0.14; 0.14; 0.2; 0.11; 0.09; 0.18; 0.13; 0.67; 0.28; 0.06; 0.06; 0.05; 0.05; 0.06; 0; 0.1; 0.06; 0.09; 0.28; 0.67; 0.02; 0.02; 0.03; 0.03; 0.02; 0.02; 0.05; 0.02; 0.16; 0.06; 0.02; 0.67; 0.35; 0.46; 0.46; 0.38; 0.32; 0.5; 0.35; 0.18; 0.06; 0.02; 0.35; 0.67; 0.43; 0.43; 0.6; 0.3; 0.25; 0.67; 0.14; 0.05; 0.03; 0.46; 0.43; 0.67; 0.67; 0.46; 0.47; 0.35; 0.43; 0.14; 0.05; 0.03; 0.46; 0.43; 0.67; 0.67; 0.46; 0.47; 0.35; 0.43; 0.2; 0.06; 0.02; 0.38; 0.6; 0.46; 0.46; 0.67; 0.32; 0.28; 0.6; 0.11; 0; 0.02; 0.32; 0.3; 0.47; 0.47; 0.32; 0.67; 0.24; 0.3; 0.09; 0.1; 0.05; 0.5; 0.25; 0.35; 0.35; 0.28; 0.24; 0.67; 0.25; 0.18; 0.06; 0.02; 0.35; 0.67; 0.43; 0.43; 0.6; 0.3; 0.25; 0.67}
Landmarks found:		0,0	4,7	7,4	1,1	2,2	3,3	5,5	6,6	8,8	9,9	10,10
ModelRef|ModelUpdt|Precision|Recall|F-measure:OpenSSL_1.0.1j_server_regular.dot.kiss|OpenSSL_1.0.1j_server_regular.dot.kiss|0.961039|0.961039|0.961039
States pair scores:	{0.67; 0.13; 0.09; 0.16; 0.18; 0.14; 0.14; 0.15; 0.09; 0.18; 0.13; 0.67; 0.28; 0.06; 0.06; 0.05; 0.05; 0.06; 0.1; 0.06; 0.09; 0.28; 0.67; 0.02; 0.02; 0.03; 0.03; 0.02; 0.05; 0.02; 0.16; 0.06; 0.02; 0.67; 0.35; 0.46; 0.46; 0.5; 0.5; 0.35; 0.18; 0.06; 0.02; 0.35; 0.67; 0.43; 0.43; 0.46; 0.25; 0.67; 0.14; 0.05; 0.03; 0.46; 0.43; 0.67; 0.67; 0.61; 0.35; 0.43; 0.14; 0.05; 0.03; 0.46; 0.43; 0.67; 0.67; 0.61; 0.35; 0.43; 0.2; 0.06; 0.02; 0.38; 0.6; 0.46; 0.46; 0.5; 0.28; 0.6; 0.11; 0; 0.02; 0.32; 0.3; 0.47; 0.47; 0.43; 0.24; 0.3; 0.09; 0.1; 0.05; 0.5; 0.25; 0.35; 0.35; 0.38; 0.67; 0.25; 0.18; 0.06; 0.02; 0.35; 0.67; 0.43; 0.43; 0.46; 0.25; 0.67}
Landmarks found:		0,0	3,7	7,4	1,1	2,2	4,9	5,5	6,6	9,8
ModelRef|ModelUpdt|Precision|Recall|F-measure:OpenSSL_1.0.1j_server_regular.dot.kiss|OpenSSL_1.0.1l_server_regular.dot.kiss|0.936508|0.766234|0.842857
States pair scores:	{0.67; 0.13; 0.09; 0.16; 0.18; 0.14; 0.15; 0.13; 0.67; 0.28; 0.06; 0.06; 0.05; 0.06; 0.09; 0.28; 0.67; 0.02; 0.02; 0.03; 0.02; 0.16; 0.06; 0.02; 0.67; 0.35; 0.46; 0.5; 0.18; 0.06; 0.02; 0.35; 0.67; 0.43; 0.46; 0.14; 0.05; 0.03; 0.46; 0.43; 0.67; 0.61; 0.14; 0.05; 0.03; 0.46; 0.43; 0.67; 0.61; 0.2; 0.06; 0.02; 0.38; 0.6; 0.46; 0.5; 0.11; 0; 0.02; 0.32; 0.3; 0.47; 0.43; 0.09; 0.1; 0.05; 0.5; 0.25; 0.35; 0.38; 0.18; 0.06; 0.02; 0.35; 0.67; 0.43; 0.46}
Landmarks found:		0,0	3,6	7,4	1,1	2,2	5,5
ModelRef|ModelUpdt|Precision|Recall|F-measure:OpenSSL_1.0.1j_server_regular.dot.kiss|OpenSSL_1.0.2_server_regular.dot.kiss|0.930233|0.519481|0.666667
States pair scores:	{0.19; 0.13; 0.09; 0.04; 0.14; 0.16; 0.13; 0.13; 0.13; 0.02; 0.05; 0.03; 0.05; 0.05; 0.05; 0.02; 0.08; 0.05; 0; 0.02; 0.03; 0.03; 0.02; 0.02; 0.02; 0.03; 0.02; 0.29; 0.43; 0.32; 0.06; 0.55; 0.3; 0.36; 0.44; 0.43; 0.46; 0.4; 0.3; 0.08; 0.3; 0.56; 0.34; 0.41; 0.4; 0.36; 0.52; 0.45; 0.06; 0.4; 0.38; 0.52; 0.53; 0.52; 0.36; 0.52; 0.45; 0.06; 0.4; 0.38; 0.52; 0.53; 0.52; 0.49; 0.43; 0.32; 0.06; 0.33; 0.51; 0.36; 0.44; 0.43; 0.3; 0.38; 0.53; 0.02; 0.29; 0.27; 0.44; 0.38; 0.38; 0.2; 0.33; 0.24; 0.06; 0.42; 0.23; 0.27; 0.34; 0.33; 0.46; 0.4; 0.3; 0.08; 0.3; 0.56; 0.34; 0.41; 0.4}
Landmarks found:		0,0	7,5	5,1	6,6	8,2	3,4
ModelRef|ModelUpdt|Precision|Recall|F-measure:OpenSSL_1.0.1j_server_regular.dot.kiss|RSA_BSAFE_C_4.0.4_server_regular.dot.kiss|0.559322|0.428571|0.485294
States pair scores:	{0.08; 0.12; 0.13; 0.13; 0.1; 0.21; 0; 0; 0.05; 0; 0.55; 0; 0; 0.02; 0.01; 0; 0.39; 0.21; 0.43; 0.29; 0; 0.21; 0.4; 0.4; 0.27; 0; 0.29; 0.27; 0.52; 0.41; 0; 0.29; 0.27; 0.52; 0.41; 0; 0.23; 0.36; 0.43; 0.29; 0; 0.4; 0.38; 0.38; 0.57; 0.02; 0.29; 0.15; 0.33; 0.21; 0; 0.21; 0.4; 0.4; 0.27}
Landmarks found:		0,0	5,3	8,4
Highest state pair found:	7,2
ModelRef|ModelUpdt|Precision|Recall|F-measure:OpenSSL_1.0.1j_server_regular.dot.kiss|RSA_BSAFE_Java_6.1.1_server_regular.dot.kiss|0.500000|0.259740|0.341880
States pair scores:	{0.13; 0.08; 0.06; 0.08; 0.14; 0.06; 0.02; 0.21; 0.02; 0.02; 0.05; 0.05; 0.02; 0.57; 0.02; 0.02; 0.02; 0.1; 0.24; 0; 0.31; 0.16; 0.47; 0.17; 0.33; 0; 0.16; 0.33; 0.43; 0.24; 0.3; 0; 0.23; 0.21; 0.56; 0.29; 0.3; 0; 0.23; 0.21; 0.56; 0.29; 0.36; 0; 0.17; 0.28; 0.47; 0.27; 0.43; 0; 0.33; 0.3; 0.4; 0.29; 0.17; 0.02; 0.22; 0.1; 0.36; 0.11; 0.33; 0; 0.16; 0.33; 0.43; 0.24}
Landmarks found:		0,0	5,4	2,1
Highest state pair found:	1,5
ModelRef|ModelUpdt|Precision|Recall|F-measure:OpenSSL_1.0.1j_server_regular.dot.kiss|miTLS_0.1.3_server_regular.dot.kiss|0.409091|0.233766|0.297521
States pair scores:	{0.13; 0.08; 0.16; 0.16; 0.13; 0.12; 0.13; 0.05; 0.21; 0.06; 0.05; 0.05; 0.05; 0.05; 0.02; 0.55; 0.02; 0.02; 0.02; 0.03; 0.02; 0.43; 0; 0.42; 0.3; 0.51; 0.4; 0.43; 0.4; 0; 0.23; 0.57; 0.29; 0.38; 0.4; 0.52; 0; 0.3; 0.38; 0.38; 0.57; 0.52; 0.52; 0; 0.3; 0.38; 0.38; 0.57; 0.52; 0.56; 0; 0.33; 0.4; 0.4; 0.52; 0.56; 0.33; 0.02; 0.31; 0.23; 0.39; 0.3; 0.33; 0.4; 0; 0.23; 0.57; 0.29; 0.38; 0.4}
Landmarks found:		0,0	3,4	5,6	7,5	2,1	4,3
ModelRef|ModelUpdt|Precision|Recall|F-measure:OpenSSL_1.0.1l_server_regular.dot.kiss|GnuTLS_3.3.12_server_regular.dot.kiss|0.642857|0.514286|0.571429
States pair scores:	{0.13; 0.08; 0.18; 0.1; 0.14; 0.16; 0.12; 0.13; 0.13; 0.13; 0.1; 0.1; 0.05; 0.21; 0.07; 0.06; 0.05; 0.06; 0.05; 0.05; 0.05; 0.05; 0.05; 0; 0.02; 0.55; 0.02; 0.02; 0.02; 0.02; 0.03; 0.03; 0.02; 0.02; 0.02; 0; 0.43; 0; 0.46; 0.24; 0.55; 0.42; 0.4; 0.43; 0.43; 0.51; 0.23; 0.29; 0.4; 0; 0.24; 0.48; 0.3; 0.23; 0.38; 0.4; 0.4; 0.29; 0.44; 0.27; 0.52; 0; 0.33; 0.3; 0.4; 0.3; 0.57; 0.61; 0.52; 0.38; 0.29; 0.36; 0.52; 0; 0.33; 0.3; 0.4; 0.3; 0.57; 0.61; 0.52; 0.38; 0.29; 0.36; 0.56; 0; 0.36; 0.33; 0.43; 0.33; 0.52; 0.56; 0.56; 0.4; 0.3; 0.38; 0.33; 0.02; 0.34; 0.27; 0.42; 0.31; 0.3; 0.33; 0.33; 0.39; 0.24; 0.21; 0.4; 0; 0.24; 0.48; 0.3; 0.23; 0.38; 0.4; 0.4; 0.29; 0.44; 0.27}
Landmarks found:		0,0	3,9	5,8	7,6	2,1	6,7
Highest state pair found:	4,3
ModelRef|ModelUpdt|Precision|Recall|F-measure:OpenSSL_1.0.1l_server_regular.dot.kiss|GnuTLS_3.3.8_server_regular.dot.kiss|0.482759|0.600000|0.535032
States pair scores:	{0.12; 0.13; 0.1; 0.08; 0.07; 0.16; 0.1; 0.12; 0; 0; 0; 0.21; 0.05; 0; 0; 0; 0; 0; 0.01; 0.55; 0.02; 0; 0.01; 0; 0.39; 0.21; 0.29; 0; 0.3; 0.29; 0.29; 0.39; 0.21; 0.42; 0.27; 0; 0.29; 0.27; 0.27; 0.21; 0.29; 0.27; 0.41; 0; 0.38; 0.21; 0.41; 0.29; 0.29; 0.27; 0.41; 0; 0.38; 0.21; 0.41; 0.29; 0.3; 0.29; 0.38; 0; 0.4; 0.23; 0.38; 0.3; 0.29; 0.15; 0.21; 0.02; 0.23; 0.21; 0.21; 0.29; 0.21; 0.42; 0.27; 0; 0.29; 0.27; 0.27; 0.21}
Landmarks found:		0,0	2,3
ModelRef|ModelUpdt|Precision|Recall|F-measure:OpenSSL_1.0.1l_server_regular.dot.kiss|JSSE_1.8.0_25_server_regular.dot.kiss|0.140625|0.128571|0.134328
States pair scores:	{0.07; 0.08; 0.13; 0.09; 0.16; 0.1; 0.12; 0.12; 0.05; 0.21; 0; 0; 0; 0; 0; 0; 0.02; 0.55; 0; 0.01; 0; 0.01; 0; 0; 0.3; 0; 0.21; 0.27; 0.29; 0.29; 0.39; 0.38; 0.29; 0; 0.41; 0.3; 0.27; 0.27; 0.21; 0.21; 0.38; 0; 0.27; 0.39; 0.21; 0.41; 0.29; 0.29; 0.38; 0; 0.27; 0.39; 0.21; 0.41; 0.29; 0.29; 0.4; 0; 0.29; 0.36; 0.23; 0.38; 0.3; 0.3; 0.23; 0.02; 0.15; 0.2; 0.21; 0.21; 0.29; 0.29; 0.29; 0; 0.41; 0.3; 0.27; 0.27; 0.21; 0.21}
Landmarks found:		0,0	2,1
ModelRef|ModelUpdt|Precision|Recall|F-measure:OpenSSL_1.0.1l_server_regular.dot.kiss|JSSE_1.8.0_31_server_regular.dot.kiss|0.125000|0.114286|0.119403
States pair scores:	{0.28; 0.04; 0.08; 0.25; 0.22; 0.11; 0.13; 0.26; 0.04; 0.08; 0.29; 0.05; 0.05; 0; 0.05; 0.05; 0.02; 0.06; 0.59; 0.02; 0.02; 0.02; 0.02; 0.02; 0.22; 0.08; 0.05; 0.22; 0.36; 0.3; 0.43; 0.2; 0.36; 0.1; 0.05; 0.2; 0.19; 0.29; 0.4; 0.41; 0.28; 0.08; 0.04; 0.28; 0.26; 0.44; 0.52; 0.26; 0.28; 0.08; 0.04; 0.28; 0.26; 0.44; 0.52; 0.26; 0.31; 0.05; 0.05; 0.31; 0.28; 0.4; 0.56; 0.28; 0.14; 0.08; 0.08; 0.14; 0.26; 0.23; 0.33; 0.13; 0.36; 0.1; 0.05; 0.2; 0.19; 0.29; 0.4; 0.41}
Landmarks found:		0,0	5,6	2,2
Highest state pair found:	1,1
ModelRef|ModelUpdt|Precision|Recall|F-measure:OpenSSL_1.0.1l_server_regular.dot.kiss|NSS_3.17.4_server_regular.dot.kiss|0.310345|0.257143|0.281250
States pair scores:	{0.67; 0.13; 0.09; 0.22; 0.15; 0.18; 0.13; 0.14; 0.2; 0.11; 0.14; 0.2; 0.11; 0.08; 0.18; 0.12; 0.13; 0.67; 0.28; 0.07; 0.06; 0.06; 0.05; 0.05; 0.06; 0; 0.05; 0.06; 0; 0.09; 0.06; 0.12; 0.09; 0.28; 0.67; 0.02; 0.04; 0.02; 0.03; 0.03; 0.02; 0.02; 0.02; 0.02; 0.02; 0.07; 0.02; 0.05; 0.16; 0.06; 0.02; 0.5; 0.6; 0.35; 0.43; 0.46; 0.38; 0.32; 0.46; 0.38; 0.32; 0.45; 0.35; 0.37; 0.18; 0.06; 0.02; 0.45; 0.32; 0.67; 0.47; 0.43; 0.6; 0.3; 0.51; 0.6; 0.3; 0.24; 0.67; 0.33; 0.14; 0.05; 0.03; 0.35; 0.51; 0.43; 0.62; 0.67; 0.46; 0.47; 0.57; 0.46; 0.47; 0.39; 0.43; 0.25; 0.14; 0.05; 0.03; 0.35; 0.51; 0.43; 0.62; 0.67; 0.46; 0.47; 0.57; 0.46; 0.47; 0.39; 0.43; 0.25; 0.15; 0.06; 0.02; 0.38; 0.46; 0.46; 0.57; 0.61; 0.5; 0.43; 0.61; 0.5; 0.43; 0.35; 0.46; 0.28; 0.09; 0.1; 0.05; 0.37; 0.45; 0.25; 0.32; 0.35; 0.28; 0.24; 0.35; 0.28; 0.24; 0.59; 0.25; 0.49; 0.18; 0.06; 0.02; 0.45; 0.32; 0.67; 0.47; 0.43; 0.6; 0.3; 0.51; 0.6; 0.3; 0.24; 0.67; 0.33}
Landmarks found:		0,0	7,8	4,10	5,4	8,13	9,11	6,6	1,1	2,2
ModelRef|ModelUpdt|Precision|Recall|F-measure:OpenSSL_1.0.1l_server_regular.dot.kiss|OpenSSL_1.0.1g_server_regular.dot.kiss|0.604167|0.828571|0.698795
States pair scores:	{0.67; 0.13; 0.09; 0.16; 0.18; 0.14; 0.14; 0.2; 0.11; 0.09; 0.18; 0.13; 0.67; 0.28; 0.06; 0.06; 0.05; 0.05; 0.06; 0; 0.1; 0.06; 0.09; 0.28; 0.67; 0.02; 0.02; 0.03; 0.03; 0.02; 0.02; 0.05; 0.02; 0.16; 0.06; 0.02; 0.67; 0.35; 0.46; 0.46; 0.38; 0.32; 0.5; 0.35; 0.18; 0.06; 0.02; 0.35; 0.67; 0.43; 0.43; 0.6; 0.3; 0.25; 0.67; 0.14; 0.05; 0.03; 0.46; 0.43; 0.67; 0.67; 0.46; 0.47; 0.35; 0.43; 0.14; 0.05; 0.03; 0.46; 0.43; 0.67; 0.67; 0.46; 0.47; 0.35; 0.43; 0.15; 0.06; 0.02; 0.5; 0.46; 0.61; 0.61; 0.5; 0.43; 0.38; 0.46; 0.09; 0.1; 0.05; 0.5; 0.25; 0.35; 0.35; 0.28; 0.24; 0.67; 0.25; 0.18; 0.06; 0.02; 0.35; 0.67; 0.43; 0.43; 0.6; 0.3; 0.25; 0.67}
Landmarks found:		0,0	7,3	4,7	1,1	2,2	5,5	6,6	8,9	9,4
ModelRef|ModelUpdt|Precision|Recall|F-measure:OpenSSL_1.0.1l_server_regular.dot.kiss|OpenSSL_1.0.1j_server_regular.dot.kiss|0.808219|0.842857|0.825175
States pair scores:	{0.67; 0.13; 0.09; 0.16; 0.18; 0.14; 0.14; 0.15; 0.09; 0.18; 0.13; 0.67; 0.28; 0.06; 0.06; 0.05; 0.05; 0.06; 0.1; 0.06; 0.09; 0.28; 0.67; 0.02; 0.02; 0.03; 0.03; 0.02; 0.05; 0.02; 0.16; 0.06; 0.02; 0.67; 0.35; 0.46; 0.46; 0.5; 0.5; 0.35; 0.18; 0.06; 0.02; 0.35; 0.67; 0.43; 0.43; 0.46; 0.25; 0.67; 0.14; 0.05; 0.03; 0.46; 0.43; 0.67; 0.67; 0.61; 0.35; 0.43; 0.14; 0.05; 0.03; 0.46; 0.43; 0.67; 0.67; 0.61; 0.35; 0.43; 0.15; 0.06; 0.02; 0.5; 0.46; 0.61; 0.61; 0.67; 0.38; 0.46; 0.09; 0.1; 0.05; 0.5; 0.25; 0.35; 0.35; 0.38; 0.67; 0.25; 0.18; 0.06; 0.02; 0.35; 0.67; 0.43; 0.43; 0.46; 0.25; 0.67}
Landmarks found:		0,0	3,7	7,3	1,1	2,2	4,4	5,5	6,6	8,8	9,9
ModelRef|ModelUpdt|Precision|Recall|F-measure:OpenSSL_1.0.1l_server_regular.dot.kiss|OpenSSL_1.0.1l_server_regular.dot.kiss|0.971429|0.971429|0.971429
States pair scores:	{0.67; 0.13; 0.09; 0.16; 0.18; 0.14; 0.15; 0.13; 0.67; 0.28; 0.06; 0.06; 0.05; 0.06; 0.09; 0.28; 0.67; 0.02; 0.02; 0.03; 0.02; 0.16; 0.06; 0.02; 0.67; 0.35; 0.46; 0.5; 0.18; 0.06; 0.02; 0.35; 0.67; 0.43; 0.46; 0.14; 0.05; 0.03; 0.46; 0.43; 0.67; 0.61; 0.14; 0.05; 0.03; 0.46; 0.43; 0.67; 0.61; 0.15; 0.06; 0.02; 0.5; 0.46; 0.61; 0.67; 0.09; 0.1; 0.05; 0.5; 0.25; 0.35; 0.38; 0.18; 0.06; 0.02; 0.35; 0.67; 0.43; 0.46}
Landmarks found:		0,0	3,6	7,3	1,1	2,2	4,4	5,5
ModelRef|ModelUpdt|Precision|Recall|F-measure:OpenSSL_1.0.1l_server_regular.dot.kiss|OpenSSL_1.0.2_server_regular.dot.kiss|0.938776|0.657143|0.773109
States pair scores:	{0.19; 0.13; 0.09; 0.04; 0.14; 0.16; 0.13; 0.13; 0.13; 0.02; 0.05; 0.03; 0.05; 0.05; 0.05; 0.02; 0.08; 0.05; 0; 0.02; 0.03; 0.03; 0.02; 0.02; 0.02; 0.03; 0.02; 0.29; 0.43; 0.32; 0.06; 0.55; 0.3; 0.36; 0.44; 0.43; 0.46; 0.4; 0.3; 0.08; 0.3; 0.56; 0.34; 0.41; 0.4; 0.36; 0.52; 0.45; 0.06; 0.4; 0.38; 0.52; 0.53; 0.52; 0.36; 0.52; 0.45; 0.06; 0.4; 0.38; 0.52; 0.53; 0.52; 0.39; 0.56; 0.41; 0.04; 0.43; 0.4; 0.48; 0.57; 0.56; 0.2; 0.33; 0.24; 0.06; 0.42; 0.23; 0.27; 0.34; 0.33; 0.46; 0.4; 0.3; 0.08; 0.3; 0.56; 0.34; 0.41; 0.4}
Landmarks found:		0,0	5,1	6,6	3,4	4,5	7,8
Highest state pair found:	2,2
ModelRef|ModelUpdt|Precision|Recall|F-measure:OpenSSL_1.0.1l_server_regular.dot.kiss|RSA_BSAFE_C_4.0.4_server_regular.dot.kiss|0.562500|0.514286|0.537313
States pair scores:	{0.08; 0.12; 0.13; 0.13; 0.1; 0.21; 0; 0; 0.05; 0; 0.55; 0; 0; 0.02; 0.01; 0; 0.39; 0.21; 0.43; 0.29; 0; 0.21; 0.4; 0.4; 0.27; 0; 0.29; 0.27; 0.52; 0.41; 0; 0.29; 0.27; 0.52; 0.41; 0; 0.3; 0.29; 0.56; 0.38; 0.02; 0.29; 0.15; 0.33; 0.21; 0; 0.21; 0.4; 0.4; 0.27}
Landmarks found:		0,0	5,3
ModelRef|ModelUpdt|Precision|Recall|F-measure:OpenSSL_1.0.1l_server_regular.dot.kiss|RSA_BSAFE_Java_6.1.1_server_regular.dot.kiss|0.175000|0.100000|0.127273
States pair scores:	{0.13; 0.08; 0.06; 0.08; 0.14; 0.06; 0.02; 0.21; 0.02; 0.02; 0.05; 0.05; 0.02; 0.57; 0.02; 0.02; 0.02; 0.1; 0.24; 0; 0.31; 0.16; 0.47; 0.17; 0.33; 0; 0.16; 0.33; 0.43; 0.24; 0.3; 0; 0.23; 0.21; 0.56; 0.29; 0.3; 0; 0.23; 0.21; 0.56; 0.29; 0.33; 0; 0.24; 0.23; 0.61; 0.24; 0.17; 0.02; 0.22; 0.1; 0.36; 0.11; 0.33; 0; 0.16; 0.33; 0.43; 0.24}
Landmarks found:		0,0	5,4	2,1
Highest state pair found:	1,5
ModelRef|ModelUpdt|Precision|Recall|F-measure:OpenSSL_1.0.1l_server_regular.dot.kiss|miTLS_0.1.3_server_regular.dot.kiss|0.409091|0.257143|0.315789
States pair scores:	{0.13; 0.08; 0.16; 0.16; 0.13; 0.12; 0.13; 0.05; 0.21; 0.06; 0.05; 0.05; 0.05; 0.05; 0.02; 0.55; 0.02; 0.02; 0.02; 0.03; 0.02; 0.43; 0; 0.42; 0.3; 0.51; 0.4; 0.43; 0.4; 0; 0.23; 0.57; 0.29; 0.38; 0.4; 0.52; 0; 0.3; 0.38; 0.38; 0.57; 0.52; 0.56; 0; 0.33; 0.4; 0.4; 0.52; 0.56}
Landmarks found:		0,0	3,4	5,6	6,5	2,1	4,3
ModelRef|ModelUpdt|Precision|Recall|F-measure:OpenSSL_1.0.2_server_regular.dot.kiss|GnuTLS_3.3.12_server_regular.dot.kiss|0.642857|0.734694|0.685714
States pair scores:	{0.13; 0.08; 0.18; 0.1; 0.14; 0.16; 0.12; 0.13; 0.13; 0.13; 0.1; 0.1; 0.05; 0.21; 0.07; 0.06; 0.05; 0.06; 0.05; 0.05; 0.05; 0.05; 0.05; 0; 0.02; 0.55; 0.02; 0.02; 0.02; 0.02; 0.03; 0.03; 0.02; 0.02; 0.02; 0; 0.43; 0; 0.46; 0.24; 0.55; 0.42; 0.4; 0.43; 0.43; 0.51; 0.23; 0.29; 0.4; 0; 0.24; 0.48; 0.3; 0.23; 0.38; 0.4; 0.4; 0.29; 0.44; 0.27; 0.52; 0; 0.33; 0.3; 0.4; 0.3; 0.57; 0.61; 0.52; 0.38; 0.29; 0.36; 0.56; 0; 0.36; 0.33; 0.43; 0.33; 0.52; 0.56; 0.56; 0.4; 0.3; 0.38}
Landmarks found:		0,0	3,9	5,8	6,6	2,1
Highest state pair found:	4,10
ModelRef|ModelUpdt|Precision|Recall|F-measure:OpenSSL_1.0.2_server_regular.dot.kiss|GnuTLS_3.3.8_server_regular.dot.kiss|0.421687|0.714286|0.530303
States pair scores:	{0.12; 0.13; 0.1; 0.08; 0.07; 0.16; 0.1; 0.12; 0; 0; 0; 0.21; 0.05; 0; 0; 0; 0; 0; 0.01; 0.55; 0.02; 0; 0.01; 0; 0.39; 0.21; 0.29; 0; 0.3; 0.29; 0.29; 0.39; 0.21; 0.42; 0.27; 0; 0.29; 0.27; 0.27; 0.21; 0.29; 0.27; 0.41; 0; 0.38; 0.21; 0.41; 0.29; 0.3; 0.29; 0.38; 0; 0.4; 0.23; 0.38; 0.3}
Landmarks found:		0,0	2,3
ModelRef|ModelUpdt|Precision|Recall|F-measure:OpenSSL_1.0.2_server_regular.dot.kiss|JSSE_1.8.0_25_server_regular.dot.kiss|0.140625|0.183673|0.159292
States pair scores:	{0.07; 0.08; 0.13; 0.09; 0.16; 0.1; 0.12; 0.12; 0.05; 0.21; 0; 0; 0; 0; 0; 0; 0.02; 0.55; 0; 0.01; 0; 0.01; 0; 0; 0.3; 0; 0.21; 0.27; 0.29; 0.29; 0.39; 0.38; 0.29; 0; 0.41; 0.3; 0.27; 0.27; 0.21; 0.21; 0.38; 0; 0.27; 0.39; 0.21; 0.41; 0.29; 0.29; 0.4; 0; 0.29; 0.36; 0.23; 0.38; 0.3; 0.3}
Landmarks found:		0,0	2,1
ModelRef|ModelUpdt|Precision|Recall|F-measure:OpenSSL_1.0.2_server_regular.dot.kiss|JSSE_1.8.0_31_server_regular.dot.kiss|0.125000|0.163265|0.141593
States pair scores:	{0.28; 0.04; 0.08; 0.25; 0.22; 0.11; 0.13; 0.26; 0.04; 0.08; 0.29; 0.05; 0.05; 0; 0.05; 0.05; 0.02; 0.06; 0.59; 0.02; 0.02; 0.02; 0.02; 0.02; 0.22; 0.08; 0.05; 0.22; 0.36; 0.3; 0.43; 0.2; 0.36; 0.1; 0.05; 0.2; 0.19; 0.29; 0.4; 0.41; 0.28; 0.08; 0.04; 0.28; 0.26; 0.44; 0.52; 0.26; 0.31; 0.05; 0.05; 0.31; 0.28; 0.4; 0.56; 0.28}
Landmarks found:		0,0	5,6	2,2
Highest state pair found:	1,1
ModelRef|ModelUpdt|Precision|Recall|F-measure:OpenSSL_1.0.2_server_regular.dot.kiss|NSS_3.17.4_server_regular.dot.kiss|0.310345|0.367347|0.336449
States pair scores:	{0.67; 0.13; 0.09; 0.22; 0.15; 0.18; 0.13; 0.14; 0.2; 0.11; 0.14; 0.2; 0.11; 0.08; 0.18; 0.12; 0.13; 0.67; 0.28; 0.07; 0.06; 0.06; 0.05; 0.05; 0.06; 0; 0.05; 0.06; 0; 0.09; 0.06; 0.12; 0.09; 0.28; 0.67; 0.02; 0.04; 0.02; 0.03; 0.03; 0.02; 0.02; 0.02; 0.02; 0.02; 0.07; 0.02; 0.05; 0.16; 0.06; 0.02; 0.5; 0.6; 0.35; 0.43; 0.46; 0.38; 0.32; 0.46; 0.38; 0.32; 0.45; 0.35; 0.37; 0.18; 0.06; 0.02; 0.45; 0.32; 0.67; 0.47; 0.43; 0.6; 0.3; 0.51; 0.6; 0.3; 0.24; 0.67; 0.33; 0.14; 0.05; 0.03; 0.35; 0.51; 0.43; 0.62; 0.67; 0.46; 0.47; 0.57; 0.46; 0.47; 0.39; 0.43; 0.25; 0.15; 0.06; 0.02; 0.38; 0.46; 0.46; 0.57; 0.61; 0.5; 0.43; 0.61; 0.5; 0.43; 0.35; 0.46; 0.28}
Landmarks found:		0,0	6,8	4,10	5,4	1,1	2,2
ModelRef|ModelUpdt|Precision|Recall|F-measure:OpenSSL_1.0.2_server_regular.dot.kiss|OpenSSL_1.0.1g_server_regular.dot.kiss|0.386139|0.795918|0.520000
States pair scores:	{0.67; 0.13; 0.09; 0.16; 0.18; 0.14; 0.14; 0.2; 0.11; 0.09; 0.18; 0.13; 0.67; 0.28; 0.06; 0.06; 0.05; 0.05; 0.06; 0; 0.1; 0.06; 0.09; 0.28; 0.67; 0.02; 0.02; 0.03; 0.03; 0.02; 0.02; 0.05; 0.02; 0.16; 0.06; 0.02; 0.67; 0.35; 0.46; 0.46; 0.38; 0.32; 0.5; 0.35; 0.18; 0.06; 0.02; 0.35; 0.67; 0.43; 0.43; 0.6; 0.3; 0.25; 0.67; 0.14; 0.05; 0.03; 0.46; 0.43; 0.67; 0.67; 0.46; 0.47; 0.35; 0.43; 0.15; 0.06; 0.02; 0.5; 0.46; 0.61; 0.61; 0.5; 0.43; 0.38; 0.46}
Landmarks found:		0,0	6,3	4,7	1,1	2,2	5,5
ModelRef|ModelUpdt|Precision|Recall|F-measure:OpenSSL_1.0.2_server_regular.dot.kiss|OpenSSL_1.0.1j_server_regular.dot.kiss|0.615385|0.816327|0.701754
States pair scores:	{0.67; 0.13; 0.09; 0.16; 0.18; 0.14; 0.14; 0.15; 0.09; 0.18; 0.13; 0.67; 0.28; 0.06; 0.06; 0.05; 0.05; 0.06; 0.1; 0.06; 0.09; 0.28; 0.67; 0.02; 0.02; 0.03; 0.03; 0.02; 0.05; 0.02; 0.16; 0.06; 0.02; 0.67; 0.35; 0.46; 0.46; 0.5; 0.5; 0.35; 0.18; 0.06; 0.02; 0.35; 0.67; 0.43; 0.43; 0.46; 0.25; 0.67; 0.14; 0.05; 0.03; 0.46; 0.43; 0.67; 0.67; 0.61; 0.35; 0.43; 0.15; 0.06; 0.02; 0.5; 0.46; 0.61; 0.61; 0.67; 0.38; 0.46}
Landmarks found:		0,0	3,7	6,3	1,1	2,2	4,4	5,5
ModelRef|ModelUpdt|Precision|Recall|F-measure:OpenSSL_1.0.2_server_regular.dot.kiss|OpenSSL_1.0.1l_server_regular.dot.kiss|0.718750|0.938776|0.814159
States pair scores:	{0.67; 0.13; 0.09; 0.16; 0.18; 0.14; 0.15; 0.13; 0.67; 0.28; 0.06; 0.06; 0.05; 0.06; 0.09; 0.28; 0.67; 0.02; 0.02; 0.03; 0.02; 0.16; 0.06; 0.02; 0.67; 0.35; 0.46; 0.5; 0.18; 0.06; 0.02; 0.35; 0.67; 0.43; 0.46; 0.14; 0.05; 0.03; 0.46; 0.43; 0.67; 0.61; 0.15; 0.06; 0.02; 0.5; 0.46; 0.61; 0.67}
Landmarks found:		0,0	3,6	6,3	1,1	2,2	4,4	5,5
ModelRef|ModelUpdt|Precision|Recall|F-measure:OpenSSL_1.0.2_server_regular.dot.kiss|OpenSSL_1.0.2_server_regular.dot.kiss|0.959184|0.959184|0.959184
States pair scores:	{0.19; 0.13; 0.09; 0.04; 0.14; 0.16; 0.13; 0.13; 0.13; 0.02; 0.05; 0.03; 0.05; 0.05; 0.05; 0.02; 0.08; 0.05; 0; 0.02; 0.03; 0.03; 0.02; 0.02; 0.02; 0.03; 0.02; 0.29; 0.43; 0.32; 0.06; 0.55; 0.3; 0.36; 0.44; 0.43; 0.46; 0.4; 0.3; 0.08; 0.3; 0.56; 0.34; 0.41; 0.4; 0.36; 0.52; 0.45; 0.06; 0.4; 0.38; 0.52; 0.53; 0.52; 0.39; 0.56; 0.41; 0.04; 0.43; 0.4; 0.48; 0.57; 0.56}
Landmarks found:		0,0	5,1	3,4	4,5	6,8
Highest state pair found:	2,2
ModelRef|ModelUpdt|Precision|Recall|F-measure:OpenSSL_1.0.2_server_regular.dot.kiss|RSA_BSAFE_C_4.0.4_server_regular.dot.kiss|0.446154|0.591837|0.508772
States pair scores:	{0.08; 0.12; 0.13; 0.13; 0.1; 0.21; 0; 0; 0.05; 0; 0.55; 0; 0; 0.02; 0.01; 0; 0.39; 0.21; 0.43; 0.29; 0; 0.21; 0.4; 0.4; 0.27; 0; 0.29; 0.27; 0.52; 0.41; 0; 0.3; 0.29; 0.56; 0.38}
Landmarks found:		0,0	5,3
ModelRef|ModelUpdt|Precision|Recall|F-measure:OpenSSL_1.0.2_server_regular.dot.kiss|RSA_BSAFE_Java_6.1.1_server_regular.dot.kiss|0.175000|0.142857|0.157303
States pair scores:	{0.13; 0.08; 0.06; 0.08; 0.14; 0.06; 0.02; 0.21; 0.02; 0.02; 0.05; 0.05; 0.02; 0.57; 0.02; 0.02; 0.02; 0.1; 0.24; 0; 0.31; 0.16; 0.47; 0.17; 0.33; 0; 0.16; 0.33; 0.43; 0.24; 0.3; 0; 0.23; 0.21; 0.56; 0.29; 0.33; 0; 0.24; 0.23; 0.61; 0.24}
Landmarks found:		0,0	5,4	2,1
Highest state pair found:	1,5
ModelRef|ModelUpdt|Precision|Recall|F-measure:OpenSSL_1.0.2_server_regular.dot.kiss|miTLS_0.1.3_server_regular.dot.kiss|0.409091|0.367347|0.387097
States pair scores:	{0.48; 0; 0.27; 0.56; 0.34; 0.44; 0.34; 0.66; 0; 0.41; 0.48; 0.48; 0.62; 0.48; 0.49; 0; 0.3; 0.37; 0.37; 0.53; 0.37; 0.03; 0; 0.08; 0.09; 0.07; 0.05; 0.03; 0.52; 0; 0.52; 0.38; 0.61; 0.48; 0.38; 0.48; 0; 0.29; 0.67; 0.35; 0.45; 0.35; 0.57; 0; 0.34; 0.42; 0.42; 0.62; 0.42; 0.67; 0; 0.42; 0.49; 0.49; 0.62; 0.49; 0.67; 0; 0.41; 0.48; 0.48; 0.62; 0.48}
Landmarks found:		0,0	4,2	2,5	5,3
ModelRef|ModelUpdt|Precision|Recall|F-measure:RSA_BSAFE_C_4.0.4_server_regular.dot.kiss|GnuTLS_3.3.12_server_regular.dot.kiss|0.551020|0.375000|0.446281
States pair scores:	{0.34; 0; 0.2; 0.32; 0.25; 0.18; 0.32; 0.34; 0.34; 0.24; 0.3; 0.38; 0.48; 0; 0.31; 0.29; 0.38; 0.29; 0.45; 0.48; 0.48; 0.35; 0.27; 0.45; 0.37; 0; 0.23; 0.22; 0.29; 0.22; 0.4; 0.43; 0.37; 0.27; 0.21; 0.56; 0.07; 0; 0.11; 0.15; 0.1; 0.15; 0.11; 0.07; 0.03; 0.14; 0.19; 0.03; 0.38; 0; 0.39; 0.22; 0.47; 0.36; 0.35; 0.38; 0.38; 0.44; 0.2; 0.35; 0.35; 0; 0.22; 0.42; 0.27; 0.2; 0.33; 0.35; 0.35; 0.26; 0.39; 0.33; 0.42; 0; 0.25; 0.24; 0.32; 0.24; 0.45; 0.48; 0.42; 0.3; 0.23; 0.45; 0.49; 0; 0.33; 0.3; 0.39; 0.3; 0.46; 0.49; 0.49; 0.37; 0.29; 0.45; 0.48; 0; 0.31; 0.29; 0.38; 0.29; 0.45; 0.48; 0.48; 0.35; 0.27; 0.45}
Landmarks found:		0,0	2,11
ModelRef|ModelUpdt|Precision|Recall|F-measure:RSA_BSAFE_C_4.0.4_server_regular.dot.kiss|GnuTLS_3.3.8_server_regular.dot.kiss|0.141304|0.180556|0.158537
States pair scores:	{0.22; 0.34; 0.27; 0; 0.24; 0.28; 0.38; 0.22; 0.27; 0.26; 0.33; 0; 0.35; 0.2; 0.45; 0.27; 0.33; 0.32; 0.46; 0; 0.27; 0.26; 0.62; 0.33; 0.06; 0.1; 0.05; 0; 0.07; 0.08; 0.02; 0.06; 0.34; 0.19; 0.26; 0; 0.27; 0.25; 0.35; 0.34; 0.19; 0.38; 0.24; 0; 0.26; 0.24; 0.33; 0.19; 0.27; 0.26; 0.39; 0; 0.3; 0.2; 0.53; 0.27; 0.27; 0.26; 0.33; 0; 0.37; 0.2; 0.45; 0.27; 0.27; 0.26; 0.33; 0; 0.35; 0.2; 0.45; 0.27}
Landmarks found:		0,0	6,6
Highest state pair found:	5,5
ModelRef|ModelUpdt|Precision|Recall|F-measure:RSA_BSAFE_C_4.0.4_server_regular.dot.kiss|JSSE_1.8.0_25_server_regular.dot.kiss|0.250000|0.222222|0.235294
States pair scores:	{0.24; 0; 0.34; 0.26; 0.28; 0.38; 0.22; 0.22; 0.35; 0; 0.26; 0.32; 0.2; 0.45; 0.27; 0.27; 0.27; 0; 0.32; 0.44; 0.26; 0.62; 0.33; 0.33; 0.07; 0; 0.09; 0.07; 0.08; 0.02; 0.06; 0.05; 0.27; 0; 0.19; 0.24; 0.25; 0.35; 0.34; 0.34; 0.26; 0; 0.37; 0.27; 0.24; 0.33; 0.19; 0.19; 0.3; 0; 0.26; 0.37; 0.2; 0.53; 0.27; 0.27; 0.37; 0; 0.26; 0.32; 0.2; 0.45; 0.27; 0.27; 0.35; 0; 0.26; 0.32; 0.2; 0.45; 0.27; 0.27}
Landmarks found:		0,0	6,5
Highest state pair found:	5,4
ModelRef|ModelUpdt|Precision|Recall|F-measure:RSA_BSAFE_C_4.0.4_server_regular.dot.kiss|JSSE_1.8.0_31_server_regular.dot.kiss|0.271186|0.222222|0.244275
States pair scores:	{0.37; 0.04; 0; 0.21; 0.19; 0.29; 0.48; 0.34; 0.27; 0.05; 0.04; 0.27; 0.25; 0.35; 0.66; 0.25; 0.2; 0.06; 0.04; 0.2; 0.19; 0.49; 0.49; 0.19; 0.08; 0.67; 0.04; 0.04; 0.06; 0.02; 0.03; 0.06; 0.19; 0.07; 0.05; 0.19; 0.31; 0.27; 0.52; 0.18; 0.31; 0.09; 0.04; 0.18; 0.17; 0.26; 0.48; 0.36; 0.27; 0.05; 0; 0.27; 0.25; 0.42; 0.57; 0.25; 0.27; 0.08; 0.08; 0.27; 0.25; 0.35; 0.67; 0.25; 0.27; 0.05; 0.04; 0.27; 0.25; 0.35; 0.67; 0.25}
Landmarks found:		0,0	4,6	3,1
ModelRef|ModelUpdt|Precision|Recall|F-measure:RSA_BSAFE_C_4.0.4_server_regular.dot.kiss|NSS_3.17.4_server_regular.dot.kiss|0.316667|0.263889|0.287879
States pair scores:	{0.19; 0.02; 0; 0.36; 0.27; 0.46; 0.35; 0.36; 0.49; 0.3; 0.36; 0.49; 0.3; 0.19; 0.46; 0.26; 0.13; 0.05; 0.02; 0.33; 0.4; 0.4; 0.49; 0.52; 0.43; 0.38; 0.52; 0.43; 0.38; 0.3; 0.4; 0.24; 0.09; 0.03; 0.03; 0.24; 0.35; 0.3; 0.42; 0.45; 0.32; 0.53; 0.39; 0.32; 0.53; 0.28; 0.3; 0.18; 0.04; 0.05; 0.03; 0.09; 0.08; 0.08; 0.07; 0.06; 0.06; 0.02; 0.06; 0.06; 0.02; 0.08; 0.08; 0.09; 0.14; 0.05; 0.02; 0.42; 0.51; 0.3; 0.38; 0.4; 0.33; 0.29; 0.4; 0.33; 0.29; 0.39; 0.3; 0.31; 0.16; 0.05; 0.02; 0.39; 0.29; 0.56; 0.41; 0.38; 0.51; 0.27; 0.44; 0.51; 0.27; 0.21; 0.56; 0.29; 0.13; 0.02; 0.02; 0.27; 0.4; 0.34; 0.49; 0.52; 0.36; 0.44; 0.46; 0.36; 0.44; 0.3; 0.34; 0.19; 0.13; 0.08; 0.03; 0.34; 0.41; 0.41; 0.5; 0.53; 0.44; 0.38; 0.53; 0.44; 0.38; 0.32; 0.41; 0.26; 0.13; 0.05; 0.02; 0.33; 0.4; 0.4; 0.49; 0.52; 0.43; 0.38; 0.52; 0.43; 0.38; 0.3; 0.4; 0.24}
Landmarks found:		0,0	7,6	4,4	5,8	1,7	8,10	2,9
ModelRef|ModelUpdt|Precision|Recall|F-measure:RSA_BSAFE_C_4.0.4_server_regular.dot.kiss|OpenSSL_1.0.1g_server_regular.dot.kiss|0.390476|0.569444|0.463277
States pair scores:	{0.19; 0.02; 0; 0.29; 0.46; 0.36; 0.36; 0.49; 0.3; 0.2; 0.46; 0.13; 0.05; 0.02; 0.43; 0.4; 0.52; 0.52; 0.43; 0.38; 0.33; 0.4; 0.09; 0.03; 0.03; 0.32; 0.3; 0.45; 0.45; 0.32; 0.53; 0.24; 0.3; 0.04; 0.05; 0.03; 0.06; 0.08; 0.06; 0.06; 0.06; 0.02; 0.06; 0.08; 0.14; 0.05; 0.02; 0.55; 0.3; 0.4; 0.4; 0.33; 0.29; 0.42; 0.3; 0.16; 0.05; 0.02; 0.3; 0.56; 0.38; 0.38; 0.51; 0.27; 0.23; 0.56; 0.13; 0.02; 0.02; 0.36; 0.34; 0.52; 0.52; 0.36; 0.44; 0.27; 0.34; 0.13; 0.08; 0.03; 0.44; 0.41; 0.53; 0.53; 0.44; 0.38; 0.34; 0.41; 0.13; 0.05; 0.02; 0.43; 0.4; 0.52; 0.52; 0.43; 0.38; 0.33; 0.4}
Landmarks found:		0,0	5,7	1,5	6,6	2,8	4,3
ModelRef|ModelUpdt|Precision|Recall|F-measure:RSA_BSAFE_C_4.0.4_server_regular.dot.kiss|OpenSSL_1.0.1j_server_regular.dot.kiss|0.464789|0.458333|0.461538
States pair scores:	{0.19; 0.02; 0; 0.29; 0.46; 0.36; 0.36; 0.39; 0.2; 0.46; 0.13; 0.05; 0.02; 0.43; 0.4; 0.52; 0.52; 0.56; 0.33; 0.4; 0.09; 0.03; 0.03; 0.32; 0.3; 0.45; 0.45; 0.41; 0.24; 0.3; 0.04; 0.05; 0.03; 0.06; 0.08; 0.06; 0.06; 0.04; 0.06; 0.08; 0.14; 0.05; 0.02; 0.55; 0.3; 0.4; 0.4; 0.43; 0.42; 0.3; 0.16; 0.05; 0.02; 0.3; 0.56; 0.38; 0.38; 0.4; 0.23; 0.56; 0.13; 0.02; 0.02; 0.36; 0.34; 0.52; 0.52; 0.48; 0.27; 0.34; 0.13; 0.08; 0.03; 0.44; 0.41; 0.53; 0.53; 0.57; 0.34; 0.41; 0.13; 0.05; 0.02; 0.43; 0.4; 0.52; 0.52; 0.56; 0.33; 0.4}
Landmarks found:		0,0	1,5	6,6	4,3	5,4	8,7
Highest state pair found:	2,2
ModelRef|ModelUpdt|Precision|Recall|F-measure:RSA_BSAFE_C_4.0.4_server_regular.dot.kiss|OpenSSL_1.0.1l_server_regular.dot.kiss|0.562500|0.500000|0.529412
States pair scores:	{0.19; 0.02; 0; 0.29; 0.46; 0.36; 0.39; 0.13; 0.05; 0.02; 0.43; 0.4; 0.52; 0.56; 0.09; 0.03; 0.03; 0.32; 0.3; 0.45; 0.41; 0.04; 0.05; 0.03; 0.06; 0.08; 0.06; 0.04; 0.14; 0.05; 0.02; 0.55; 0.3; 0.4; 0.43; 0.16; 0.05; 0.02; 0.3; 0.56; 0.38; 0.4; 0.13; 0.02; 0.02; 0.36; 0.34; 0.52; 0.48; 0.13; 0.08; 0.03; 0.44; 0.41; 0.53; 0.57; 0.13; 0.05; 0.02; 0.43; 0.4; 0.52; 0.56}
Landmarks found:		0,0	1,5	4,3	5,4	8,6
Highest state pair found:	2,2
ModelRef|ModelUpdt|Precision|Recall|F-measure:RSA_BSAFE_C_4.0.4_server_regular.dot.kiss|OpenSSL_1.0.2_server_regular.dot.kiss|0.604167|0.402778|0.483333
States pair scores:	{0.67; 0.47; 0.35; 0.04; 0.36; 0.56; 0.48; 0.48; 0.48; 0.47; 0.67; 0.49; 0.03; 0.52; 0.48; 0.57; 0.66; 0.66; 0.35; 0.49; 0.67; 0.03; 0.39; 0.37; 0.49; 0.5; 0.49; 0.04; 0.03; 0.03; 0.67; 0.06; 0.07; 0.03; 0.05; 0.03; 0.36; 0.52; 0.39; 0.06; 0.67; 0.38; 0.44; 0.53; 0.52; 0.56; 0.48; 0.37; 0.07; 0.38; 0.67; 0.42; 0.49; 0.48; 0.48; 0.57; 0.49; 0.03; 0.44; 0.42; 0.67; 0.57; 0.57; 0.48; 0.66; 0.5; 0.05; 0.53; 0.49; 0.57; 0.67; 0.67; 0.48; 0.66; 0.49; 0.03; 0.52; 0.48; 0.57; 0.67; 0.67}
Landmarks found:		0,0	1,4	4,1	6,7	7,6	2,2	3,3	8,8	5,5
ModelRef|ModelUpdt|Precision|Recall|F-measure:RSA_BSAFE_C_4.0.4_server_regular.dot.kiss|RSA_BSAFE_C_4.0.4_server_regular.dot.kiss|0.888889|0.888889|0.888889
States pair scores:	{0; 0.31; 0.48; 0.48; 0.38; 0; 0.38; 0.35; 0.66; 0.45; 0; 0.45; 0.43; 0.49; 0.62; 0; 0.02; 0.03; 0.03; 0.02; 0; 0.47; 0.27; 0.52; 0.35; 0; 0.27; 0.48; 0.48; 0.33; 0; 0.38; 0.35; 0.57; 0.53; 0; 0.38; 0.35; 0.67; 0.45; 0; 0.38; 0.35; 0.67; 0.45}
Landmarks found:		0,0	4,3	6,4
Highest state pair found:	5,2
ModelRef|ModelUpdt|Precision|Recall|F-measure:RSA_BSAFE_C_4.0.4_server_regular.dot.kiss|RSA_BSAFE_Java_6.1.1_server_regular.dot.kiss|0.525000|0.291667|0.375000
States pair scores:	{0.35; 0; 0.16; 0.27; 0.36; 0.26; 0.29; 0; 0.22; 0.2; 0.52; 0.22; 0.35; 0; 0.27; 0.26; 0.39; 0.23; 0; 0; 0.02; 0.04; 0.04; 0.02; 0.22; 0; 0.27; 0.14; 0.41; 0.15; 0.29; 0; 0.14; 0.29; 0.38; 0.22; 0.29; 0; 0.22; 0.2; 0.44; 0.28; 0.29; 0; 0.22; 0.2; 0.53; 0.22; 0.29; 0; 0.22; 0.2; 0.52; 0.22}
Landmarks found:		0,0	1,4
ModelRef|ModelUpdt|Precision|Recall|F-measure:RSA_BSAFE_C_4.0.4_server_regular.dot.kiss|miTLS_0.1.3_server_regular.dot.kiss|0.229167|0.152778|0.183333
States pair scores:	{0; 0.67; 0; 0; 0; 0; 0; 0.38; 0; 0.36; 0.27; 0.44; 0.35; 0.27; 0.35; 0; 0.2; 0.49; 0.26; 0.33; 0.26; 0.67; 0; 0.41; 0.48; 0.48; 0.62; 0.48; 0.45; 0; 0.27; 0.33; 0.33; 0.49; 0.33}
Landmarks found:		0,0	3,5
ModelRef|ModelUpdt|Precision|Recall|F-measure:RSA_BSAFE_Java_6.1.1_server_regular.dot.kiss|GnuTLS_3.3.12_server_regular.dot.kiss|0.163265|0.200000|0.179775
States pair scores:	{0; 0.67; 0; 0; 0; 0; 0; 0; 0; 0; 0; 0; 0.27; 0; 0.27; 0.14; 0.34; 0.25; 0.26; 0.27; 0.27; 0.32; 0.13; 0.48; 0.26; 0; 0.14; 0.31; 0.19; 0.13; 0.24; 0.26; 0.26; 0.18; 0.29; 0.45; 0.48; 0; 0.31; 0.29; 0.38; 0.29; 0.45; 0.48; 0.48; 0.35; 0.27; 0.45; 0.33; 0; 0.2; 0.19; 0.26; 0.19; 0.37; 0.39; 0.33; 0.24; 0.18; 0.58}
Landmarks found:		0,0	4,11
ModelRef|ModelUpdt|Precision|Recall|F-measure:RSA_BSAFE_Java_6.1.1_server_regular.dot.kiss|GnuTLS_3.3.8_server_regular.dot.kiss|0.087912|0.200000|0.122137
States pair scores:	{0; 0; 0; 0.67; 0; 0; 0; 0; 0.47; 0.27; 0.35; 0; 0.19; 0.36; 0.48; 0.47; 0.27; 0.5; 0.33; 0; 0.18; 0.34; 0.45; 0.27; 0.27; 0.26; 0.33; 0; 0.35; 0.2; 0.45; 0.27; 0.35; 0.33; 0.49; 0; 0.24; 0.27; 0.67; 0.35}
Landmarks found:		0,0	4,6
Highest state pair found:	2,5
ModelRef|ModelUpdt|Precision|Recall|F-measure:RSA_BSAFE_Java_6.1.1_server_regular.dot.kiss|JSSE_1.8.0_25_server_regular.dot.kiss|0.259259|0.350000|0.297872
States pair scores:	{0; 0.67; 0; 0; 0; 0; 0; 0; 0.19; 0; 0.27; 0.33; 0.36; 0.48; 0.47; 0.47; 0.18; 0; 0.49; 0.37; 0.34; 0.45; 0.27; 0.27; 0.35; 0; 0.26; 0.32; 0.2; 0.45; 0.27; 0.27; 0.24; 0; 0.33; 0.46; 0.27; 0.67; 0.35; 0.35}
Landmarks found:		0,0	4,5
Highest state pair found:	2,4
ModelRef|ModelUpdt|Precision|Recall|F-measure:RSA_BSAFE_Java_6.1.1_server_regular.dot.kiss|JSSE_1.8.0_31_server_regular.dot.kiss|0.237288|0.350000|0.282828
States pair scores:	{0.02; 0; 0.64; 0.05; 0.05; 0.02; 0; 0.05; 0.16; 0.02; 0; 0.16; 0.27; 0.38; 0.38; 0.15; 0.27; 0.03; 0; 0.15; 0.14; 0.35; 0.35; 0.32; 0.27; 0.05; 0.04; 0.27; 0.25; 0.35; 0.67; 0.25; 0.22; 0.03; 0; 0.22; 0.2; 0.53; 0.45; 0.2}
Landmarks found:		0,0	4,5	3,6
Highest state pair found:	2,7
Highest state pair found:	1,4
ModelRef|ModelUpdt|Precision|Recall|F-measure:RSA_BSAFE_Java_6.1.1_server_regular.dot.kiss|NSS_3.17.4_server_regular.dot.kiss|0.416667|0.625000|0.500000
States pair scores:	{0.08; 0.21; 0.55; 0; 0; 0; 0; 0; 0; 0; 0; 0; 0; 0.02; 0; 0.02; 0.12; 0; 0; 0.29; 0.36; 0.21; 0.27; 0.29; 0.23; 0.4; 0.29; 0.23; 0.4; 0.27; 0.21; 0.21; 0.13; 0; 0; 0.27; 0.2; 0.4; 0.3; 0.27; 0.36; 0.38; 0.32; 0.36; 0.38; 0.14; 0.4; 0.19; 0.13; 0.05; 0.02; 0.33; 0.4; 0.4; 0.49; 0.52; 0.43; 0.38; 0.52; 0.43; 0.38; 0.3; 0.4; 0.24; 0.1; 0; 0.01; 0.21; 0.32; 0.27; 0.39; 0.41; 0.29; 0.57; 0.36; 0.29; 0.57; 0.24; 0.27; 0.15}
Landmarks found:		0,0	3,7	4,9
Highest state pair found:	2,8
ModelRef|ModelUpdt|Precision|Recall|F-measure:RSA_BSAFE_Java_6.1.1_server_regular.dot.kiss|OpenSSL_1.0.1g_server_regular.dot.kiss|0.196078|0.500000|0.281690
States pair scores:	{0.08; 0.21; 0.55; 0; 0; 0; 0; 0; 0; 0.02; 0; 0.12; 0; 0; 0.39; 0.21; 0.29; 0.29; 0.23; 0.4; 0.29; 0.21; 0.13; 0; 0; 0.21; 0.4; 0.27; 0.27; 0.36; 0.38; 0.15; 0.4; 0.13; 0.05; 0.02; 0.43; 0.4; 0.52; 0.52; 0.43; 0.38; 0.33; 0.4; 0.1; 0; 0.01; 0.29; 0.27; 0.41; 0.41; 0.29; 0.57; 0.21; 0.27}
Landmarks found:		0,0	3,5	4,8
Highest state pair found:	2,7
ModelRef|ModelUpdt|Precision|Recall|F-measure:RSA_BSAFE_Java_6.1.1_server_regular.dot.kiss|OpenSSL_1.0.1j_server_regular.dot.kiss|0.303030|0.500000|0.377358
States pair scores:	{0.08; 0.21; 0.55; 0; 0; 0; 0; 0; 0.02; 0; 0.12; 0; 0; 0.39; 0.21; 0.29; 0.29; 0.3; 0.29; 0.21; 0.13; 0; 0; 0.21; 0.4; 0.27; 0.27; 0.29; 0.15; 0.4; 0.13; 0.05; 0.02; 0.43; 0.4; 0.52; 0.52; 0.56; 0.33; 0.4; 0.1; 0; 0.01; 0.29; 0.27; 0.41; 0.41; 0.38; 0.21; 0.27}
Landmarks found:		0,0	3,5
ModelRef|ModelUpdt|Precision|Recall|F-measure:RSA_BSAFE_Java_6.1.1_server_regular.dot.kiss|OpenSSL_1.0.1l_server_regular.dot.kiss|0.109375|0.175000|0.134615
States pair scores:	{0.08; 0.21; 0.55; 0; 0; 0; 0; 0.12; 0; 0; 0.39; 0.21; 0.29; 0.3; 0.13; 0; 0; 0.21; 0.4; 0.27; 0.29; 0.13; 0.05; 0.02; 0.43; 0.4; 0.52; 0.56; 0.1; 0; 0.01; 0.29; 0.27; 0.41; 0.38}
Landmarks found:		0,0	3,5
ModelRef|ModelUpdt|Precision|Recall|F-measure:RSA_BSAFE_Java_6.1.1_server_regular.dot.kiss|OpenSSL_1.0.2_server_regular.dot.kiss|0.162791|0.175000|0.168675
States pair scores:	{0; 0; 0; 0; 0; 0; 0; 0; 0; 0.31; 0.38; 0.45; 0.02; 0.47; 0.27; 0.38; 0.38; 0.38; 0.48; 0.35; 0.43; 0.03; 0.27; 0.48; 0.35; 0.35; 0.35; 0.48; 0.66; 0.49; 0.03; 0.52; 0.48; 0.57; 0.67; 0.67; 0.38; 0.45; 0.62; 0.02; 0.35; 0.33; 0.53; 0.45; 0.45}
Landmarks found:		0,0	3,4	4,6
Highest state pair found:	2,5
ModelRef|ModelUpdt|Precision|Recall|F-measure:RSA_BSAFE_Java_6.1.1_server_regular.dot.kiss|RSA_BSAFE_C_4.0.4_server_regular.dot.kiss|0.323077|0.525000|0.400000
States pair scores:	{0.67; 0; 0; 0; 0; 0; 0.67; 0.38; 0.38; 0.48; 0; 0.38; 0.67; 0.35; 0.45; 0; 0.38; 0.35; 0.67; 0.45; 0; 0.48; 0.45; 0.45; 0.67}
Landmarks found:		0,0	3,3	4,4	1,1	2,2
ModelRef|ModelUpdt|Precision|Recall|F-measure:RSA_BSAFE_Java_6.1.1_server_regular.dot.kiss|RSA_BSAFE_Java_6.1.1_server_regular.dot.kiss|1.000000|1.000000|1.000000
States pair scores:	{0.05; 0.67; 0.05; 0.05; 0.02; 0.11; 0.31; 0; 0.39; 0.22; 0.29; 0.15; 0.41; 0; 0.22; 0.4; 0.27; 0.22; 0.29; 0; 0.22; 0.2; 0.52; 0.22; 0.38; 0; 0.29; 0.27; 0.35; 0.25}
Landmarks found:		0,0	3,4
ModelRef|ModelUpdt|Precision|Recall|F-measure:RSA_BSAFE_Java_6.1.1_server_regular.dot.kiss|miTLS_0.1.3_server_regular.dot.kiss|0.159091|0.175000|0.166667
States pair scores:	{0.29; 0.05; 0.15; 0.29; 0.2; 0.27; 0.29; 0; 0.67; 0; 0; 0; 0; 0; 0.22; 0.05; 0.2; 0.14; 0.25; 0.2; 0.22; 0.2; 0.05; 0.09; 0.3; 0.13; 0.19; 0.2; 0.52; 0.02; 0.31; 0.38; 0.38; 0.48; 0.52; 0.22; 0.11; 0.1; 0.22; 0.14; 0.25; 0.22}
Landmarks found:		0,0	4,6	1,1
ModelRef|ModelUpdt|Precision|Recall|F-measure:miTLS_0.1.3_server_regular.dot.kiss|GnuTLS_3.3.12_server_regular.dot.kiss|0.400000|0.416667|0.408163
States pair scores:	{0.29; 0.05; 0.16; 0.23; 0.22; 0.15; 0.27; 0.29; 0.29; 0.2; 0.22; 0.38; 0; 0.67; 0; 0; 0; 0; 0; 0; 0; 0; 0; 0; 0.22; 0.05; 0.21; 0.1; 0.27; 0.19; 0.2; 0.22; 0.22; 0.25; 0.09; 0.29; 0.2; 0.05; 0.1; 0.25; 0.14; 0.09; 0.19; 0.2; 0.2; 0.13; 0.23; 0.27; 0.52; 0.02; 0.35; 0.31; 0.41; 0.31; 0.48; 0.52; 0.52; 0.38; 0.29; 0.35; 0.22; 0.11; 0.1; 0.16; 0.15; 0.1; 0.25; 0.28; 0.22; 0.14; 0.15; 0.2}
Landmarks found:		0,0	4,7	1,1
ModelRef|ModelUpdt|Precision|Recall|F-measure:miTLS_0.1.3_server_regular.dot.kiss|GnuTLS_3.3.8_server_regular.dot.kiss|0.222222|0.416667|0.289855
States pair scores:	{0.31; 0.41; 0.38; 0.05; 0.2; 0.35; 0.38; 0.31; 0; 0; 0; 0.67; 0; 0; 0; 0; 0.39; 0.22; 0.29; 0.05; 0.22; 0.3; 0.29; 0.39; 0.22; 0.42; 0.27; 0.05; 0.2; 0.27; 0.27; 0.22; 0.29; 0.27; 0.35; 0.02; 0.38; 0.22; 0.35; 0.29; 0.15; 0.22; 0.25; 0.11; 0.22; 0.16; 0.25; 0.15}
Landmarks found:		0,0	1,3
ModelRef|ModelUpdt|Precision|Recall|F-measure:miTLS_0.1.3_server_regular.dot.kiss|JSSE_1.8.0_25_server_regular.dot.kiss|0.203125|0.270833|0.232143
States pair scores:	{0.2; 0.05; 0.41; 0.35; 0.35; 0.38; 0.31; 0.31; 0; 0.67; 0; 0; 0; 0; 0; 0; 0.22; 0.05; 0.22; 0.27; 0.3; 0.29; 0.39; 0.39; 0.2; 0.05; 0.42; 0.3; 0.27; 0.27; 0.22; 0.22; 0.38; 0.02; 0.27; 0.33; 0.22; 0.35; 0.29; 0.29; 0.22; 0.11; 0.22; 0.23; 0.16; 0.25; 0.15; 0.15}
Landmarks found:		0,0	1,1
ModelRef|ModelUpdt|Precision|Recall|F-measure:miTLS_0.1.3_server_regular.dot.kiss|JSSE_1.8.0_31_server_regular.dot.kiss|0.187500|0.250000|0.214286
States pair scores:	{0.29; 0; 0.05; 0.22; 0.2; 0.48; 0.29; 0.3; 0.02; 0; 0.66; 0.05; 0.05; 0.02; 0; 0.05; 0.11; 0.02; 0.05; 0.14; 0.25; 0.37; 0.22; 0.13; 0.21; 0.04; 0.05; 0.13; 0.13; 0.34; 0.2; 0.3; 0.29; 0.05; 0.07; 0.34; 0.32; 0.44; 0.52; 0.32; 0.2; 0.04; 0.11; 0.14; 0.13; 0.32; 0.22; 0.22}
Landmarks found:		0,0	4,6	1,2
Highest state pair found:	2,5
Highest state pair found:	3,7
Highest state pair found:	5,3
ModelRef|ModelUpdt|Precision|Recall|F-measure:miTLS_0.1.3_server_regular.dot.kiss|NSS_3.17.4_server_regular.dot.kiss|0.542373|0.666667|0.598131
States pair scores:	{0.13; 0.02; 0.02; 0.27; 0.23; 0.33; 0.29; 0.3; 0.36; 0.43; 0.3; 0.36; 0.43; 0.16; 0.33; 0.19; 0.08; 0.21; 0.57; 0; 0; 0; 0; 0; 0; 0; 0; 0; 0; 0.02; 0; 0.02; 0.06; 0.02; 0.02; 0.22; 0.28; 0.16; 0.21; 0.23; 0.17; 0.33; 0.23; 0.17; 0.33; 0.2; 0.16; 0.15; 0.08; 0.02; 0.02; 0.2; 0.15; 0.33; 0.24; 0.21; 0.28; 0.3; 0.26; 0.28; 0.3; 0.09; 0.33; 0.13; 0.14; 0.05; 0.02; 0.36; 0.43; 0.43; 0.52; 0.56; 0.47; 0.4; 0.56; 0.47; 0.4; 0.33; 0.43; 0.27; 0.06; 0.05; 0.1; 0.19; 0.21; 0.24; 0.26; 0.29; 0.27; 0.29; 0.23; 0.27; 0.29; 0.14; 0.24; 0.12}
Landmarks found:		0,0	4,6	1,2
Highest state pair found:	5,1
ModelRef|ModelUpdt|Precision|Recall|F-measure:miTLS_0.1.3_server_regular.dot.kiss|OpenSSL_1.0.1g_server_regular.dot.kiss|0.169811|0.375000|0.233766
States pair scores:	{0.13; 0.02; 0.02; 0.24; 0.33; 0.3; 0.3; 0.36; 0.43; 0.17; 0.33; 0.08; 0.21; 0.57; 0; 0; 0; 0; 0; 0; 0.02; 0; 0.06; 0.02; 0.02; 0.31; 0.16; 0.23; 0.23; 0.17; 0.33; 0.22; 0.16; 0.08; 0.02; 0.02; 0.16; 0.33; 0.21; 0.21; 0.28; 0.3; 0.1; 0.33; 0.14; 0.05; 0.02; 0.47; 0.43; 0.56; 0.56; 0.47; 0.4; 0.36; 0.43; 0.06; 0.05; 0.1; 0.17; 0.24; 0.29; 0.29; 0.27; 0.29; 0.11; 0.24}
Landmarks found:		0,0	4,5	1,2
Highest state pair found:	5,1
ModelRef|ModelUpdt|Precision|Recall|F-measure:miTLS_0.1.3_server_regular.dot.kiss|OpenSSL_1.0.1j_server_regular.dot.kiss|0.253521|0.375000|0.302521
States pair scores:	{0.13; 0.02; 0.02; 0.24; 0.33; 0.3; 0.3; 0.33; 0.17; 0.33; 0.08; 0.21; 0.57; 0; 0; 0; 0; 0; 0.02; 0; 0.06; 0.02; 0.02; 0.31; 0.16; 0.23; 0.23; 0.24; 0.22; 0.16; 0.08; 0.02; 0.02; 0.16; 0.33; 0.21; 0.21; 0.23; 0.1; 0.33; 0.14; 0.05; 0.02; 0.47; 0.43; 0.56; 0.56; 0.61; 0.36; 0.43; 0.06; 0.05; 0.1; 0.17; 0.24; 0.29; 0.29; 0.24; 0.11; 0.24}
Landmarks found:		0,0	4,5	1,2
Highest state pair found:	5,1
ModelRef|ModelUpdt|Precision|Recall|F-measure:miTLS_0.1.3_server_regular.dot.kiss|OpenSSL_1.0.1l_server_regular.dot.kiss|0.281250|0.375000|0.321429
States pair scores:	{0.13; 0.02; 0.02; 0.24; 0.33; 0.3; 0.33; 0.08; 0.21; 0.57; 0; 0; 0; 0; 0.06; 0.02; 0.02; 0.31; 0.16; 0.23; 0.24; 0.08; 0.02; 0.02; 0.16; 0.33; 0.21; 0.23; 0.14; 0.05; 0.02; 0.47; 0.43; 0.56; 0.61; 0.06; 0.05; 0.1; 0.17; 0.24; 0.29; 0.24}
Landmarks found:		0,0	4,5	1,2
Highest state pair found:	5,1
ModelRef|ModelUpdt|Precision|Recall|F-measure:miTLS_0.1.3_server_regular.dot.kiss|OpenSSL_1.0.2_server_regular.dot.kiss|0.418605|0.375000|0.395604
States pair scores:	{0.35; 0.29; 0.35; 0; 0.22; 0.29; 0.29; 0.29; 0.29; 0; 0; 0; 0; 0; 0; 0; 0; 0; 0.16; 0.22; 0.27; 0.02; 0.27; 0.14; 0.22; 0.22; 0.22; 0.27; 0.2; 0.26; 0.04; 0.14; 0.29; 0.2; 0.2; 0.2; 0.36; 0.52; 0.39; 0.04; 0.41; 0.38; 0.44; 0.53; 0.52; 0.26; 0.22; 0.23; 0.02; 0.15; 0.22; 0.28; 0.22; 0.22}
Landmarks found:		0,0	4,1
ModelRef|ModelUpdt|Precision|Recall|F-measure:miTLS_0.1.3_server_regular.dot.kiss|RSA_BSAFE_C_4.0.4_server_regular.dot.kiss|0.164179|0.229167|0.191304
States pair scores:	{0.05; 0.31; 0.41; 0.29; 0.38; 0.67; 0; 0; 0; 0; 0.05; 0.39; 0.22; 0.22; 0.29; 0.05; 0.22; 0.4; 0.2; 0.27; 0.02; 0.29; 0.27; 0.52; 0.35; 0.11; 0.15; 0.22; 0.22; 0.25}
Landmarks found:		0,0	4,3
ModelRef|ModelUpdt|Precision|Recall|F-measure:miTLS_0.1.3_server_regular.dot.kiss|RSA_BSAFE_Java_6.1.1_server_regular.dot.kiss|0.205882|0.145833|0.170732
States pair scores:	{0.67; 0.05; 0.3; 0.4; 0.37; 0.35; 0.05; 0.67; 0.05; 0.05; 0.02; 0.11; 0.3; 0.05; 0.67; 0.35; 0.28; 0.26; 0.4; 0.05; 0.35; 0.67; 0.26; 0.35; 0.37; 0.02; 0.28; 0.26; 0.67; 0.28; 0.35; 0.11; 0.26; 0.35; 0.28; 0.67}
Landmarks found:		0,0	1,1	2,2	3,3	4,4	5,5
ModelRef|ModelUpdt|Precision|Recall|F-measure:miTLS_0.1.3_server_regular.dot.kiss|miTLS_0.1.3_server_regular.dot.kiss|1.000000|1.000000|1.000000
