2019-01-30 13:05:37 INFO Infer_LearnLib |SUL name: OpenSSH.dot.fixed.kiss
2019-01-30 13:05:37 INFO Infer_LearnLib |SUL dir: /home/damascdn/remote_euler/Benchmark/SSH/OpenSSH.dot.fixed.kiss
2019-01-30 13:05:37 INFO Infer_LearnLib |Output dir: /home/damascdn/remote_euler/SSH/20190130_130529_137622733
2019-01-30 13:05:37 INFO Infer_LearnLib |Seed: 1548860737465
2019-01-30 13:05:37 INFO Infer_LearnLib |Cache: Y
2019-01-30 13:05:37 INFO Infer_LearnLib |ClosingStrategy: CloseFirst
2019-01-30 13:05:37 INFO Infer_LearnLib |ObservationTableCEXHandler: RivestSchapire
2019-01-30 13:05:38 INFO Infer_LearnLib |EquivalenceOracle: WpMethodHypEQOracle(2)
2019-01-30 13:05:38 INFO Infer_LearnLib |Method: TTT
2019-01-30 13:05:38 INFO Experiment |Starting round 1
2019-01-30 13:05:38 INFO Experiment |Learning
2019-01-30 13:05:38 INFO Experiment |de.learnlib.algorithms.ttt.mealy.TTTHypothesisMealy@5ae63ade
2019-01-30 13:05:38 INFO Experiment |Searching for counterexample
2019-01-30 13:05:38 INFO Experiment |CH_OPEN CH_CLOSE
2019-01-30 13:05:38 INFO Experiment |Starting round 2
2019-01-30 13:05:38 INFO Experiment |Learning
2019-01-30 13:05:38 INFO Experiment |de.learnlib.algorithms.ttt.mealy.TTTHypothesisMealy@5ae63ade
2019-01-30 13:05:38 INFO Experiment |Searching for counterexample
2019-01-30 13:05:38 INFO Experiment |CH_OPEN CH_CLOSE CH_OPEN CH_CLOSE
2019-01-30 13:05:38 INFO Experiment |Starting round 3
2019-01-30 13:05:38 INFO Experiment |Learning
2019-01-30 13:05:38 INFO Experiment |de.learnlib.algorithms.ttt.mealy.TTTHypothesisMealy@5ae63ade
2019-01-30 13:05:38 INFO Experiment |Searching for counterexample
2019-01-30 13:05:38 INFO Experiment |DEBUG KEX30 KEX30 CH_CLOSE
2019-01-30 13:05:38 INFO Experiment |Starting round 4
2019-01-30 13:05:38 INFO Experiment |Learning
2019-01-30 13:05:38 INFO Experiment |de.learnlib.algorithms.ttt.mealy.TTTHypothesisMealy@5ae63ade
2019-01-30 13:05:38 INFO Experiment |Searching for counterexample
2019-01-30 13:05:38 INFO Experiment |REKEY CH_OPEN SERVICE_REQUEST_AUTH UA_NONE CH_CLOSE
2019-01-30 13:05:38 INFO Experiment |Starting round 5
2019-01-30 13:05:38 INFO Experiment |Learning
2019-01-30 13:05:38 INFO Experiment |de.learnlib.algorithms.ttt.mealy.TTTHypothesisMealy@5ae63ade
2019-01-30 13:05:38 INFO Experiment |Searching for counterexample
2019-01-30 13:05:38 INFO Experiment |REKEY CH_OPEN SERVICE_REQUEST_AUTH UA_PK_NOK CH_CLOSE UA_NONE
2019-01-30 13:05:38 INFO Experiment |Starting round 6
2019-01-30 13:05:38 INFO Experiment |Learning
2019-01-30 13:05:38 INFO Experiment |de.learnlib.algorithms.ttt.mealy.TTTHypothesisMealy@5ae63ade
2019-01-30 13:05:38 INFO Experiment |Searching for counterexample
2019-01-30 13:05:38 INFO Experiment |REKEY CH_OPEN SERVICE_REQUEST_AUTH UA_PK_OK KEXINIT UA_NONE
2019-01-30 13:05:38 INFO Experiment |Starting round 7
2019-01-30 13:05:38 INFO Experiment |Learning
2019-01-30 13:05:38 INFO Experiment |de.learnlib.algorithms.ttt.mealy.TTTHypothesisMealy@5ae63ade
2019-01-30 13:05:38 INFO Experiment |Searching for counterexample
2019-01-30 13:05:38 INFO Experiment |REKEY CH_OPEN SERVICE_REQUEST_AUTH UA_PK_OK KEXINIT KEX30 KEX30
2019-01-30 13:05:38 INFO Experiment |Starting round 8
2019-01-30 13:05:38 INFO Experiment |Learning
2019-01-30 13:05:38 INFO Experiment |de.learnlib.algorithms.ttt.mealy.TTTHypothesisMealy@5ae63ade
2019-01-30 13:05:38 INFO Experiment |Searching for counterexample
2019-01-30 13:05:38 INFO Experiment |REKEY CH_OPEN SERVICE_REQUEST_AUTH UA_PK_OK KEXINIT KEX30 NEWKEYS KEX30
2019-01-30 13:05:38 INFO Experiment |Starting round 9
2019-01-30 13:05:38 INFO Experiment |Learning
2019-01-30 13:05:38 INFO Experiment |de.learnlib.algorithms.ttt.mealy.TTTHypothesisMealy@5ae63ade
2019-01-30 13:05:38 INFO Experiment |Searching for counterexample
2019-01-30 13:05:38 INFO Experiment |REKEY SERVICE_REQUEST_AUTH UA_PK_OK REKEY KEX30
2019-01-30 13:05:38 INFO Experiment |Starting round 10
2019-01-30 13:05:38 INFO Experiment |Learning
2019-01-30 13:05:38 INFO Experiment |de.learnlib.algorithms.ttt.mealy.TTTHypothesisMealy@5ae63ade
2019-01-30 13:05:38 INFO Experiment |Searching for counterexample
2019-01-30 13:05:38 INFO Experiment |REKEY SERVICE_REQUEST_AUTH UA_PK_OK REKEY CH_OPEN KEX30
2019-01-30 13:05:38 INFO Experiment |Starting round 11
2019-01-30 13:05:38 INFO Experiment |Learning
2019-01-30 13:05:38 INFO Experiment |de.learnlib.algorithms.ttt.mealy.TTTHypothesisMealy@5ae63ade
2019-01-30 13:05:38 INFO Experiment |Searching for counterexample
2019-01-30 13:05:38 INFO Experiment |REKEY CH_OPEN SERVICE_REQUEST_AUTH UA_PK_NOK UA_PK_NOK CH_CLOSE
2019-01-30 13:05:38 INFO Experiment |Starting round 12
2019-01-30 13:05:38 INFO Experiment |Learning
2019-01-30 13:05:38 INFO Experiment |de.learnlib.algorithms.ttt.mealy.TTTHypothesisMealy@5ae63ade
2019-01-30 13:05:38 INFO Experiment |Searching for counterexample
2019-01-30 13:05:38 INFO Experiment |REKEY SERVICE_REQUEST_AUTH UA_PK_NOK UA_PK_NOK
2019-01-30 13:05:38 INFO Experiment |Starting round 13
2019-01-30 13:05:38 INFO Experiment |Learning
2019-01-30 13:05:38 INFO Experiment |de.learnlib.algorithms.ttt.mealy.TTTHypothesisMealy@5ae63ade
2019-01-30 13:05:38 INFO Experiment |Searching for counterexample
2019-01-30 13:05:38 INFO Experiment |REKEY SERVICE_REQUEST_AUTH UA_NONE UA_PK_NOK
2019-01-30 13:05:38 INFO Experiment |Starting round 14
2019-01-30 13:05:38 INFO Experiment |Learning
2019-01-30 13:05:38 INFO Experiment |de.learnlib.algorithms.ttt.mealy.TTTHypothesisMealy@5ae63ade
2019-01-30 13:05:38 INFO Experiment |Searching for counterexample
2019-01-30 13:05:38 INFO Experiment |REKEY SERVICE_REQUEST_AUTH UA_NONE CH_OPEN UA_PK_NOK
2019-01-30 13:05:38 INFO Experiment |Starting round 15
2019-01-30 13:05:38 INFO Experiment |Learning
2019-01-30 13:05:38 INFO Experiment |de.learnlib.algorithms.ttt.mealy.TTTHypothesisMealy@5ae63ade
2019-01-30 13:05:38 INFO Experiment |Searching for counterexample
2019-01-30 13:05:38 INFO Experiment |REKEY SERVICE_REQUEST_AUTH UA_PK_OK CH_OPEN REKEY CH_REQUEST_PTY CH_REQUEST_PTY CH_CLOSE
2019-01-30 13:05:38 INFO Experiment |Starting round 16
2019-01-30 13:05:38 INFO Experiment |Learning
2019-01-30 13:05:38 INFO Experiment |de.learnlib.algorithms.ttt.mealy.TTTHypothesisMealy@5ae63ade
2019-01-30 13:05:38 INFO Experiment |Searching for counterexample
2019-01-30 13:05:38 INFO Experiment |REKEY SERVICE_REQUEST_AUTH UA_PK_OK CH_OPEN CH_REQUEST_PTY CH_REQUEST_PTY
2019-01-30 13:05:38 INFO Experiment |Starting round 17
2019-01-30 13:05:38 INFO Experiment |Learning
2019-01-30 13:05:38 INFO Experiment |de.learnlib.algorithms.ttt.mealy.TTTHypothesisMealy@5ae63ade
2019-01-30 13:05:38 INFO Experiment |Searching for counterexample
2019-01-30 13:05:39 INFO Experiment |REKEY SERVICE_REQUEST_AUTH UA_PK_OK CH_OPEN REKEY KEXINIT KEX30 NEWKEYS CH_CLOSE
2019-01-30 13:05:39 INFO Experiment |Starting round 18
2019-01-30 13:05:39 INFO Experiment |Learning
2019-01-30 13:05:39 INFO Experiment |de.learnlib.algorithms.ttt.mealy.TTTHypothesisMealy@5ae63ade
2019-01-30 13:05:39 INFO Experiment |Searching for counterexample
2019-01-30 13:05:41 INFO Experiment |REKEY SERVICE_REQUEST_AUTH UA_PK_OK REKEY KEXINIT KEX30 NEWKEYS CH_OPEN
2019-01-30 13:05:41 INFO Experiment |Starting round 19
2019-01-30 13:05:41 INFO Experiment |Learning
2019-01-30 13:05:41 INFO Experiment |de.learnlib.algorithms.ttt.mealy.TTTHypothesisMealy@5ae63ade
2019-01-30 13:05:41 INFO Experiment |Searching for counterexample
2019-01-30 13:05:41 INFO Experiment |REKEY SERVICE_REQUEST_AUTH UA_PK_OK CH_OPEN CH_REQUEST_PTY KEXINIT KEX30 NEWKEYS CH_REQUEST_PTY
2019-01-30 13:05:41 INFO Experiment |Starting round 20
2019-01-30 13:05:41 INFO Experiment |Learning
2019-01-30 13:05:41 INFO Experiment |de.learnlib.algorithms.ttt.mealy.TTTHypothesisMealy@5ae63ade
2019-01-30 13:05:41 INFO Experiment |Searching for counterexample
2019-01-30 13:05:41 INFO Infer_LearnLib |Rounds: 20
2019-01-30 13:05:41 INFO Infer_LearnLib |MQ [resets]: 2299
2019-01-30 13:05:41 INFO Infer_LearnLib |MQ [symbols]: 15786
2019-01-30 13:05:41 INFO Infer_LearnLib |EQ [resets]: 340714
2019-01-30 13:05:41 INFO Infer_LearnLib |EQ [symbols]: 2499724
2019-01-30 13:05:41 INFO SimpleProfiler |Learning [ms]: 76
2019-01-30 13:05:41 INFO SimpleProfiler |Searching for counterexample [ms]: 3818
2019-01-30 13:05:41 INFO Infer_LearnLib |Qsize: 31
2019-01-30 13:05:41 INFO Infer_LearnLib |Isize: 22
2019-01-30 13:05:41 INFO Infer_LearnLib |Equivalent: OK
2019-01-30 13:05:41 INFO Infer_LearnLib |Info: N/A
