2019-06-04 11:26:46 INFO Infer_LearnLib |SUL name: wipeSystem_perm.txt
2019-06-04 11:26:46 INFO Infer_LearnLib |SUL dir: /var/autofs/home/home/cdnd1/git/DynamicLstarM/mealyInference/./experiments_swipeMachine/wipeSystem_perm.txt
2019-06-04 11:26:46 INFO Infer_LearnLib |Output dir: ./experiments_swipeMachine
2019-06-04 11:26:46 INFO Infer_LearnLib |Seed: 1
2019-06-04 11:26:46 INFO Infer_LearnLib |Cache: Y
2019-06-04 11:26:46 INFO Infer_LearnLib |ClosingStrategy: CloseFirst
2019-06-04 11:26:46 INFO Infer_LearnLib |ObservationTableCEXHandler: RivestSchapire
2019-06-04 11:26:46 INFO Infer_LearnLib |EquivalenceOracle: WMethodQsizeEQOracle(2)
2019-06-04 11:26:46 INFO Infer_LearnLib |Method: DL*M_v0
2019-06-04 11:26:46 INFO Infer_LearnLib |Revalidate OT
2019-06-04 11:26:46 INFO Infer_LearnLib |Reading OT: reused.ot
2019-06-04 11:26:46 INFO Infer_LearnLib |Revalidate OT
2019-06-04 11:26:46 INFO Infer_LearnLib |revalidateOT2: Begin
2019-06-04 11:26:46 INFO Infer_LearnLib |revalidate using GenericObservationTable: Begin
2019-06-04 11:26:46 INFO Infer_LearnLib |revalidate using GenericObservationTable: Stop learning
2019-06-04 11:26:46 INFO Infer_LearnLib |revalidateOT2: Started to search well-formed cover set
2019-06-04 11:26:46 INFO Infer_LearnLib |revalidateOT2: Ended to search well-formed cover set
2019-06-04 11:26:46 INFO Infer_LearnLib |revalidateOT2: Started to copy well-formed cover set
2019-06-04 11:26:46 INFO Infer_LearnLib |revalidateOT2: Ended to copy well-formed cover set
2019-06-04 11:26:46 INFO Infer_LearnLib |revalidateOT2: Started to search experiment cover set
2019-06-04 11:26:46 INFO Infer_LearnLib |revalidateOT2: Ended to search experiment cover set
2019-06-04 11:26:46 INFO Infer_LearnLib |revalidateOT2: Started to copy experiment cover set
2019-06-04 11:26:46 INFO Infer_LearnLib |revalidateOT2: Ended to copy experiment cover set
2019-06-04 11:26:46 INFO Infer_LearnLib |revalidateOT2: End
2019-06-04 11:26:46 INFO Infer_LearnLib |
+============================================+======+============+============+===========+
|                                            | rain | switchIntv | switchPerm | rain rain |
+============================================+======+============+============+===========+
| ε                                          | 0    | 1          | 1          | 0 0       |
+--------------------------------------------+------+------------+------------+-----------+
| switchIntv                                 | 1    | 0          | 1          | 1 0       |
+--------------------------------------------+------+------------+------------+-----------+
| switchIntv rain                            | 0    | 1          | 0          | 0 1       |
+--------------------------------------------+------+------------+------------+-----------+
| switchIntv rain rain                       | 1    | 0          | 1          | 1 0       |
+--------------------------------------------+------+------------+------------+-----------+
| switchIntv rain rain switchIntv            | 0    | 1          | 1          | 0 0       |
+--------------------------------------------+------+------------+------------+-----------+
| rain                                       | 0    | 1          | 1          | 0 0       |
+============================================+======+============+============+===========+
| switchPerm                                 | 0    | 1          | 0          | 0 0       |
+--------------------------------------------+------+------------+------------+-----------+
| switchIntv switchIntv                      | 0    | 1          | 1          | 0 0       |
+--------------------------------------------+------+------------+------------+-----------+
| switchIntv switchPerm                      | 0    | 1          | 0          | 0 0       |
+--------------------------------------------+------+------------+------------+-----------+
| switchIntv rain switchIntv                 | 0    | 1          | 0          | 0 1       |
+--------------------------------------------+------+------------+------------+-----------+
| switchIntv rain switchPerm                 | 0    | 1          | 0          | 0 1       |
+--------------------------------------------+------+------------+------------+-----------+
| switchIntv rain rain rain                  | 0    | 1          | 0          | 0 1       |
+--------------------------------------------+------+------------+------------+-----------+
| switchIntv rain rain switchPerm            | 0    | 1          | 0          | 0 0       |
+--------------------------------------------+------+------------+------------+-----------+
| switchIntv rain rain switchIntv rain       | 0    | 1          | 1          | 0 0       |
+--------------------------------------------+------+------------+------------+-----------+
| switchIntv rain rain switchIntv switchIntv | 1    | 0          | 1          | 1 0       |
+--------------------------------------------+------+------------+------------+-----------+
| switchIntv rain rain switchIntv switchPerm | 0    | 1          | 0          | 0 0       |
+--------------------------------------------+------+------------+------------+-----------+
| rain rain                                  | 0    | 1          | 1          | 0 0       |
+--------------------------------------------+------+------------+------------+-----------+
| rain switchIntv                            | 1    | 0          | 1          | 1 0       |
+--------------------------------------------+------+------------+------------+-----------+
| rain switchPerm                            | 0    | 1          | 0          | 0 0       |
+============================================+======+============+============+===========+

2019-06-04 11:26:46 INFO Infer_LearnLib |Reused prefixes: 3/6
2019-06-04 11:26:46 INFO Infer_LearnLib |Reused suffixes: 1/4
2019-06-04 11:26:46 INFO Infer_LearnLib |Reused queries [resets]: 70
2019-06-04 11:26:46 INFO Infer_LearnLib |Reused queries [symbols]: 276
2019-06-04 11:26:46 INFO Experiment |Starting round 1
2019-06-04 11:26:46 INFO Experiment |Learning
2019-06-04 11:26:46 INFO Experiment |net.automatalib.automata.transout.impl.compact.CompactMealy@72c8e7b
2019-06-04 11:26:46 INFO Experiment |Searching for counterexample
2019-06-04 11:26:46 INFO Experiment |switchPerm switchPerm
2019-06-04 11:26:46 INFO Experiment |Starting round 2
2019-06-04 11:26:46 INFO Experiment |Learning
2019-06-04 11:26:47 INFO Experiment |net.automatalib.automata.transout.impl.compact.CompactMealy@72c8e7b
2019-06-04 11:26:47 INFO Experiment |Searching for counterexample
2019-06-04 11:26:47 INFO Infer_LearnLib |Rounds: 2
2019-06-04 11:26:47 INFO Infer_LearnLib |MQ [resets]: 76
2019-06-04 11:26:47 INFO Infer_LearnLib |MQ [symbols]: 297
2019-06-04 11:26:47 INFO Infer_LearnLib |EQ [resets]: 321
2019-06-04 11:26:47 INFO Infer_LearnLib |EQ [symbols]: 1650
2019-06-04 11:26:47 INFO SimpleProfiler |Learning [ms]: 120
2019-06-04 11:26:47 INFO SimpleProfiler |Searching for counterexample [ms]: 26
2019-06-04 11:26:47 INFO Infer_LearnLib |Qsize: 4
2019-06-04 11:26:47 INFO Infer_LearnLib |Isize: 3
2019-06-04 11:26:47 INFO Infer_LearnLib |Equivalent: OK
2019-06-04 11:26:47 INFO Infer_LearnLib |Info: N/A
2019-06-04 11:26:47 INFO Infer_LearnLib |
+============================+===========+============+
|                            | rain rain | switchPerm |
+============================+===========+============+
| ε                          | 0 0       | 1          |
+----------------------------+-----------+------------+
| switchIntv                 | 1 0       | 1          |
+----------------------------+-----------+------------+
| switchIntv rain            | 0 1       | 0          |
+----------------------------+-----------+------------+
| switchPerm                 | 0 0       | 0          |
+============================+===========+============+
| rain                       | 0 0       | 1          |
+----------------------------+-----------+------------+
| switchIntv rain switchPerm | 0 1       | 0          |
+----------------------------+-----------+------------+
| switchIntv switchIntv      | 0 0       | 1          |
+----------------------------+-----------+------------+
| switchIntv switchPerm      | 0 0       | 0          |
+----------------------------+-----------+------------+
| switchIntv rain rain       | 1 0       | 1          |
+----------------------------+-----------+------------+
| switchIntv rain switchIntv | 0 1       | 0          |
+----------------------------+-----------+------------+
| switchPerm rain            | 0 0       | 0          |
+----------------------------+-----------+------------+
| switchPerm switchIntv      | 1 0       | 1          |
+----------------------------+-----------+------------+
| switchPerm switchPerm      | 0 0       | 1          |
+============================+===========+============+

